[0/2] Re-checking globbed directories...
[1/7823] Generating ../lit.cfg
[2/7823] Generating __init__.py
[3/7823] Generating modules/__init__.py
[4/7823] Generating modules/codesize.py
[5/7823] Generating modules/compiletime.py
[6/7823] Generating modules/hash.py
[7/7823] Generating modules/hpmcount.py
[8/7823] [TEST_SUITE_HOST_CC] Compiling host source timeit.c
[9/7823] Generating modules/microbenchmark.py
[10/7823] Generating modules/perf.py
[11/7823] Generating modules/profilegen.py
[12/7823] Generating modules/remote.py
[13/7823] Generating modules/run.py
[14/7823] Generating modules/run_under.py
[15/7823] Generating modules/stats.py
[16/7823] Generating modules/timeit.py
[17/7823] Generating shellcommand.py
[18/7823] Generating test.py
[19/7823] [TEST_SUITE_HOST_CC] Compiling host source fpcmp.c
[20/7823] [TEST_SUITE_HOST_CC] Linking host executable fpcmp
[21/7823] Generating HashProgramOutput.sh
[22/7823] [TEST_SUITE_HOST_CC] Linking host executable timeit
[23/7823] Building C object tools/CMakeFiles/timeit-target.dir/timeit.c.o
[24/7823] Linking C executable tools/timeit-target
[25/7823] Building CXX object tools/CMakeFiles/not.dir/not.cpp.o
[26/7823] Building C object tools/CMakeFiles/fpcmp-target.dir/fpcmp.c.o
[27/7823] Linking CXX executable tools/not
[28/7823] Linking C executable tools/fpcmp-target
[29/7823] Generating testfile.py
[30/7823] Generating testplan.py
[31/7823] Generating lua test inputs
[32/7823] Building CXX object Bitcode/Benchmarks/Halide/blur/CMakeFiles/halide_blur.dir/__/common/x86_halide_runtime.bc.o
[33/7823] Building CXX object Bitcode/Benchmarks/Halide/blur/CMakeFiles/halide_blur.dir/halide_blur.bc.o
[34/7823] Building CXX object Bitcode/Regression/vector_widen/CMakeFiles/widen_bug.dir/driver.cpp.o
[35/7823] Building CXX object Bitcode/Benchmarks/Halide/blur/CMakeFiles/halide_blur.dir/driver.cpp.o
[36/7823] Linking CXX executable Bitcode/Benchmarks/Halide/blur/halide_blur
[37/7823] Building CXX object Bitcode/Regression/vector_widen/CMakeFiles/widen_bug.dir/vector_widen.bc.o
[38/7823] Building CXX object Bitcode/Regression/fft/CMakeFiles/fft.dir/driver.cpp.o
[39/7823] Building CXX object Bitcode/Regression/vector_widen/CMakeFiles/widen_bug.dir/halide_runtime.bc.o
[40/7823] Linking CXX executable Bitcode/Regression/vector_widen/widen_bug
[41/7823] Building CXX object Bitcode/Regression/fft/CMakeFiles/fft.dir/modules/FftConvolve128x128xCHalide.bc.o
[42/7823] Building CXX object Bitcode/Regression/fft/CMakeFiles/fft.dir/x86_17.06.19_halide_runtime.bc.o
[43/7823] Building CXX object Bitcode/Regression/fft/CMakeFiles/fft.dir/modules/FftConvolve128x128xCHalide_x86_64_linux_avx_avx2_c_plus_plus_name_mangling_fma_no_runtime_sse41.bc.o
[44/7823] Building CXX object Bitcode/Regression/fft/CMakeFiles/fft.dir/modules/FftConvolve128x128xCHalide_x86_64_linux_avx_c_plus_plus_name_mangling_no_runtime_sse41.bc.o
[45/7823] Building CXX object Bitcode/Regression/fft/CMakeFiles/fft.dir/modules/FftConvolve128x128xCHalide_x86_64_linux_c_plus_plus_name_mangling_no_runtime.bc.o
[46/7823] Building CXX object Bitcode/Regression/fft/CMakeFiles/fft.dir/modules/FftConvolve128x128xCZHalide.bc.o
[47/7823] Building CXX object Bitcode/Regression/fft/CMakeFiles/fft.dir/modules/FftConvolve128x128xCHalide_x86_64_linux_c_plus_plus_name_mangling_no_runtime_sse41.bc.o
[48/7823] Building CXX object Bitcode/Regression/fft/CMakeFiles/fft.dir/modules/FftConvolve128x128xCZHalide_x86_64_linux_avx_avx2_c_plus_plus_name_mangling_fma_no_runtime_sse41.bc.o
[49/7823] Building CXX object Bitcode/Benchmarks/Halide/local_laplacian/CMakeFiles/halide_local_laplacian.dir/__/common/x86_halide_runtime.bc.o
[50/7823] Building CXX object Bitcode/Benchmarks/Halide/local_laplacian/CMakeFiles/halide_local_laplacian.dir/driver.cpp.o
[51/7823] Building CXX object Bitcode/Benchmarks/Halide/bilateral_grid/CMakeFiles/halide_bilateral_grid.dir/driver.cpp.o
[52/7823] Building CXX object Bitcode/Benchmarks/Halide/bilateral_grid/CMakeFiles/halide_bilateral_grid.dir/__/common/x86_halide_runtime.bc.o
[53/7823] Building CXX object Bitcode/Benchmarks/Halide/bilateral_grid/CMakeFiles/halide_bilateral_grid.dir/bilateral_grid.bc.o
[54/7823] Linking CXX executable Bitcode/Benchmarks/Halide/bilateral_grid/halide_bilateral_grid
[55/7823] Building CXX object Bitcode/Regression/fft/CMakeFiles/fft.dir/modules/FftConvolve128x128xCZHalide_x86_64_linux_avx_c_plus_plus_name_mangling_no_runtime_sse41.bc.o
[56/7823] Building CXX object Bitcode/Benchmarks/Halide/local_laplacian/CMakeFiles/halide_local_laplacian.dir/local_laplacian.bc.o
[57/7823] Linking CXX executable Bitcode/Benchmarks/Halide/local_laplacian/halide_local_laplacian
[58/7823] Building CXX object Bitcode/Regression/fft/CMakeFiles/fft.dir/modules/FftConvolve128x128xCZHalide_x86_64_linux_c_plus_plus_name_mangling_no_runtime.bc.o
[59/7823] Building CXX object Bitcode/Regression/fft/CMakeFiles/fft.dir/modules/FftConvolve128x128xRHalide.bc.o
[60/7823] Building CXX object Bitcode/Regression/fft/CMakeFiles/fft.dir/modules/FftConvolve128x128xCZHalide_x86_64_linux_c_plus_plus_name_mangling_no_runtime_sse41.bc.o
[61/7823] Building CXX object Bitcode/Regression/fft/CMakeFiles/fft.dir/modules/FftConvolve128x128xRHalide_x86_64_linux_avx_avx2_c_plus_plus_name_mangling_fma_no_runtime_sse41.bc.o
[62/7823] Building CXX object Bitcode/Regression/fft/CMakeFiles/fft.dir/modules/FftConvolve128x128xRHalide_x86_64_linux_avx_c_plus_plus_name_mangling_no_runtime_sse41.bc.o
[63/7823] Building CXX object Bitcode/Regression/fft/CMakeFiles/fft.dir/modules/FftConvolve128x128xRHalide_x86_64_linux_c_plus_plus_name_mangling_no_runtime.bc.o
[64/7823] Building CXX object Bitcode/Regression/fft/CMakeFiles/fft.dir/modules/FftConvolve128x128xRZHalide.bc.o
[65/7823] Building CXX object Bitcode/Regression/fft/CMakeFiles/fft.dir/modules/FftConvolve128x128xRHalide_x86_64_linux_c_plus_plus_name_mangling_no_runtime_sse41.bc.o
[66/7823] Building CXX object Bitcode/Regression/fft/CMakeFiles/fft.dir/modules/FftConvolve128x128xRZHalide_x86_64_linux_avx_avx2_c_plus_plus_name_mangling_fma_no_runtime_sse41.bc.o
[67/7823] Building CXX object Bitcode/Regression/fft/CMakeFiles/fft.dir/modules/FftConvolve128x128xRZHalide_x86_64_linux_avx_c_plus_plus_name_mangling_no_runtime_sse41.bc.o
[68/7823] Building CXX object Bitcode/Regression/fft/CMakeFiles/fft.dir/modules/FftConvolve128x128xRZHalide_x86_64_linux_c_plus_plus_name_mangling_no_runtime.bc.o
[69/7823] Building CXX object Bitcode/Regression/fft/CMakeFiles/fft.dir/modules/FftConvolve16x16xCHalide.bc.o
[70/7823] Building CXX object Bitcode/Regression/fft/CMakeFiles/fft.dir/modules/FftConvolve128x128xRZHalide_x86_64_linux_c_plus_plus_name_mangling_no_runtime_sse41.bc.o
[71/7823] Building CXX object Bitcode/Regression/fft/CMakeFiles/fft.dir/modules/FftConvolve16x16xCHalide_x86_64_linux_avx_avx2_c_plus_plus_name_mangling_fma_no_runtime_sse41.bc.o
[72/7823] Building CXX object Bitcode/Regression/fft/CMakeFiles/fft.dir/modules/FftConvolve16x16xCHalide_x86_64_linux_avx_c_plus_plus_name_mangling_no_runtime_sse41.bc.o
[73/7823] Building CXX object Bitcode/Regression/fft/CMakeFiles/fft.dir/modules/FftConvolve16x16xCHalide_x86_64_linux_c_plus_plus_name_mangling_no_runtime.bc.o
[74/7823] Building CXX object Bitcode/Regression/fft/CMakeFiles/fft.dir/modules/FftConvolve16x16xCZHalide.bc.o
[75/7823] Building CXX object Bitcode/Regression/fft/CMakeFiles/fft.dir/modules/FftConvolve16x16xCHalide_x86_64_linux_c_plus_plus_name_mangling_no_runtime_sse41.bc.o
[76/7823] Building CXX object Bitcode/Regression/fft/CMakeFiles/fft.dir/modules/FftConvolve16x16xCZHalide_x86_64_linux_avx_avx2_c_plus_plus_name_mangling_fma_no_runtime_sse41.bc.o
[77/7823] Building CXX object Bitcode/Regression/fft/CMakeFiles/fft.dir/modules/FftConvolve16x16xCZHalide_x86_64_linux_avx_c_plus_plus_name_mangling_no_runtime_sse41.bc.o
[78/7823] Building CXX object Bitcode/Regression/fft/CMakeFiles/fft.dir/modules/FftConvolve16x16xCZHalide_x86_64_linux_c_plus_plus_name_mangling_no_runtime.bc.o
[79/7823] Building CXX object Bitcode/Regression/fft/CMakeFiles/fft.dir/modules/FftConvolve16x16xRHalide.bc.o
[80/7823] Building CXX object Bitcode/Regression/fft/CMakeFiles/fft.dir/modules/FftConvolve16x16xCZHalide_x86_64_linux_c_plus_plus_name_mangling_no_runtime_sse41.bc.o
[81/7823] Building CXX object Bitcode/Regression/fft/CMakeFiles/fft.dir/modules/FftConvolve16x16xRHalide_x86_64_linux_avx_avx2_c_plus_plus_name_mangling_fma_no_runtime_sse41.bc.o
[82/7823] Building CXX object Bitcode/Regression/fft/CMakeFiles/fft.dir/modules/FftConvolve16x16xRHalide_x86_64_linux_avx_c_plus_plus_name_mangling_no_runtime_sse41.bc.o
[83/7823] Building CXX object Bitcode/Regression/fft/CMakeFiles/fft.dir/modules/FftConvolve16x16xRHalide_x86_64_linux_c_plus_plus_name_mangling_no_runtime.bc.o
[84/7823] Building CXX object Bitcode/Regression/fft/CMakeFiles/fft.dir/modules/FftConvolve16x16xRZHalide.bc.o
[85/7823] Building CXX object Bitcode/Regression/fft/CMakeFiles/fft.dir/modules/FftConvolve16x16xRHalide_x86_64_linux_c_plus_plus_name_mangling_no_runtime_sse41.bc.o
[86/7823] Building CXX object Bitcode/Regression/fft/CMakeFiles/fft.dir/modules/FftConvolve16x16xRZHalide_x86_64_linux_avx_avx2_c_plus_plus_name_mangling_fma_no_runtime_sse41.bc.o
[87/7823] Building CXX object Bitcode/Regression/fft/CMakeFiles/fft.dir/modules/FftConvolve16x16xRZHalide_x86_64_linux_avx_c_plus_plus_name_mangling_no_runtime_sse41.bc.o
[88/7823] Building CXX object Bitcode/Regression/fft/CMakeFiles/fft.dir/modules/FftConvolve16x16xRZHalide_x86_64_linux_c_plus_plus_name_mangling_no_runtime.bc.o
[89/7823] Building CXX object Bitcode/Regression/fft/CMakeFiles/fft.dir/modules/FftConvolve256x256xCHalide.bc.o
[90/7823] Building CXX object Bitcode/simd_ops/CMakeFiles/simd_ops_test_op_addpd_190.dir/x86_scalar_tests/scalar_test_op_addpd_190.bc.o
[91/7823] Building CXX object Bitcode/Regression/fft/CMakeFiles/fft.dir/modules/FftConvolve16x16xRZHalide_x86_64_linux_c_plus_plus_name_mangling_no_runtime_sse41.bc.o
[92/7823] Building CXX object Bitcode/simd_ops/CMakeFiles/simd_ops_test_op_addpd_205.dir/x86_tests/test_op_addpd_205.bc.o
[93/7823] Building CXX object Bitcode/simd_ops/CMakeFiles/simd_ops_test_op_addpd_205.dir/x86_scalar_tests/scalar_test_op_addpd_205.bc.o
[94/7823] Building CXX object Bitcode/simd_ops/CMakeFiles/simd_ops_test_op_addpd_205.dir/x86_halide_runtime.bc.o
[95/7823] Building CXX object Bitcode/simd_ops/CMakeFiles/simd_ops_test_op_addpd_220.dir/x86_tests/test_op_addpd_220.bc.o
[96/7823] Building CXX object Bitcode/simd_ops/CMakeFiles/simd_ops_test_op_addpd_220.dir/x86_scalar_tests/scalar_test_op_addpd_220.bc.o
[97/7823] Building CXX object Bitcode/simd_ops/CMakeFiles/simd_ops_test_op_addpd_220.dir/x86_halide_runtime.bc.o
[98/7823] Building CXX object Bitcode/simd_ops/CMakeFiles/simd_ops_test_op_addps_117.dir/x86_tests/test_op_addps_117.bc.o
[99/7823] Building CXX object Bitcode/simd_ops/CMakeFiles/simd_ops_test_op_addps_117.dir/x86_scalar_tests/scalar_test_op_addps_117.bc.o
[100/7823] Building CXX object Bitcode/simd_ops/CMakeFiles/simd_ops_test_op_addps_117.dir/x86_halide_runtime.bc.o
[101/7823] Building CXX object Bitcode/simd_ops/CMakeFiles/simd_ops_test_op_addps_165.dir/x86_tests/test_op_addps_165.bc.o
[102/7823] Building CXX object Bitcode/simd_ops/CMakeFiles/simd_ops_test_op_addps_165.dir/x86_scalar_tests/scalar_test_op_addps_165.bc.o
[103/7823] Building CXX object Bitcode/simd_ops/CMakeFiles/simd_ops_test_op_addps_165.dir/x86_halide_runtime.bc.o
[104/7823] Building CXX object Bitcode/simd_ops/CMakeFiles/simd_ops_test_op_addps_21.dir/x86_tests/test_op_addps_21.bc.o
[105/7823] Building CXX object Bitcode/simd_ops/CMakeFiles/simd_ops_test_op_addps_21.dir/x86_scalar_tests/scalar_test_op_addps_21.bc.o
[106/7823] Building CXX object Bitcode/simd_ops/CMakeFiles/simd_ops_test_op_addps_21.dir/x86_halide_runtime.bc.o
[107/7823] Building CXX object Bitcode/simd_ops/CMakeFiles/simd_ops_test_op_addps_69.dir/x86_tests/test_op_addps_69.bc.o
[108/7823] Building CXX object Bitcode/simd_ops/CMakeFiles/simd_ops_test_op_addps_69.dir/x86_scalar_tests/scalar_test_op_addps_69.bc.o
[109/7823] Building CXX object Bitcode/simd_ops/CMakeFiles/simd_ops_test_op_addps_69.dir/x86_halide_runtime.bc.o
[110/7823] Building CXX object Bitcode/simd_ops/CMakeFiles/simd_ops_test_op_andps_186.dir/x86_tests/test_op_andps_186.bc.o
[111/7823] Building CXX object Bitcode/simd_ops/CMakeFiles/simd_ops_test_op_andps_186.dir/x86_scalar_tests/scalar_test_op_andps_186.bc.o
[112/7823] Building CXX object Bitcode/simd_ops/CMakeFiles/simd_ops_test_op_andps_186.dir/x86_halide_runtime.bc.o
[113/7823] Building CXX object Bitcode/simd_ops/CMakeFiles/simd_ops_test_op_blendvpd_254.dir/x86_tests/test_op_blendvpd_254.bc.o
[114/7823] Building CXX object Bitcode/simd_ops/CMakeFiles/simd_ops_test_op_blendvpd_254.dir/x86_scalar_tests/scalar_test_op_blendvpd_254.bc.o
[115/7823] Building CXX object Bitcode/simd_ops/CMakeFiles/simd_ops_test_op_blendvpd_254.dir/x86_halide_runtime.bc.o
[116/7823] Building CXX object Bitcode/simd_ops/CMakeFiles/simd_ops_test_op_blendvpd_277.dir/x86_tests/test_op_blendvpd_277.bc.o
[117/7823] Building CXX object Bitcode/simd_ops/CMakeFiles/simd_ops_test_op_blendvpd_277.dir/x86_scalar_tests/scalar_test_op_blendvpd_277.bc.o
[118/7823] Building CXX object Bitcode/simd_ops/CMakeFiles/simd_ops_test_op_blendvpd_277.dir/x86_halide_runtime.bc.o
[119/7823] Building CXX object Bitcode/simd_ops/CMakeFiles/simd_ops_test_op_blendvpd_300.dir/x86_tests/test_op_blendvpd_300.bc.o
[120/7823] Building CXX object Bitcode/simd_ops/CMakeFiles/simd_ops_test_op_blendvpd_300.dir/x86_scalar_tests/scalar_test_op_blendvpd_300.bc.o
[121/7823] Building CXX object Bitcode/simd_ops/CMakeFiles/simd_ops_test_op_blendvpd_300.dir/x86_halide_runtime.bc.o
[122/7823] Building CXX object Bitcode/simd_ops/CMakeFiles/simd_ops_test_op_blendvps_253.dir/x86_tests/test_op_blendvps_253.bc.o
[123/7823] Building CXX object Bitcode/simd_ops/CMakeFiles/simd_ops_test_op_blendvps_253.dir/x86_scalar_tests/scalar_test_op_blendvps_253.bc.o
[124/7823] Building CXX object Bitcode/simd_ops/CMakeFiles/simd_ops_test_op_blendvps_253.dir/x86_halide_runtime.bc.o
[125/7823] Building CXX object Bitcode/simd_ops/CMakeFiles/simd_ops_test_op_blendvps_276.dir/x86_tests/test_op_blendvps_276.bc.o
[126/7823] Building CXX object Bitcode/simd_ops/CMakeFiles/simd_ops_test_op_blendvps_276.dir/x86_scalar_tests/scalar_test_op_blendvps_276.bc.o
[127/7823] Building CXX object Bitcode/simd_ops/CMakeFiles/simd_ops_test_op_blendvps_276.dir/x86_halide_runtime.bc.o
[128/7823] Building CXX object Bitcode/simd_ops/CMakeFiles/simd_ops_test_op_blendvps_299.dir/x86_tests/test_op_blendvps_299.bc.o
[129/7823] Building CXX object Bitcode/simd_ops/CMakeFiles/simd_ops_test_op_blendvps_299.dir/x86_scalar_tests/scalar_test_op_blendvps_299.bc.o
[130/7823] Building CXX object Bitcode/simd_ops/CMakeFiles/simd_ops_test_op_cmpeqpd_197.dir/x86_halide_runtime.bc.o
[131/7823] Building CXX object Bitcode/simd_ops/CMakeFiles/simd_ops_test_op_cmpeqpd_197.dir/x86_tests/test_op_cmpeqpd_197.bc.o
[132/7823] Building CXX object Bitcode/simd_ops/CMakeFiles/simd_ops_test_op_blendvps_299.dir/x86_halide_runtime.bc.o
[133/7823] Building CXX object Bitcode/simd_ops/CMakeFiles/simd_ops_test_op_cmpeqpd_197.dir/x86_scalar_tests/scalar_test_op_cmpeqpd_197.bc.o
[134/7823] Building CXX object Bitcode/simd_ops/CMakeFiles/simd_ops_test_op_cmpeqpd_212.dir/x86_tests/test_op_cmpeqpd_212.bc.o
[135/7823] Building CXX object Bitcode/simd_ops/CMakeFiles/simd_ops_test_op_cmpeqpd_212.dir/x86_scalar_tests/scalar_test_op_cmpeqpd_212.bc.o
[136/7823] Building CXX object Bitcode/simd_ops/CMakeFiles/simd_ops_test_op_cmpeqpd_212.dir/x86_halide_runtime.bc.o
[137/7823] Building CXX object Bitcode/simd_ops/CMakeFiles/simd_ops_test_op_cmpeqpd_227.dir/x86_tests/test_op_cmpeqpd_227.bc.o
[138/7823] Building CXX object Bitcode/simd_ops/CMakeFiles/simd_ops_test_op_cmpeqpd_227.dir/x86_scalar_tests/scalar_test_op_cmpeqpd_227.bc.o
[139/7823] Building CXX object Bitcode/simd_ops/CMakeFiles/simd_ops_test_op_cmpeqpd_227.dir/x86_halide_runtime.bc.o
[140/7823] Building CXX object Bitcode/simd_ops/CMakeFiles/simd_ops_test_op_cmpeqps_136.dir/x86_tests/test_op_cmpeqps_136.bc.o
[141/7823] Building CXX object Bitcode/simd_ops/CMakeFiles/simd_ops_test_op_cmpeqps_136.dir/x86_scalar_tests/scalar_test_op_cmpeqps_136.bc.o
[142/7823] Building CXX object Bitcode/simd_ops/CMakeFiles/simd_ops_test_op_cmpeqps_136.dir/x86_halide_runtime.bc.o
[143/7823] Building CXX object Bitcode/simd_ops/CMakeFiles/simd_ops_test_op_vpminsb_393.dir/x86_tests/test_op_vpminsb_393.bc.o
[144/7823] Building CXX object Bitcode/simd_ops/CMakeFiles/simd_ops_test_op_vpminsb_393.dir/x86_halide_runtime.bc.o
[145/7823] Building CXX object Bitcode/simd_ops/CMakeFiles/simd_ops_test_op_vpminsb_393.dir/x86_scalar_tests/scalar_test_op_vpminsb_393.bc.o
[146/7823] Building CXX object Bitcode/simd_ops/CMakeFiles/simd_ops_test_op_vpminsd_399.dir/x86_tests/test_op_vpminsd_399.bc.o
[147/7823] Building CXX object Bitcode/simd_ops/CMakeFiles/simd_ops_test_op_vpminsd_399.dir/x86_scalar_tests/scalar_test_op_vpminsd_399.bc.o
[148/7823] Building CXX object Bitcode/simd_ops/CMakeFiles/simd_ops_test_op_vpminsd_399.dir/x86_halide_runtime.bc.o
[149/7823] Building CXX object Bitcode/simd_ops/CMakeFiles/simd_ops_test_op_vpminsw_375.dir/x86_tests/test_op_vpminsw_375.bc.o
[150/7823] Building CXX object Bitcode/simd_ops/CMakeFiles/simd_ops_test_op_vpminsw_375.dir/x86_scalar_tests/scalar_test_op_vpminsw_375.bc.o
[151/7823] Building CXX object Bitcode/simd_ops/CMakeFiles/simd_ops_test_op_vpminsw_375.dir/x86_halide_runtime.bc.o
[152/7823] Building CXX object Bitcode/simd_ops/CMakeFiles/simd_ops_test_op_vpminub_377.dir/x86_tests/test_op_vpminub_377.bc.o
[153/7823] Building CXX object Bitcode/simd_ops/CMakeFiles/simd_ops_test_op_vpminub_377.dir/x86_scalar_tests/scalar_test_op_vpminub_377.bc.o
[154/7823] Building CXX object Bitcode/simd_ops/CMakeFiles/simd_ops_test_op_vpminub_377.dir/x86_halide_runtime.bc.o
[155/7823] Building CXX object Bitcode/simd_ops/CMakeFiles/simd_ops_test_op_vpminud_397.dir/x86_halide_runtime.bc.o
[156/7823] Building CXX object Bitcode/Regression/fft/CMakeFiles/fft.dir/modules/FftConvolve256x256xCHalide_x86_64_linux_avx_avx2_c_plus_plus_name_mangling_fma_no_runtime_sse41.bc.o
[157/7823] Building CXX object Bitcode/Regression/fft/CMakeFiles/fft.dir/modules/FftConvolve256x256xCHalide_x86_64_linux_avx_c_plus_plus_name_mangling_no_runtime_sse41.bc.o
[158/7823] Building CXX object Bitcode/Regression/fft/CMakeFiles/fft.dir/modules/FftConvolve256x256xCHalide_x86_64_linux_c_plus_plus_name_mangling_no_runtime.bc.o
[159/7823] Building CXX object Bitcode/Regression/fft/CMakeFiles/fft.dir/modules/FftConvolve256x256xCHalide_x86_64_linux_c_plus_plus_name_mangling_no_runtime_sse41.bc.o
[160/7823] Building CXX object Bitcode/Regression/fft/CMakeFiles/fft.dir/modules/FftConvolve256x256xCZHalide.bc.o
[161/7823] Building CXX object Bitcode/Regression/fft/CMakeFiles/fft.dir/modules/FftConvolve256x256xCZHalide_x86_64_linux_avx_c_plus_plus_name_mangling_no_runtime_sse41.bc.o
[162/7823] Building CXX object Bitcode/Regression/fft/CMakeFiles/fft.dir/modules/FftConvolve256x256xCZHalide_x86_64_linux_avx_avx2_c_plus_plus_name_mangling_fma_no_runtime_sse41.bc.o
[163/7823] Building CXX object Bitcode/Regression/fft/CMakeFiles/fft.dir/modules/FftConvolve256x256xCZHalide_x86_64_linux_c_plus_plus_name_mangling_no_runtime.bc.o
[164/7823] Building CXX object Bitcode/Regression/fft/CMakeFiles/fft.dir/modules/FftConvolve256x256xRHalide.bc.o
[165/7823] Building CXX object Bitcode/Regression/fft/CMakeFiles/fft.dir/modules/FftConvolve256x256xCZHalide_x86_64_linux_c_plus_plus_name_mangling_no_runtime_sse41.bc.o
[166/7823] Building CXX object Bitcode/Regression/fft/CMakeFiles/fft.dir/modules/FftConvolve256x256xRHalide_x86_64_linux_avx_c_plus_plus_name_mangling_no_runtime_sse41.bc.o
[167/7823] Building CXX object Bitcode/Regression/fft/CMakeFiles/fft.dir/modules/FftConvolve256x256xRHalide_x86_64_linux_avx_avx2_c_plus_plus_name_mangling_fma_no_runtime_sse41.bc.o
[168/7823] Building CXX object Bitcode/Regression/fft/CMakeFiles/fft.dir/modules/FftConvolve256x256xRHalide_x86_64_linux_c_plus_plus_name_mangling_no_runtime.bc.o
[169/7823] Building CXX object Bitcode/Regression/fft/CMakeFiles/fft.dir/modules/FftConvolve256x256xRZHalide.bc.o
[170/7823] Building CXX object Bitcode/Regression/fft/CMakeFiles/fft.dir/modules/FftConvolve256x256xRHalide_x86_64_linux_c_plus_plus_name_mangling_no_runtime_sse41.bc.o
[171/7823] Building CXX object Bitcode/Regression/fft/CMakeFiles/fft.dir/modules/FftConvolve256x256xRZHalide_x86_64_linux_avx_avx2_c_plus_plus_name_mangling_fma_no_runtime_sse41.bc.o
[172/7823] Building CXX object Bitcode/Regression/fft/CMakeFiles/fft.dir/modules/FftConvolve256x256xRZHalide_x86_64_linux_avx_c_plus_plus_name_mangling_no_runtime_sse41.bc.o
[173/7823] Building CXX object Bitcode/Regression/fft/CMakeFiles/fft.dir/modules/FftConvolve256x256xRZHalide_x86_64_linux_c_plus_plus_name_mangling_no_runtime.bc.o
[174/7823] Building CXX object Bitcode/Regression/fft/CMakeFiles/fft.dir/modules/FftConvolve32x32xCHalide.bc.o
[175/7823] Building CXX object Bitcode/Regression/fft/CMakeFiles/fft.dir/modules/FftConvolve256x256xRZHalide_x86_64_linux_c_plus_plus_name_mangling_no_runtime_sse41.bc.o
[176/7823] Building CXX object Bitcode/Regression/fft/CMakeFiles/fft.dir/modules/FftConvolve32x32xCHalide_x86_64_linux_avx_avx2_c_plus_plus_name_mangling_fma_no_runtime_sse41.bc.o
[177/7823] Building CXX object Bitcode/Regression/fft/CMakeFiles/fft.dir/modules/FftConvolve32x32xCHalide_x86_64_linux_avx_c_plus_plus_name_mangling_no_runtime_sse41.bc.o
[178/7823] Building CXX object Bitcode/Regression/fft/CMakeFiles/fft.dir/modules/FftConvolve32x32xCHalide_x86_64_linux_c_plus_plus_name_mangling_no_runtime.bc.o
[179/7823] Building CXX object Bitcode/Regression/fft/CMakeFiles/fft.dir/modules/FftConvolve32x32xCZHalide.bc.o
[180/7823] Building CXX object Bitcode/Regression/fft/CMakeFiles/fft.dir/modules/FftConvolve32x32xCHalide_x86_64_linux_c_plus_plus_name_mangling_no_runtime_sse41.bc.o
[181/7823] Building CXX object Bitcode/Regression/fft/CMakeFiles/fft.dir/modules/FftConvolve32x32xCZHalide_x86_64_linux_avx_avx2_c_plus_plus_name_mangling_fma_no_runtime_sse41.bc.o
[182/7823] Building CXX object Bitcode/Regression/fft/CMakeFiles/fft.dir/modules/FftConvolve32x32xCZHalide_x86_64_linux_avx_c_plus_plus_name_mangling_no_runtime_sse41.bc.o
[183/7823] Building CXX object Bitcode/Regression/fft/CMakeFiles/fft.dir/modules/FftConvolve32x32xCZHalide_x86_64_linux_c_plus_plus_name_mangling_no_runtime.bc.o
[184/7823] Building CXX object Bitcode/Regression/fft/CMakeFiles/fft.dir/modules/FftConvolve32x32xCZHalide_x86_64_linux_c_plus_plus_name_mangling_no_runtime_sse41.bc.o
[185/7823] Building CXX object Bitcode/simd_ops/CMakeFiles/simd_ops_test_op_minpd_196.dir/x86_tests/test_op_minpd_196.bc.o
[186/7823] Building CXX object Bitcode/Regression/fft/CMakeFiles/fft.dir/modules/FftConvolve32x32xRHalide.bc.o
[187/7823] Building CXX object Bitcode/simd_ops/CMakeFiles/simd_ops_test_op_minpd_196.dir/x86_halide_runtime.bc.o
[188/7823] Building CXX object Bitcode/Regression/fft/CMakeFiles/fft.dir/modules/FftConvolve32x32xRHalide_x86_64_linux_avx_avx2_c_plus_plus_name_mangling_fma_no_runtime_sse41.bc.o
[189/7823] Building CXX object Bitcode/Regression/fft/CMakeFiles/fft.dir/modules/FftConvolve32x32xRHalide_x86_64_linux_avx_c_plus_plus_name_mangling_no_runtime_sse41.bc.o
[190/7823] Building CXX object Bitcode/Regression/fft/CMakeFiles/fft.dir/modules/FftConvolve32x32xRHalide_x86_64_linux_c_plus_plus_name_mangling_no_runtime.bc.o
[191/7823] Building CXX object Bitcode/Regression/fft/CMakeFiles/fft.dir/modules/FftConvolve32x32xRZHalide.bc.o
[192/7823] Building CXX object Bitcode/Regression/fft/CMakeFiles/fft.dir/modules/FftConvolve32x32xRHalide_x86_64_linux_c_plus_plus_name_mangling_no_runtime_sse41.bc.o
[193/7823] Building CXX object Bitcode/Regression/fft/CMakeFiles/fft.dir/modules/FftConvolve32x32xRZHalide_x86_64_linux_avx_avx2_c_plus_plus_name_mangling_fma_no_runtime_sse41.bc.o
[194/7823] Building CXX object Bitcode/Regression/fft/CMakeFiles/fft.dir/modules/FftConvolve32x32xRZHalide_x86_64_linux_avx_c_plus_plus_name_mangling_no_runtime_sse41.bc.o
[195/7823] Building CXX object Bitcode/Regression/fft/CMakeFiles/fft.dir/modules/FftConvolve32x32xRZHalide_x86_64_linux_c_plus_plus_name_mangling_no_runtime.bc.o
[196/7823] Building CXX object Bitcode/Regression/fft/CMakeFiles/fft.dir/modules/FftConvolve64x64xCHalide.bc.o
[197/7823] Building CXX object Bitcode/Regression/fft/CMakeFiles/fft.dir/modules/FftConvolve32x32xRZHalide_x86_64_linux_c_plus_plus_name_mangling_no_runtime_sse41.bc.o
[198/7823] Building CXX object Bitcode/Regression/fft/CMakeFiles/fft.dir/modules/FftConvolve64x64xCHalide_x86_64_linux_avx_avx2_c_plus_plus_name_mangling_fma_no_runtime_sse41.bc.o
[199/7823] Building CXX object Bitcode/Regression/fft/CMakeFiles/fft.dir/modules/FftConvolve64x64xCHalide_x86_64_linux_avx_c_plus_plus_name_mangling_no_runtime_sse41.bc.o
[200/7823] Building CXX object Bitcode/Regression/fft/CMakeFiles/fft.dir/modules/FftConvolve64x64xCHalide_x86_64_linux_c_plus_plus_name_mangling_no_runtime.bc.o
[201/7823] Building CXX object Bitcode/Regression/fft/CMakeFiles/fft.dir/modules/FftConvolve64x64xCZHalide.bc.o
[202/7823] Building CXX object Bitcode/Regression/fft/CMakeFiles/fft.dir/modules/FftConvolve64x64xCHalide_x86_64_linux_c_plus_plus_name_mangling_no_runtime_sse41.bc.o
[203/7823] Building CXX object Bitcode/Regression/fft/CMakeFiles/fft.dir/modules/FftConvolve64x64xCZHalide_x86_64_linux_avx_avx2_c_plus_plus_name_mangling_fma_no_runtime_sse41.bc.o
[204/7823] Building CXX object Bitcode/Regression/fft/CMakeFiles/fft.dir/modules/FftConvolve64x64xCZHalide_x86_64_linux_avx_c_plus_plus_name_mangling_no_runtime_sse41.bc.o
[205/7823] Building CXX object Bitcode/Regression/fft/CMakeFiles/fft.dir/modules/FftConvolve64x64xCZHalide_x86_64_linux_c_plus_plus_name_mangling_no_runtime.bc.o
[206/7823] Building CXX object Bitcode/Regression/fft/CMakeFiles/fft.dir/modules/FftConvolve64x64xRHalide.bc.o
[207/7823] Building CXX object Bitcode/Regression/fft/CMakeFiles/fft.dir/modules/FftConvolve64x64xCZHalide_x86_64_linux_c_plus_plus_name_mangling_no_runtime_sse41.bc.o
[208/7823] Building CXX object Bitcode/Regression/fft/CMakeFiles/fft.dir/modules/FftConvolve64x64xRHalide_x86_64_linux_avx_avx2_c_plus_plus_name_mangling_fma_no_runtime_sse41.bc.o
[209/7823] Building CXX object Bitcode/Regression/fft/CMakeFiles/fft.dir/modules/FftConvolve64x64xRHalide_x86_64_linux_avx_c_plus_plus_name_mangling_no_runtime_sse41.bc.o
[210/7823] Building CXX object Bitcode/Regression/fft/CMakeFiles/fft.dir/modules/FftConvolve64x64xRHalide_x86_64_linux_c_plus_plus_name_mangling_no_runtime.bc.o
[211/7823] Building CXX object Bitcode/Regression/fft/CMakeFiles/fft.dir/modules/FftConvolve64x64xRZHalide.bc.o
[212/7823] Building CXX object Bitcode/Regression/fft/CMakeFiles/fft.dir/modules/FftConvolve64x64xRHalide_x86_64_linux_c_plus_plus_name_mangling_no_runtime_sse41.bc.o
[213/7823] Building CXX object Bitcode/Regression/fft/CMakeFiles/fft.dir/modules/FftConvolve64x64xRZHalide_x86_64_linux_avx_avx2_c_plus_plus_name_mangling_fma_no_runtime_sse41.bc.o
[214/7823] Building CXX object Bitcode/Regression/fft/CMakeFiles/fft.dir/modules/FftConvolve64x64xRZHalide_x86_64_linux_avx_c_plus_plus_name_mangling_no_runtime_sse41.bc.o
[215/7823] Building CXX object Bitcode/Regression/fft/CMakeFiles/fft.dir/modules/FftConvolve64x64xRZHalide_x86_64_linux_c_plus_plus_name_mangling_no_runtime.bc.o
[216/7823] Building CXX object Bitcode/Regression/fft/CMakeFiles/fft.dir/modules/FftConvolve8x8xCHalide.bc.o
[217/7823] Building CXX object Bitcode/Regression/fft/CMakeFiles/fft.dir/modules/FftConvolve64x64xRZHalide_x86_64_linux_c_plus_plus_name_mangling_no_runtime_sse41.bc.o
[218/7823] Building CXX object Bitcode/Regression/fft/CMakeFiles/fft.dir/modules/FftConvolve8x8xCHalide_x86_64_linux_avx_avx2_c_plus_plus_name_mangling_fma_no_runtime_sse41.bc.o
[219/7823] Building CXX object Bitcode/Regression/fft/CMakeFiles/fft.dir/modules/FftConvolve8x8xCHalide_x86_64_linux_avx_c_plus_plus_name_mangling_no_runtime_sse41.bc.o
[220/7823] Building CXX object Bitcode/Regression/fft/CMakeFiles/fft.dir/modules/FftConvolve8x8xCHalide_x86_64_linux_c_plus_plus_name_mangling_no_runtime.bc.o
[221/7823] Building CXX object Bitcode/Regression/fft/CMakeFiles/fft.dir/modules/FftConvolve8x8xCZHalide.bc.o
[222/7823] Building CXX object Bitcode/Regression/fft/CMakeFiles/fft.dir/modules/FftConvolve8x8xCHalide_x86_64_linux_c_plus_plus_name_mangling_no_runtime_sse41.bc.o
[223/7823] Building CXX object Bitcode/Regression/fft/CMakeFiles/fft.dir/modules/FftConvolve8x8xCZHalide_x86_64_linux_avx_avx2_c_plus_plus_name_mangling_fma_no_runtime_sse41.bc.o
[224/7823] Building CXX object Bitcode/Regression/fft/CMakeFiles/fft.dir/modules/FftConvolve8x8xCZHalide_x86_64_linux_avx_c_plus_plus_name_mangling_no_runtime_sse41.bc.o
[225/7823] Building CXX object Bitcode/Regression/fft/CMakeFiles/fft.dir/modules/FftConvolve8x8xCZHalide_x86_64_linux_c_plus_plus_name_mangling_no_runtime.bc.o
[226/7823] Building CXX object Bitcode/Regression/fft/CMakeFiles/fft.dir/modules/FftConvolve8x8xCZHalide_x86_64_linux_c_plus_plus_name_mangling_no_runtime_sse41.bc.o
[227/7823] Building CXX object Bitcode/Regression/fft/CMakeFiles/fft.dir/modules/FftConvolve8x8xRHalide.bc.o
[228/7823] Building CXX object Bitcode/Regression/fft/CMakeFiles/fft.dir/modules/FftConvolve8x8xRHalide_x86_64_linux_avx_avx2_c_plus_plus_name_mangling_fma_no_runtime_sse41.bc.o
[229/7823] Building CXX object Bitcode/Regression/fft/CMakeFiles/fft.dir/modules/FftConvolve8x8xRHalide_x86_64_linux_avx_c_plus_plus_name_mangling_no_runtime_sse41.bc.o
[230/7823] Building CXX object Bitcode/Regression/fft/CMakeFiles/fft.dir/modules/FftConvolve8x8xRHalide_x86_64_linux_c_plus_plus_name_mangling_no_runtime.bc.o
[231/7823] Building CXX object Bitcode/Regression/fft/CMakeFiles/fft.dir/modules/FftConvolve8x8xRHalide_x86_64_linux_c_plus_plus_name_mangling_no_runtime_sse41.bc.o
[232/7823] Building CXX object Bitcode/Regression/fft/CMakeFiles/fft.dir/modules/FftConvolve8x8xRZHalide.bc.o
[233/7823] Building CXX object Bitcode/Regression/fft/CMakeFiles/fft.dir/modules/FftConvolve8x8xRZHalide_x86_64_linux_avx_avx2_c_plus_plus_name_mangling_fma_no_runtime_sse41.bc.o
[234/7823] Building CXX object Bitcode/Regression/fft/CMakeFiles/fft.dir/modules/FftConvolve8x8xRZHalide_x86_64_linux_avx_c_plus_plus_name_mangling_no_runtime_sse41.bc.o
[235/7823] Building CXX object Bitcode/Regression/fft/CMakeFiles/fft.dir/modules/FftConvolve8x8xRZHalide_x86_64_linux_c_plus_plus_name_mangling_no_runtime.bc.o
[236/7823] Building CXX object Bitcode/Regression/fft/CMakeFiles/fft.dir/modules/FftConvolve8x8xRZHalide_x86_64_linux_c_plus_plus_name_mangling_no_runtime_sse41.bc.o
[237/7823] Building CXX object Bitcode/simd_ops/CMakeFiles/simd_ops.dir/simd_ops.cpp.o
[238/7823] Linking CXX executable Bitcode/Regression/fft/fft
[239/7823] Building CXX object Bitcode/simd_ops/CMakeFiles/simd_ops.dir/x86_halide_runtime.bc.o
[240/7823] Linking CXX static library Bitcode/simd_ops/libsimd_ops.a
[241/7823] Linking CXX executable Bitcode/simd_ops/simd_ops_test_op_addpd_205
[242/7823] Linking CXX executable Bitcode/simd_ops/simd_ops_test_op_addpd_220
[243/7823] Linking CXX executable Bitcode/simd_ops/simd_ops_test_op_addps_117
[244/7823] Building CXX object Bitcode/simd_ops/CMakeFiles/simd_ops_test_op_addpd_190.dir/x86_halide_runtime.bc.o
[245/7823] Linking CXX executable Bitcode/simd_ops/simd_ops_test_op_addps_165
[246/7823] Linking CXX executable Bitcode/simd_ops/simd_ops_test_op_addps_21
[247/7823] Linking CXX executable Bitcode/simd_ops/simd_ops_test_op_addps_69
[248/7823] Linking CXX executable Bitcode/simd_ops/simd_ops_test_op_andps_186
[249/7823] Linking CXX executable Bitcode/simd_ops/simd_ops_test_op_blendvpd_254
[250/7823] Linking CXX executable Bitcode/simd_ops/simd_ops_test_op_blendvpd_277
[251/7823] Linking CXX executable Bitcode/simd_ops/simd_ops_test_op_blendvpd_300
[252/7823] Linking CXX executable Bitcode/simd_ops/simd_ops_test_op_blendvps_253
[253/7823] Linking CXX executable Bitcode/simd_ops/simd_ops_test_op_blendvps_276
[254/7823] Linking CXX executable Bitcode/simd_ops/simd_ops_test_op_blendvps_299
[255/7823] Linking CXX executable Bitcode/simd_ops/simd_ops_test_op_cmpeqpd_197
[256/7823] Linking CXX executable Bitcode/simd_ops/simd_ops_test_op_cmpeqpd_212
[257/7823] Linking CXX executable Bitcode/simd_ops/simd_ops_test_op_cmpeqpd_227
[258/7823] Linking CXX executable Bitcode/simd_ops/simd_ops_test_op_vpminsb_393
[259/7823] Linking CXX executable Bitcode/simd_ops/simd_ops_test_op_vpminsd_399
[260/7823] Linking CXX executable Bitcode/simd_ops/simd_ops_test_op_vpminsw_375
[261/7823] Building CXX object Bitcode/simd_ops/CMakeFiles/simd_ops_test_op_addpd_190.dir/x86_tests/test_op_addpd_190.bc.o
[262/7823] Linking CXX executable Bitcode/simd_ops/simd_ops_test_op_vpminub_377
[263/7823] Linking CXX executable Bitcode/simd_ops/simd_ops_test_op_addpd_190
[264/7823] Linking CXX executable Bitcode/simd_ops/simd_ops_test_op_cmpeqps_136
[265/7823] Building CXX object Bitcode/simd_ops/CMakeFiles/simd_ops_test_op_cmpeqps_184.dir/x86_tests/test_op_cmpeqps_184.bc.o
[266/7823] Building CXX object Bitcode/simd_ops/CMakeFiles/simd_ops_test_op_cmpeqps_184.dir/x86_scalar_tests/scalar_test_op_cmpeqps_184.bc.o
[267/7823] Building CXX object Bitcode/simd_ops/CMakeFiles/simd_ops_test_op_cmpeqps_184.dir/x86_halide_runtime.bc.o
[268/7823] Building CXX object Bitcode/simd_ops/CMakeFiles/simd_ops_test_op_cmpeqps_40.dir/x86_halide_runtime.bc.o
[269/7823] Linking CXX executable Bitcode/simd_ops/simd_ops_test_op_cmpeqps_184
[270/7823] Building CXX object Bitcode/simd_ops/CMakeFiles/simd_ops_test_op_cmpeqps_40.dir/x86_tests/test_op_cmpeqps_40.bc.o
[271/7823] Building CXX object Bitcode/simd_ops/CMakeFiles/simd_ops_test_op_cmpeqps_40.dir/x86_scalar_tests/scalar_test_op_cmpeqps_40.bc.o
[272/7823] Linking CXX executable Bitcode/simd_ops/simd_ops_test_op_cmpeqps_40
[273/7823] Building CXX object Bitcode/simd_ops/CMakeFiles/simd_ops_test_op_cmpeqps_88.dir/x86_tests/test_op_cmpeqps_88.bc.o
[274/7823] Building CXX object Bitcode/simd_ops/CMakeFiles/simd_ops_test_op_cmpeqps_88.dir/x86_scalar_tests/scalar_test_op_cmpeqps_88.bc.o
[275/7823] Building CXX object Bitcode/simd_ops/CMakeFiles/simd_ops_test_op_cmpeqps_88.dir/x86_halide_runtime.bc.o
[276/7823] Linking CXX executable Bitcode/simd_ops/simd_ops_test_op_cmpeqps_88
[277/7823] Building CXX object Bitcode/simd_ops/CMakeFiles/simd_ops_test_op_cmpltpd_198.dir/x86_tests/test_op_cmpltpd_198.bc.o
[278/7823] Building CXX object Bitcode/simd_ops/CMakeFiles/simd_ops_test_op_cmpltpd_198.dir/x86_scalar_tests/scalar_test_op_cmpltpd_198.bc.o
[279/7823] Building CXX object Bitcode/simd_ops/CMakeFiles/simd_ops_test_op_cmpltpd_198.dir/x86_halide_runtime.bc.o
[280/7823] Linking CXX executable Bitcode/simd_ops/simd_ops_test_op_cmpltpd_198
[281/7823] Building CXX object Bitcode/simd_ops/CMakeFiles/simd_ops_test_op_cmpltpd_213.dir/x86_tests/test_op_cmpltpd_213.bc.o
[282/7823] Building CXX object Bitcode/simd_ops/CMakeFiles/simd_ops_test_op_cmpltpd_213.dir/x86_scalar_tests/scalar_test_op_cmpltpd_213.bc.o
[283/7823] Building CXX object Bitcode/simd_ops/CMakeFiles/simd_ops_test_op_cmpltpd_213.dir/x86_halide_runtime.bc.o
[284/7823] Linking CXX executable Bitcode/simd_ops/simd_ops_test_op_cmpltpd_213
[285/7823] Building CXX object Bitcode/simd_ops/CMakeFiles/simd_ops_test_op_cmpltpd_228.dir/x86_tests/test_op_cmpltpd_228.bc.o
[286/7823] Building CXX object Bitcode/simd_ops/CMakeFiles/simd_ops_test_op_cmpltpd_228.dir/x86_scalar_tests/scalar_test_op_cmpltpd_228.bc.o
[287/7823] Building CXX object Bitcode/simd_ops/CMakeFiles/simd_ops_test_op_cmpltpd_228.dir/x86_halide_runtime.bc.o
[288/7823] Linking CXX executable Bitcode/simd_ops/simd_ops_test_op_cmpltpd_228
[289/7823] Building CXX object Bitcode/simd_ops/CMakeFiles/simd_ops_test_op_cmpltps_137.dir/x86_tests/test_op_cmpltps_137.bc.o
[290/7823] Building CXX object Bitcode/simd_ops/CMakeFiles/simd_ops_test_op_cmpltps_137.dir/x86_scalar_tests/scalar_test_op_cmpltps_137.bc.o
[291/7823] Building CXX object Bitcode/simd_ops/CMakeFiles/simd_ops_test_op_cmpltps_137.dir/x86_halide_runtime.bc.o
[292/7823] Linking CXX executable Bitcode/simd_ops/simd_ops_test_op_cmpltps_137
[293/7823] Building CXX object Bitcode/simd_ops/CMakeFiles/simd_ops_test_op_cmpltps_185.dir/x86_tests/test_op_cmpltps_185.bc.o
[294/7823] Building CXX object Bitcode/simd_ops/CMakeFiles/simd_ops_test_op_cmpltps_185.dir/x86_scalar_tests/scalar_test_op_cmpltps_185.bc.o
[295/7823] Building CXX object Bitcode/simd_ops/CMakeFiles/simd_ops_test_op_cmpltps_185.dir/x86_halide_runtime.bc.o
[296/7823] Linking CXX executable Bitcode/simd_ops/simd_ops_test_op_cmpltps_185
[297/7823] Building CXX object Bitcode/simd_ops/CMakeFiles/simd_ops_test_op_cmpltps_41.dir/x86_tests/test_op_cmpltps_41.bc.o
[298/7823] Building CXX object Bitcode/simd_ops/CMakeFiles/simd_ops_test_op_cmpltps_41.dir/x86_scalar_tests/scalar_test_op_cmpltps_41.bc.o
[299/7823] Building CXX object Bitcode/simd_ops/CMakeFiles/simd_ops_test_op_cmpltps_41.dir/x86_halide_runtime.bc.o
[300/7823] Linking CXX executable Bitcode/simd_ops/simd_ops_test_op_cmpltps_41
[301/7823] Building CXX object Bitcode/simd_ops/CMakeFiles/simd_ops_test_op_cmpltps_89.dir/x86_tests/test_op_cmpltps_89.bc.o
[302/7823] Building CXX object Bitcode/simd_ops/CMakeFiles/simd_ops_test_op_cmpltps_89.dir/x86_scalar_tests/scalar_test_op_cmpltps_89.bc.o
[303/7823] Building CXX object Bitcode/simd_ops/CMakeFiles/simd_ops_test_op_cmpltps_89.dir/x86_halide_runtime.bc.o
[304/7823] Linking CXX executable Bitcode/simd_ops/simd_ops_test_op_cmpltps_89
[305/7823] Building CXX object Bitcode/simd_ops/CMakeFiles/simd_ops_test_op_divpd_193.dir/x86_tests/test_op_divpd_193.bc.o
[306/7823] Building CXX object Bitcode/simd_ops/CMakeFiles/simd_ops_test_op_divpd_193.dir/x86_scalar_tests/scalar_test_op_divpd_193.bc.o
[307/7823] Building CXX object Bitcode/simd_ops/CMakeFiles/simd_ops_test_op_divpd_193.dir/x86_halide_runtime.bc.o
[308/7823] Linking CXX executable Bitcode/simd_ops/simd_ops_test_op_divpd_193
[309/7823] Building CXX object Bitcode/simd_ops/CMakeFiles/simd_ops_test_op_divpd_208.dir/x86_tests/test_op_divpd_208.bc.o
[310/7823] Building CXX object Bitcode/simd_ops/CMakeFiles/simd_ops_test_op_divpd_208.dir/x86_scalar_tests/scalar_test_op_divpd_208.bc.o
[311/7823] Building CXX object Bitcode/simd_ops/CMakeFiles/simd_ops_test_op_divpd_208.dir/x86_halide_runtime.bc.o
[312/7823] Linking CXX executable Bitcode/simd_ops/simd_ops_test_op_divpd_208
[313/7823] Building CXX object Bitcode/simd_ops/CMakeFiles/simd_ops_test_op_divpd_223.dir/x86_tests/test_op_divpd_223.bc.o
[314/7823] Building CXX object Bitcode/simd_ops/CMakeFiles/simd_ops_test_op_divpd_223.dir/x86_scalar_tests/scalar_test_op_divpd_223.bc.o
[315/7823] Building CXX object Bitcode/simd_ops/CMakeFiles/simd_ops_test_op_divpd_223.dir/x86_halide_runtime.bc.o
[316/7823] Linking CXX executable Bitcode/simd_ops/simd_ops_test_op_divpd_223
[317/7823] Building CXX object Bitcode/simd_ops/CMakeFiles/simd_ops_test_op_maxpd_195.dir/x86_tests/test_op_maxpd_195.bc.o
[318/7823] Building CXX object Bitcode/simd_ops/CMakeFiles/simd_ops_test_op_maxpd_195.dir/x86_scalar_tests/scalar_test_op_maxpd_195.bc.o
[319/7823] Building CXX object Bitcode/simd_ops/CMakeFiles/simd_ops_test_op_maxpd_195.dir/x86_halide_runtime.bc.o
[320/7823] Linking CXX executable Bitcode/simd_ops/simd_ops_test_op_maxpd_195
[321/7823] Building CXX object Bitcode/simd_ops/CMakeFiles/simd_ops_test_op_maxpd_210.dir/x86_tests/test_op_maxpd_210.bc.o
[322/7823] Building CXX object Bitcode/simd_ops/CMakeFiles/simd_ops_test_op_maxpd_210.dir/x86_scalar_tests/scalar_test_op_maxpd_210.bc.o
[323/7823] Building CXX object Bitcode/simd_ops/CMakeFiles/simd_ops_test_op_maxpd_210.dir/x86_halide_runtime.bc.o
[324/7823] Linking CXX executable Bitcode/simd_ops/simd_ops_test_op_maxpd_210
[325/7823] Building CXX object Bitcode/simd_ops/CMakeFiles/simd_ops_test_op_maxpd_225.dir/x86_tests/test_op_maxpd_225.bc.o
[326/7823] Building CXX object Bitcode/simd_ops/CMakeFiles/simd_ops_test_op_maxpd_225.dir/x86_halide_runtime.bc.o
[327/7823] Building CXX object Bitcode/simd_ops/CMakeFiles/simd_ops_test_op_maxpd_225.dir/x86_scalar_tests/scalar_test_op_maxpd_225.bc.o
[328/7823] Linking CXX executable Bitcode/simd_ops/simd_ops_test_op_maxpd_225
[329/7823] Building CXX object Bitcode/simd_ops/CMakeFiles/simd_ops_test_op_maxps_123.dir/x86_tests/test_op_maxps_123.bc.o
[330/7823] Building CXX object Bitcode/simd_ops/CMakeFiles/simd_ops_test_op_maxps_123.dir/x86_scalar_tests/scalar_test_op_maxps_123.bc.o
[331/7823] Building CXX object Bitcode/simd_ops/CMakeFiles/simd_ops_test_op_maxps_123.dir/x86_halide_runtime.bc.o
[332/7823] Linking CXX executable Bitcode/simd_ops/simd_ops_test_op_maxps_123
[333/7823] Building CXX object Bitcode/simd_ops/CMakeFiles/simd_ops_test_op_maxps_171.dir/x86_tests/test_op_maxps_171.bc.o
[334/7823] Building CXX object Bitcode/simd_ops/CMakeFiles/simd_ops_test_op_maxps_171.dir/x86_halide_runtime.bc.o
[335/7823] Building CXX object Bitcode/simd_ops/CMakeFiles/simd_ops_test_op_maxps_171.dir/x86_scalar_tests/scalar_test_op_maxps_171.bc.o
[336/7823] Linking CXX executable Bitcode/simd_ops/simd_ops_test_op_maxps_171
[337/7823] Building CXX object Bitcode/simd_ops/CMakeFiles/simd_ops_test_op_maxps_27.dir/x86_tests/test_op_maxps_27.bc.o
[338/7823] Building CXX object Bitcode/simd_ops/CMakeFiles/simd_ops_test_op_maxps_27.dir/x86_scalar_tests/scalar_test_op_maxps_27.bc.o
[339/7823] Building CXX object Bitcode/simd_ops/CMakeFiles/simd_ops_test_op_maxps_27.dir/x86_halide_runtime.bc.o
[340/7823] Linking CXX executable Bitcode/simd_ops/simd_ops_test_op_maxps_27
[341/7823] Building CXX object Bitcode/simd_ops/CMakeFiles/simd_ops_test_op_maxps_75.dir/x86_tests/test_op_maxps_75.bc.o
[342/7823] Building CXX object Bitcode/simd_ops/CMakeFiles/simd_ops_test_op_maxps_75.dir/x86_scalar_tests/scalar_test_op_maxps_75.bc.o
[343/7823] Building CXX object Bitcode/simd_ops/CMakeFiles/simd_ops_test_op_maxps_75.dir/x86_halide_runtime.bc.o
[344/7823] Building CXX object Bitcode/simd_ops/CMakeFiles/simd_ops_test_op_pcmpeqq_295.dir/x86_tests/test_op_pcmpeqq_295.bc.o
[345/7823] Building CXX object Bitcode/simd_ops/CMakeFiles/simd_ops_test_op_pcmpeqq_295.dir/x86_scalar_tests/scalar_test_op_pcmpeqq_295.bc.o
[346/7823] Linking CXX executable Bitcode/simd_ops/simd_ops_test_op_maxps_75
[347/7823] Building CXX object Bitcode/simd_ops/CMakeFiles/simd_ops_test_op_minpd_196.dir/x86_scalar_tests/scalar_test_op_minpd_196.bc.o
[348/7823] Linking CXX executable Bitcode/simd_ops/simd_ops_test_op_minpd_196
[349/7823] Building CXX object Bitcode/simd_ops/CMakeFiles/simd_ops_test_op_minpd_211.dir/x86_tests/test_op_minpd_211.bc.o
[350/7823] Building CXX object Bitcode/simd_ops/CMakeFiles/simd_ops_test_op_minpd_211.dir/x86_scalar_tests/scalar_test_op_minpd_211.bc.o
[351/7823] Building CXX object Bitcode/simd_ops/CMakeFiles/simd_ops_test_op_minpd_211.dir/x86_halide_runtime.bc.o
[352/7823] Linking CXX executable Bitcode/simd_ops/simd_ops_test_op_minpd_211
[353/7823] Building CXX object Bitcode/simd_ops/CMakeFiles/simd_ops_test_op_minpd_226.dir/x86_tests/test_op_minpd_226.bc.o
[354/7823] Building CXX object Bitcode/simd_ops/CMakeFiles/simd_ops_test_op_minpd_226.dir/x86_scalar_tests/scalar_test_op_minpd_226.bc.o
[355/7823] Building CXX object Bitcode/simd_ops/CMakeFiles/simd_ops_test_op_minpd_226.dir/x86_halide_runtime.bc.o
[356/7823] Linking CXX executable Bitcode/simd_ops/simd_ops_test_op_minpd_226
[357/7823] Building CXX object Bitcode/simd_ops/CMakeFiles/simd_ops_test_op_minps_124.dir/x86_tests/test_op_minps_124.bc.o
[358/7823] Building CXX object Bitcode/simd_ops/CMakeFiles/simd_ops_test_op_minps_124.dir/x86_scalar_tests/scalar_test_op_minps_124.bc.o
[359/7823] Building CXX object Bitcode/simd_ops/CMakeFiles/simd_ops_test_op_minps_124.dir/x86_halide_runtime.bc.o
[360/7823] Linking CXX executable Bitcode/simd_ops/simd_ops_test_op_minps_124
[361/7823] Building CXX object Bitcode/simd_ops/CMakeFiles/simd_ops_test_op_minps_172.dir/x86_tests/test_op_minps_172.bc.o
[362/7823] Building CXX object Bitcode/simd_ops/CMakeFiles/simd_ops_test_op_minps_172.dir/x86_scalar_tests/scalar_test_op_minps_172.bc.o
[363/7823] Building CXX object Bitcode/simd_ops/CMakeFiles/simd_ops_test_op_minps_172.dir/x86_halide_runtime.bc.o
[364/7823] Linking CXX executable Bitcode/simd_ops/simd_ops_test_op_minps_172
[365/7823] Building CXX object Bitcode/simd_ops/CMakeFiles/simd_ops_test_op_minps_28.dir/x86_tests/test_op_minps_28.bc.o
[366/7823] Building CXX object Bitcode/simd_ops/CMakeFiles/simd_ops_test_op_minps_28.dir/x86_scalar_tests/scalar_test_op_minps_28.bc.o
[367/7823] Building CXX object Bitcode/simd_ops/CMakeFiles/simd_ops_test_op_minps_28.dir/x86_halide_runtime.bc.o
[368/7823] Linking CXX executable Bitcode/simd_ops/simd_ops_test_op_minps_28
[369/7823] Building CXX object Bitcode/simd_ops/CMakeFiles/simd_ops_test_op_minps_76.dir/x86_tests/test_op_minps_76.bc.o
[370/7823] Building CXX object Bitcode/simd_ops/CMakeFiles/simd_ops_test_op_minps_76.dir/x86_scalar_tests/scalar_test_op_minps_76.bc.o
[371/7823] Building CXX object Bitcode/simd_ops/CMakeFiles/simd_ops_test_op_minps_76.dir/x86_halide_runtime.bc.o
[372/7823] Linking CXX executable Bitcode/simd_ops/simd_ops_test_op_minps_76
[373/7823] Building CXX object Bitcode/simd_ops/CMakeFiles/simd_ops_test_op_mulpd_192.dir/x86_tests/test_op_mulpd_192.bc.o
[374/7823] Building CXX object Bitcode/simd_ops/CMakeFiles/simd_ops_test_op_mulpd_192.dir/x86_scalar_tests/scalar_test_op_mulpd_192.bc.o
[375/7823] Building CXX object Bitcode/simd_ops/CMakeFiles/simd_ops_test_op_mulpd_192.dir/x86_halide_runtime.bc.o
[376/7823] Linking CXX executable Bitcode/simd_ops/simd_ops_test_op_mulpd_192
[377/7823] Building CXX object Bitcode/simd_ops/CMakeFiles/simd_ops_test_op_mulpd_207.dir/x86_tests/test_op_mulpd_207.bc.o
[378/7823] Building CXX object Bitcode/simd_ops/CMakeFiles/simd_ops_test_op_mulpd_207.dir/x86_halide_runtime.bc.o
[379/7823] Building CXX object Bitcode/simd_ops/CMakeFiles/simd_ops_test_op_mulpd_207.dir/x86_scalar_tests/scalar_test_op_mulpd_207.bc.o
[380/7823] Linking CXX executable Bitcode/simd_ops/simd_ops_test_op_mulpd_207
[381/7823] Building CXX object Bitcode/simd_ops/CMakeFiles/simd_ops_test_op_mulpd_222.dir/x86_tests/test_op_mulpd_222.bc.o
[382/7823] Building CXX object Bitcode/simd_ops/CMakeFiles/simd_ops_test_op_mulpd_222.dir/x86_scalar_tests/scalar_test_op_mulpd_222.bc.o
[383/7823] Building CXX object Bitcode/simd_ops/CMakeFiles/simd_ops_test_op_mulpd_222.dir/x86_halide_runtime.bc.o
[384/7823] Linking CXX executable Bitcode/simd_ops/simd_ops_test_op_mulpd_222
[385/7823] Building CXX object Bitcode/simd_ops/CMakeFiles/simd_ops_test_op_mulps_119.dir/x86_tests/test_op_mulps_119.bc.o
[386/7823] Building CXX object Bitcode/simd_ops/CMakeFiles/simd_ops_test_op_mulps_119.dir/x86_halide_runtime.bc.o
[387/7823] Building CXX object Bitcode/simd_ops/CMakeFiles/simd_ops_test_op_mulps_119.dir/x86_scalar_tests/scalar_test_op_mulps_119.bc.o
[388/7823] Linking CXX executable Bitcode/simd_ops/simd_ops_test_op_mulps_119
[389/7823] Building CXX object Bitcode/simd_ops/CMakeFiles/simd_ops_test_op_mulps_167.dir/x86_tests/test_op_mulps_167.bc.o
[390/7823] Building CXX object Bitcode/simd_ops/CMakeFiles/simd_ops_test_op_mulps_167.dir/x86_scalar_tests/scalar_test_op_mulps_167.bc.o
[391/7823] Building CXX object Bitcode/simd_ops/CMakeFiles/simd_ops_test_op_mulps_167.dir/x86_halide_runtime.bc.o
[392/7823] Linking CXX executable Bitcode/simd_ops/simd_ops_test_op_mulps_167
[393/7823] Building CXX object Bitcode/simd_ops/CMakeFiles/simd_ops_test_op_mulps_23.dir/x86_tests/test_op_mulps_23.bc.o
[394/7823] Building CXX object Bitcode/simd_ops/CMakeFiles/simd_ops_test_op_mulps_23.dir/x86_scalar_tests/scalar_test_op_mulps_23.bc.o
[395/7823] Building CXX object Bitcode/simd_ops/CMakeFiles/simd_ops_test_op_mulps_23.dir/x86_halide_runtime.bc.o
[396/7823] Linking CXX executable Bitcode/simd_ops/simd_ops_test_op_mulps_23
[397/7823] Building CXX object Bitcode/simd_ops/CMakeFiles/simd_ops_test_op_mulps_71.dir/x86_tests/test_op_mulps_71.bc.o
[398/7823] Building CXX object Bitcode/simd_ops/CMakeFiles/simd_ops_test_op_mulps_71.dir/x86_scalar_tests/scalar_test_op_mulps_71.bc.o
[399/7823] Building CXX object Bitcode/simd_ops/CMakeFiles/simd_ops_test_op_mulps_71.dir/x86_halide_runtime.bc.o
[400/7823] Linking CXX executable Bitcode/simd_ops/simd_ops_test_op_mulps_71
[401/7823] Building CXX object Bitcode/simd_ops/CMakeFiles/simd_ops_test_op_orps_187.dir/x86_tests/test_op_orps_187.bc.o
[402/7823] Building CXX object Bitcode/simd_ops/CMakeFiles/simd_ops_test_op_orps_187.dir/x86_halide_runtime.bc.o
[403/7823] Building CXX object Bitcode/simd_ops/CMakeFiles/simd_ops_test_op_orps_187.dir/x86_scalar_tests/scalar_test_op_orps_187.bc.o
[404/7823] Linking CXX executable Bitcode/simd_ops/simd_ops_test_op_orps_187
[405/7823] Building CXX object Bitcode/simd_ops/CMakeFiles/simd_ops_test_op_pabsb_235.dir/x86_tests/test_op_pabsb_235.bc.o
[406/7823] Building CXX object Bitcode/simd_ops/CMakeFiles/simd_ops_test_op_pabsb_235.dir/x86_scalar_tests/scalar_test_op_pabsb_235.bc.o
[407/7823] Building CXX object Bitcode/simd_ops/CMakeFiles/simd_ops_test_op_pabsb_235.dir/x86_halide_runtime.bc.o
[408/7823] Linking CXX executable Bitcode/simd_ops/simd_ops_test_op_pabsb_235
[409/7823] Building CXX object Bitcode/simd_ops/CMakeFiles/simd_ops_test_op_pabsb_238.dir/x86_tests/test_op_pabsb_238.bc.o
[410/7823] Building CXX object Bitcode/simd_ops/CMakeFiles/simd_ops_test_op_pabsb_238.dir/x86_scalar_tests/scalar_test_op_pabsb_238.bc.o
[411/7823] Building CXX object Bitcode/simd_ops/CMakeFiles/simd_ops_test_op_pabsb_238.dir/x86_halide_runtime.bc.o
[412/7823] Linking CXX executable Bitcode/simd_ops/simd_ops_test_op_pabsb_238
[413/7823] Building CXX object Bitcode/simd_ops/CMakeFiles/simd_ops_test_op_pabsb_241.dir/x86_tests/test_op_pabsb_241.bc.o
[414/7823] Building CXX object Bitcode/simd_ops/CMakeFiles/simd_ops_test_op_pabsb_241.dir/x86_scalar_tests/scalar_test_op_pabsb_241.bc.o
[415/7823] Building CXX object Bitcode/simd_ops/CMakeFiles/simd_ops_test_op_pabsb_241.dir/x86_halide_runtime.bc.o
[416/7823] Linking CXX executable Bitcode/simd_ops/simd_ops_test_op_pabsb_241
[417/7823] Building CXX object Bitcode/simd_ops/CMakeFiles/simd_ops_test_op_pabsd_237.dir/x86_tests/test_op_pabsd_237.bc.o
[418/7823] Building CXX object Bitcode/simd_ops/CMakeFiles/simd_ops_test_op_pabsd_237.dir/x86_scalar_tests/scalar_test_op_pabsd_237.bc.o
[419/7823] Building CXX object Bitcode/simd_ops/CMakeFiles/simd_ops_test_op_pabsd_237.dir/x86_halide_runtime.bc.o
[420/7823] Linking CXX executable Bitcode/simd_ops/simd_ops_test_op_pabsd_237
[421/7823] Building CXX object Bitcode/simd_ops/CMakeFiles/simd_ops_test_op_pabsd_240.dir/x86_tests/test_op_pabsd_240.bc.o
[422/7823] Building CXX object Bitcode/simd_ops/CMakeFiles/simd_ops_test_op_pabsd_240.dir/x86_scalar_tests/scalar_test_op_pabsd_240.bc.o
[423/7823] Building CXX object Bitcode/simd_ops/CMakeFiles/simd_ops_test_op_pabsd_240.dir/x86_halide_runtime.bc.o
[424/7823] Linking CXX executable Bitcode/simd_ops/simd_ops_test_op_pabsd_240
[425/7823] Building CXX object Bitcode/simd_ops/CMakeFiles/simd_ops_test_op_pblendvb_255.dir/x86_tests/test_op_pblendvb_255.bc.o
[426/7823] Building CXX object Bitcode/simd_ops/CMakeFiles/simd_ops_test_op_pblendvb_255.dir/x86_halide_runtime.bc.o
[427/7823] Building CXX object Bitcode/simd_ops/CMakeFiles/simd_ops_test_op_pabsd_243.dir/x86_tests/test_op_pabsd_243.bc.o
[428/7823] Building CXX object Bitcode/simd_ops/CMakeFiles/simd_ops_test_op_pabsd_243.dir/x86_scalar_tests/scalar_test_op_pabsd_243.bc.o
[429/7823] Building CXX object Bitcode/simd_ops/CMakeFiles/simd_ops_test_op_pabsd_243.dir/x86_halide_runtime.bc.o
[430/7823] Linking CXX executable Bitcode/simd_ops/simd_ops_test_op_pabsd_243
[431/7823] Building CXX object Bitcode/simd_ops/CMakeFiles/simd_ops_test_op_pabsw_236.dir/x86_halide_runtime.bc.o
[432/7823] Building CXX object Bitcode/simd_ops/CMakeFiles/simd_ops_test_op_pabsw_236.dir/x86_tests/test_op_pabsw_236.bc.o
[433/7823] Building CXX object Bitcode/simd_ops/CMakeFiles/simd_ops_test_op_pabsw_236.dir/x86_scalar_tests/scalar_test_op_pabsw_236.bc.o
[434/7823] Linking CXX executable Bitcode/simd_ops/simd_ops_test_op_pabsw_236
[435/7823] Building CXX object Bitcode/simd_ops/CMakeFiles/simd_ops_test_op_pabsw_239.dir/x86_tests/test_op_pabsw_239.bc.o
[436/7823] Building CXX object Bitcode/simd_ops/CMakeFiles/simd_ops_test_op_pabsw_239.dir/x86_scalar_tests/scalar_test_op_pabsw_239.bc.o
[437/7823] Building CXX object Bitcode/simd_ops/CMakeFiles/simd_ops_test_op_pabsw_239.dir/x86_halide_runtime.bc.o
[438/7823] Linking CXX executable Bitcode/simd_ops/simd_ops_test_op_pabsw_239
[439/7823] Building CXX object Bitcode/simd_ops/CMakeFiles/simd_ops_test_op_pabsw_242.dir/x86_tests/test_op_pabsw_242.bc.o
[440/7823] Building CXX object Bitcode/simd_ops/CMakeFiles/simd_ops_test_op_pabsw_242.dir/x86_scalar_tests/scalar_test_op_pabsw_242.bc.o
[441/7823] Building CXX object Bitcode/simd_ops/CMakeFiles/simd_ops_test_op_pabsw_242.dir/x86_halide_runtime.bc.o
[442/7823] Linking CXX executable Bitcode/simd_ops/simd_ops_test_op_pabsw_242
[443/7823] Building CXX object Bitcode/simd_ops/CMakeFiles/simd_ops_test_op_packssdw_202.dir/x86_tests/test_op_packssdw_202.bc.o
[444/7823] Building CXX object Bitcode/simd_ops/CMakeFiles/simd_ops_test_op_packssdw_202.dir/x86_scalar_tests/scalar_test_op_packssdw_202.bc.o
[445/7823] Building CXX object Bitcode/simd_ops/CMakeFiles/simd_ops_test_op_packssdw_202.dir/x86_halide_runtime.bc.o
[446/7823] Linking CXX executable Bitcode/simd_ops/simd_ops_test_op_packssdw_202
[447/7823] Building CXX object Bitcode/simd_ops/CMakeFiles/simd_ops_test_op_packssdw_217.dir/x86_tests/test_op_packssdw_217.bc.o
[448/7823] Building CXX object Bitcode/simd_ops/CMakeFiles/simd_ops_test_op_packssdw_217.dir/x86_scalar_tests/scalar_test_op_packssdw_217.bc.o
[449/7823] Building CXX object Bitcode/simd_ops/CMakeFiles/simd_ops_test_op_packssdw_217.dir/x86_halide_runtime.bc.o
[450/7823] Linking CXX executable Bitcode/simd_ops/simd_ops_test_op_packssdw_217
[451/7823] Building CXX object Bitcode/simd_ops/CMakeFiles/simd_ops_test_op_pblendvb_301.dir/x86_halide_runtime.bc.o
[452/7823] Building CXX object Bitcode/simd_ops/CMakeFiles/simd_ops_test_op_packssdw_232.dir/x86_tests/test_op_packssdw_232.bc.o
[453/7823] Building CXX object Bitcode/simd_ops/CMakeFiles/simd_ops_test_op_packssdw_232.dir/x86_halide_runtime.bc.o
[454/7823] Building CXX object Bitcode/simd_ops/CMakeFiles/simd_ops_test_op_packssdw_232.dir/x86_scalar_tests/scalar_test_op_packssdw_232.bc.o
[455/7823] Linking CXX executable Bitcode/simd_ops/simd_ops_test_op_packssdw_232
[456/7823] Building CXX object Bitcode/simd_ops/CMakeFiles/simd_ops_test_op_packsswb_203.dir/x86_tests/test_op_packsswb_203.bc.o
[457/7823] Building CXX object Bitcode/simd_ops/CMakeFiles/simd_ops_test_op_packsswb_203.dir/x86_scalar_tests/scalar_test_op_packsswb_203.bc.o
[458/7823] Building CXX object Bitcode/simd_ops/CMakeFiles/simd_ops_test_op_packsswb_203.dir/x86_halide_runtime.bc.o
[459/7823] Linking CXX executable Bitcode/simd_ops/simd_ops_test_op_packsswb_203
[460/7823] Building CXX object Bitcode/simd_ops/CMakeFiles/simd_ops_test_op_packsswb_218.dir/x86_tests/test_op_packsswb_218.bc.o
[461/7823] Building CXX object Bitcode/simd_ops/CMakeFiles/simd_ops_test_op_packsswb_218.dir/x86_scalar_tests/scalar_test_op_packsswb_218.bc.o
[462/7823] Building CXX object Bitcode/simd_ops/CMakeFiles/simd_ops_test_op_packsswb_218.dir/x86_halide_runtime.bc.o
[463/7823] Linking CXX executable Bitcode/simd_ops/simd_ops_test_op_packsswb_218
[464/7823] Building CXX object Bitcode/simd_ops/CMakeFiles/simd_ops_test_op_packsswb_233.dir/x86_tests/test_op_packsswb_233.bc.o
[465/7823] Building CXX object Bitcode/simd_ops/CMakeFiles/simd_ops_test_op_packsswb_233.dir/x86_scalar_tests/scalar_test_op_packsswb_233.bc.o
[466/7823] Building CXX object Bitcode/simd_ops/CMakeFiles/simd_ops_test_op_packsswb_233.dir/x86_halide_runtime.bc.o
[467/7823] Linking CXX executable Bitcode/simd_ops/simd_ops_test_op_packsswb_233
[468/7823] Building CXX object Bitcode/simd_ops/CMakeFiles/simd_ops_test_op_packusdw_273.dir/x86_tests/test_op_packusdw_273.bc.o
[469/7823] Building CXX object Bitcode/simd_ops/CMakeFiles/simd_ops_test_op_packusdw_273.dir/x86_scalar_tests/scalar_test_op_packusdw_273.bc.o
[470/7823] Building CXX object Bitcode/simd_ops/CMakeFiles/simd_ops_test_op_packusdw_273.dir/x86_halide_runtime.bc.o
[471/7823] Linking CXX executable Bitcode/simd_ops/simd_ops_test_op_packusdw_273
[472/7823] Building CXX object Bitcode/simd_ops/CMakeFiles/simd_ops_test_op_packusdw_296.dir/x86_tests/test_op_packusdw_296.bc.o
[473/7823] Building CXX object Bitcode/simd_ops/CMakeFiles/simd_ops_test_op_packusdw_296.dir/x86_scalar_tests/scalar_test_op_packusdw_296.bc.o
[474/7823] Building CXX object Bitcode/simd_ops/CMakeFiles/simd_ops_test_op_packusdw_296.dir/x86_halide_runtime.bc.o
[475/7823] Linking CXX executable Bitcode/simd_ops/simd_ops_test_op_packusdw_296
[476/7823] Building CXX object Bitcode/simd_ops/CMakeFiles/simd_ops_test_op_packusdw_319.dir/x86_tests/test_op_packusdw_319.bc.o
[477/7823] Building CXX object Bitcode/simd_ops/CMakeFiles/simd_ops_test_op_packusdw_319.dir/x86_scalar_tests/scalar_test_op_packusdw_319.bc.o
[478/7823] Building CXX object Bitcode/simd_ops/CMakeFiles/simd_ops_test_op_packusdw_319.dir/x86_halide_runtime.bc.o
[479/7823] Linking CXX executable Bitcode/simd_ops/simd_ops_test_op_packusdw_319
[480/7823] Building CXX object Bitcode/simd_ops/CMakeFiles/simd_ops_test_op_packuswb_204.dir/x86_tests/test_op_packuswb_204.bc.o
[481/7823] Building CXX object Bitcode/simd_ops/CMakeFiles/simd_ops_test_op_packuswb_204.dir/x86_scalar_tests/scalar_test_op_packuswb_204.bc.o
[482/7823] Building CXX object Bitcode/simd_ops/CMakeFiles/simd_ops_test_op_packuswb_204.dir/x86_halide_runtime.bc.o
[483/7823] Linking CXX executable Bitcode/simd_ops/simd_ops_test_op_packuswb_204
[484/7823] Building CXX object Bitcode/simd_ops/CMakeFiles/simd_ops_test_op_packuswb_219.dir/x86_tests/test_op_packuswb_219.bc.o
[485/7823] Building CXX object Bitcode/simd_ops/CMakeFiles/simd_ops_test_op_packuswb_219.dir/x86_scalar_tests/scalar_test_op_packuswb_219.bc.o
[486/7823] Building CXX object Bitcode/simd_ops/CMakeFiles/simd_ops_test_op_packuswb_219.dir/x86_halide_runtime.bc.o
[487/7823] Linking CXX executable Bitcode/simd_ops/simd_ops_test_op_packuswb_219
[488/7823] Building CXX object Bitcode/simd_ops/CMakeFiles/simd_ops_test_op_packuswb_234.dir/x86_tests/test_op_packuswb_234.bc.o
[489/7823] Building CXX object Bitcode/simd_ops/CMakeFiles/simd_ops_test_op_packuswb_234.dir/x86_scalar_tests/scalar_test_op_packuswb_234.bc.o
[490/7823] Building CXX object Bitcode/simd_ops/CMakeFiles/simd_ops_test_op_packuswb_234.dir/x86_halide_runtime.bc.o
[491/7823] Linking CXX executable Bitcode/simd_ops/simd_ops_test_op_packuswb_234
[492/7823] Building CXX object Bitcode/simd_ops/CMakeFiles/simd_ops_test_op_paddb_138.dir/x86_tests/test_op_paddb_138.bc.o
[493/7823] Building CXX object Bitcode/simd_ops/CMakeFiles/simd_ops_test_op_paddb_138.dir/x86_scalar_tests/scalar_test_op_paddb_138.bc.o
[494/7823] Building CXX object Bitcode/simd_ops/CMakeFiles/simd_ops_test_op_paddb_138.dir/x86_halide_runtime.bc.o
[495/7823] Linking CXX executable Bitcode/simd_ops/simd_ops_test_op_paddb_138
[496/7823] Building CXX object Bitcode/simd_ops/CMakeFiles/simd_ops_test_op_paddb_42.dir/x86_tests/test_op_paddb_42.bc.o
[497/7823] Building CXX object Bitcode/simd_ops/CMakeFiles/simd_ops_test_op_paddb_42.dir/x86_scalar_tests/scalar_test_op_paddb_42.bc.o
[498/7823] Building CXX object Bitcode/simd_ops/CMakeFiles/simd_ops_test_op_paddb_42.dir/x86_halide_runtime.bc.o
[499/7823] Linking CXX executable Bitcode/simd_ops/simd_ops_test_op_paddb_42
[500/7823] Building CXX object Bitcode/simd_ops/CMakeFiles/simd_ops_test_op_paddb_90.dir/x86_tests/test_op_paddb_90.bc.o
[501/7823] Building CXX object Bitcode/simd_ops/CMakeFiles/simd_ops_test_op_paddb_90.dir/x86_scalar_tests/scalar_test_op_paddb_90.bc.o
[502/7823] Building CXX object Bitcode/simd_ops/CMakeFiles/simd_ops_test_op_paddb_90.dir/x86_halide_runtime.bc.o
[503/7823] Linking CXX executable Bitcode/simd_ops/simd_ops_test_op_paddb_90
[504/7823] Building CXX object Bitcode/simd_ops/CMakeFiles/simd_ops_test_op_paddd_143.dir/x86_tests/test_op_paddd_143.bc.o
[505/7823] Building CXX object Bitcode/simd_ops/CMakeFiles/simd_ops_test_op_paddd_143.dir/x86_scalar_tests/scalar_test_op_paddd_143.bc.o
[506/7823] Building CXX object Bitcode/simd_ops/CMakeFiles/simd_ops_test_op_paddd_143.dir/x86_halide_runtime.bc.o
[507/7823] Linking CXX executable Bitcode/simd_ops/simd_ops_test_op_paddd_143
[508/7823] Building CXX object Bitcode/simd_ops/CMakeFiles/simd_ops_test_op_paddd_47.dir/x86_tests/test_op_paddd_47.bc.o
[509/7823] Building CXX object Bitcode/simd_ops/CMakeFiles/simd_ops_test_op_paddd_47.dir/x86_scalar_tests/scalar_test_op_paddd_47.bc.o
[510/7823] Building CXX object Bitcode/simd_ops/CMakeFiles/simd_ops_test_op_paddd_47.dir/x86_halide_runtime.bc.o
[511/7823] Linking CXX executable Bitcode/simd_ops/simd_ops_test_op_paddd_47
[512/7823] Building CXX object Bitcode/simd_ops/CMakeFiles/simd_ops_test_op_paddd_95.dir/x86_tests/test_op_paddd_95.bc.o
[513/7823] Building CXX object Bitcode/simd_ops/CMakeFiles/simd_ops_test_op_paddd_95.dir/x86_scalar_tests/scalar_test_op_paddd_95.bc.o
[514/7823] Building CXX object Bitcode/simd_ops/CMakeFiles/simd_ops_test_op_paddd_95.dir/x86_halide_runtime.bc.o
[515/7823] Linking CXX executable Bitcode/simd_ops/simd_ops_test_op_paddd_95
[516/7823] Building CXX object Bitcode/simd_ops/CMakeFiles/simd_ops_test_op_paddq_199.dir/x86_tests/test_op_paddq_199.bc.o
[517/7823] Building CXX object Bitcode/simd_ops/CMakeFiles/simd_ops_test_op_paddq_199.dir/x86_scalar_tests/scalar_test_op_paddq_199.bc.o
[518/7823] Building CXX object Bitcode/simd_ops/CMakeFiles/simd_ops_test_op_paddq_199.dir/x86_halide_runtime.bc.o
[519/7823] Linking CXX executable Bitcode/simd_ops/simd_ops_test_op_paddq_199
[520/7823] Building CXX object Bitcode/simd_ops/CMakeFiles/simd_ops_test_op_paddq_214.dir/x86_tests/test_op_paddq_214.bc.o
[521/7823] Building CXX object Bitcode/simd_ops/CMakeFiles/simd_ops_test_op_paddq_214.dir/x86_scalar_tests/scalar_test_op_paddq_214.bc.o
[522/7823] Building CXX object Bitcode/simd_ops/CMakeFiles/simd_ops_test_op_paddq_214.dir/x86_halide_runtime.bc.o
[523/7823] Linking CXX executable Bitcode/simd_ops/simd_ops_test_op_paddq_214
[524/7823] Building CXX object Bitcode/simd_ops/CMakeFiles/simd_ops_test_op_paddq_229.dir/x86_tests/test_op_paddq_229.bc.o
[525/7823] Building CXX object Bitcode/simd_ops/CMakeFiles/simd_ops_test_op_paddq_229.dir/x86_scalar_tests/scalar_test_op_paddq_229.bc.o
[526/7823] Building CXX object Bitcode/simd_ops/CMakeFiles/simd_ops_test_op_paddq_229.dir/x86_halide_runtime.bc.o
[527/7823] Linking CXX executable Bitcode/simd_ops/simd_ops_test_op_paddq_229
[528/7823] Building CXX object Bitcode/simd_ops/CMakeFiles/simd_ops_test_op_paddsb_1.dir/x86_tests/test_op_paddsb_1.bc.o
[529/7823] Building CXX object Bitcode/simd_ops/CMakeFiles/simd_ops_test_op_paddsb_1.dir/x86_scalar_tests/scalar_test_op_paddsb_1.bc.o
[530/7823] Building CXX object Bitcode/simd_ops/CMakeFiles/simd_ops_test_op_paddsb_1.dir/x86_halide_runtime.bc.o
[531/7823] Linking CXX executable Bitcode/simd_ops/simd_ops_test_op_paddsb_1
[532/7823] Building CXX object Bitcode/simd_ops/CMakeFiles/simd_ops_test_op_paddsb_145.dir/x86_tests/test_op_paddsb_145.bc.o
[533/7823] Building CXX object Bitcode/simd_ops/CMakeFiles/simd_ops_test_op_paddsb_145.dir/x86_scalar_tests/scalar_test_op_paddsb_145.bc.o
[534/7823] Building CXX object Bitcode/simd_ops/CMakeFiles/simd_ops_test_op_paddsb_145.dir/x86_halide_runtime.bc.o
[535/7823] Linking CXX executable Bitcode/simd_ops/simd_ops_test_op_paddsb_145
[536/7823] Building CXX object Bitcode/simd_ops/CMakeFiles/simd_ops_test_op_paddsb_146.dir/x86_tests/test_op_paddsb_146.bc.o
[537/7823] Building CXX object Bitcode/simd_ops/CMakeFiles/simd_ops_test_op_paddsb_146.dir/x86_scalar_tests/scalar_test_op_paddsb_146.bc.o
[538/7823] Building CXX object Bitcode/simd_ops/CMakeFiles/simd_ops_test_op_paddsb_146.dir/x86_halide_runtime.bc.o
[539/7823] Linking CXX executable Bitcode/simd_ops/simd_ops_test_op_paddsb_146
[540/7823] Building CXX object Bitcode/simd_ops/CMakeFiles/simd_ops_test_op_paddsb_2.dir/x86_tests/test_op_paddsb_2.bc.o
[541/7823] Building CXX object Bitcode/simd_ops/CMakeFiles/simd_ops_test_op_paddsb_2.dir/x86_scalar_tests/scalar_test_op_paddsb_2.bc.o
[542/7823] Building CXX object Bitcode/simd_ops/CMakeFiles/simd_ops_test_op_paddsb_2.dir/x86_halide_runtime.bc.o
[543/7823] Linking CXX executable Bitcode/simd_ops/simd_ops_test_op_paddsb_2
[544/7823] Building CXX object Bitcode/simd_ops/CMakeFiles/simd_ops_test_op_paddsb_49.dir/x86_tests/test_op_paddsb_49.bc.o
[545/7823] Building CXX object Bitcode/simd_ops/CMakeFiles/simd_ops_test_op_paddsb_49.dir/x86_scalar_tests/scalar_test_op_paddsb_49.bc.o
[546/7823] Building CXX object Bitcode/simd_ops/CMakeFiles/simd_ops_test_op_paddsb_49.dir/x86_halide_runtime.bc.o
[547/7823] Linking CXX executable Bitcode/simd_ops/simd_ops_test_op_paddsb_49
[548/7823] Building CXX object Bitcode/simd_ops/CMakeFiles/simd_ops_test_op_paddsb_50.dir/x86_tests/test_op_paddsb_50.bc.o
[549/7823] Building CXX object Bitcode/simd_ops/CMakeFiles/simd_ops_test_op_paddsb_50.dir/x86_scalar_tests/scalar_test_op_paddsb_50.bc.o
[550/7823] Building CXX object Bitcode/simd_ops/CMakeFiles/simd_ops_test_op_paddsb_50.dir/x86_halide_runtime.bc.o
[551/7823] Linking CXX executable Bitcode/simd_ops/simd_ops_test_op_paddsb_50
[552/7823] Building CXX object Bitcode/simd_ops/CMakeFiles/simd_ops_test_op_paddsb_97.dir/x86_tests/test_op_paddsb_97.bc.o
[553/7823] Building CXX object Bitcode/simd_ops/CMakeFiles/simd_ops_test_op_paddsb_97.dir/x86_scalar_tests/scalar_test_op_paddsb_97.bc.o
[554/7823] Building CXX object Bitcode/simd_ops/CMakeFiles/simd_ops_test_op_paddsb_97.dir/x86_halide_runtime.bc.o
[555/7823] Linking CXX executable Bitcode/simd_ops/simd_ops_test_op_paddsb_97
[556/7823] Building CXX object Bitcode/simd_ops/CMakeFiles/simd_ops_test_op_paddsb_98.dir/x86_tests/test_op_paddsb_98.bc.o
[557/7823] Building CXX object Bitcode/simd_ops/CMakeFiles/simd_ops_test_op_paddsb_98.dir/x86_scalar_tests/scalar_test_op_paddsb_98.bc.o
[558/7823] Building CXX object Bitcode/simd_ops/CMakeFiles/simd_ops_test_op_paddsb_98.dir/x86_halide_runtime.bc.o
[559/7823] Linking CXX executable Bitcode/simd_ops/simd_ops_test_op_paddsb_98
[560/7823] Building CXX object Bitcode/simd_ops/CMakeFiles/simd_ops_test_op_paddsw_102.dir/x86_tests/test_op_paddsw_102.bc.o
[561/7823] Building CXX object Bitcode/simd_ops/CMakeFiles/simd_ops_test_op_paddsw_102.dir/x86_scalar_tests/scalar_test_op_paddsw_102.bc.o
[562/7823] Building CXX object Bitcode/simd_ops/CMakeFiles/simd_ops_test_op_paddsw_102.dir/x86_halide_runtime.bc.o
[563/7823] Linking CXX executable Bitcode/simd_ops/simd_ops_test_op_paddsw_102
[564/7823] Building CXX object Bitcode/simd_ops/CMakeFiles/simd_ops_test_op_paddsw_150.dir/x86_tests/test_op_paddsw_150.bc.o
[565/7823] Building CXX object Bitcode/simd_ops/CMakeFiles/simd_ops_test_op_paddsw_150.dir/x86_scalar_tests/scalar_test_op_paddsw_150.bc.o
[566/7823] Building CXX object Bitcode/simd_ops/CMakeFiles/simd_ops_test_op_paddsw_150.dir/x86_halide_runtime.bc.o
[567/7823] Linking CXX executable Bitcode/simd_ops/simd_ops_test_op_paddsw_150
[568/7823] Building CXX object Bitcode/simd_ops/CMakeFiles/simd_ops_test_op_paddsw_54.dir/x86_tests/test_op_paddsw_54.bc.o
[569/7823] Building CXX object Bitcode/simd_ops/CMakeFiles/simd_ops_test_op_paddsw_54.dir/x86_scalar_tests/scalar_test_op_paddsw_54.bc.o
[570/7823] Building CXX object Bitcode/simd_ops/CMakeFiles/simd_ops_test_op_paddsw_54.dir/x86_halide_runtime.bc.o
[571/7823] Linking CXX executable Bitcode/simd_ops/simd_ops_test_op_paddsw_54
[572/7823] Building CXX object Bitcode/simd_ops/CMakeFiles/simd_ops_test_op_paddsw_6.dir/x86_tests/test_op_paddsw_6.bc.o
[573/7823] Building CXX object Bitcode/simd_ops/CMakeFiles/simd_ops_test_op_paddsw_6.dir/x86_scalar_tests/scalar_test_op_paddsw_6.bc.o
[574/7823] Building CXX object Bitcode/simd_ops/CMakeFiles/simd_ops_test_op_paddsw_6.dir/x86_halide_runtime.bc.o
[575/7823] Linking CXX executable Bitcode/simd_ops/simd_ops_test_op_paddsw_6
[576/7823] Building CXX object Bitcode/simd_ops/CMakeFiles/simd_ops_test_op_paddusb_100.dir/x86_tests/test_op_paddusb_100.bc.o
[577/7823] Building CXX object Bitcode/simd_ops/CMakeFiles/simd_ops_test_op_paddusb_100.dir/x86_scalar_tests/scalar_test_op_paddusb_100.bc.o
[578/7823] Building CXX object Bitcode/simd_ops/CMakeFiles/simd_ops_test_op_paddusb_100.dir/x86_halide_runtime.bc.o
[579/7823] Linking CXX executable Bitcode/simd_ops/simd_ops_test_op_paddusb_100
[580/7823] Building CXX object Bitcode/simd_ops/CMakeFiles/simd_ops_test_op_paddusb_148.dir/x86_tests/test_op_paddusb_148.bc.o
[581/7823] Building CXX object Bitcode/simd_ops/CMakeFiles/simd_ops_test_op_paddusb_148.dir/x86_scalar_tests/scalar_test_op_paddusb_148.bc.o
[582/7823] Building CXX object Bitcode/simd_ops/CMakeFiles/simd_ops_test_op_paddusb_148.dir/x86_halide_runtime.bc.o
[583/7823] Linking CXX executable Bitcode/simd_ops/simd_ops_test_op_paddusb_148
[584/7823] Building CXX object Bitcode/simd_ops/CMakeFiles/simd_ops_test_op_paddusb_4.dir/x86_tests/test_op_paddusb_4.bc.o
[585/7823] Building CXX object Bitcode/simd_ops/CMakeFiles/simd_ops_test_op_paddusb_4.dir/x86_scalar_tests/scalar_test_op_paddusb_4.bc.o
[586/7823] Building CXX object Bitcode/simd_ops/CMakeFiles/simd_ops_test_op_paddusb_4.dir/x86_halide_runtime.bc.o
[587/7823] Linking CXX executable Bitcode/simd_ops/simd_ops_test_op_paddusb_4
[588/7823] Building CXX object Bitcode/simd_ops/CMakeFiles/simd_ops_test_op_paddusb_52.dir/x86_tests/test_op_paddusb_52.bc.o
[589/7823] Building CXX object Bitcode/simd_ops/CMakeFiles/simd_ops_test_op_paddusb_52.dir/x86_scalar_tests/scalar_test_op_paddusb_52.bc.o
[590/7823] Building CXX object Bitcode/simd_ops/CMakeFiles/simd_ops_test_op_paddusb_52.dir/x86_halide_runtime.bc.o
[591/7823] Linking CXX executable Bitcode/simd_ops/simd_ops_test_op_paddusb_52
[592/7823] Building CXX object Bitcode/simd_ops/CMakeFiles/simd_ops_test_op_paddusw_104.dir/x86_tests/test_op_paddusw_104.bc.o
[593/7823] Building CXX object Bitcode/simd_ops/CMakeFiles/simd_ops_test_op_paddusw_104.dir/x86_scalar_tests/scalar_test_op_paddusw_104.bc.o
[594/7823] Building CXX object Bitcode/simd_ops/CMakeFiles/simd_ops_test_op_paddusw_104.dir/x86_halide_runtime.bc.o
[595/7823] Linking CXX executable Bitcode/simd_ops/simd_ops_test_op_paddusw_104
[596/7823] Building CXX object Bitcode/simd_ops/CMakeFiles/simd_ops_test_op_paddusw_152.dir/x86_tests/test_op_paddusw_152.bc.o
[597/7823] Building CXX object Bitcode/simd_ops/CMakeFiles/simd_ops_test_op_paddusw_152.dir/x86_scalar_tests/scalar_test_op_paddusw_152.bc.o
[598/7823] Building CXX object Bitcode/simd_ops/CMakeFiles/simd_ops_test_op_paddusw_152.dir/x86_halide_runtime.bc.o
[599/7823] Linking CXX executable Bitcode/simd_ops/simd_ops_test_op_paddusw_152
[600/7823] Building CXX object Bitcode/simd_ops/CMakeFiles/simd_ops_test_op_paddusw_56.dir/x86_tests/test_op_paddusw_56.bc.o
[601/7823] Building CXX object Bitcode/simd_ops/CMakeFiles/simd_ops_test_op_paddusw_56.dir/x86_scalar_tests/scalar_test_op_paddusw_56.bc.o
[602/7823] Building CXX object Bitcode/simd_ops/CMakeFiles/simd_ops_test_op_paddusw_56.dir/x86_halide_runtime.bc.o
[603/7823] Linking CXX executable Bitcode/simd_ops/simd_ops_test_op_paddusw_56
[604/7823] Building CXX object Bitcode/simd_ops/CMakeFiles/simd_ops_test_op_paddusw_8.dir/x86_tests/test_op_paddusw_8.bc.o
[605/7823] Building CXX object Bitcode/simd_ops/CMakeFiles/simd_ops_test_op_paddusw_8.dir/x86_scalar_tests/scalar_test_op_paddusw_8.bc.o
[606/7823] Building CXX object Bitcode/simd_ops/CMakeFiles/simd_ops_test_op_paddusw_8.dir/x86_halide_runtime.bc.o
[607/7823] Linking CXX executable Bitcode/simd_ops/simd_ops_test_op_paddusw_8
[608/7823] Building CXX object Bitcode/simd_ops/CMakeFiles/simd_ops_test_op_paddw_140.dir/x86_tests/test_op_paddw_140.bc.o
[609/7823] Building CXX object Bitcode/simd_ops/CMakeFiles/simd_ops_test_op_paddw_140.dir/x86_scalar_tests/scalar_test_op_paddw_140.bc.o
[610/7823] Building CXX object Bitcode/simd_ops/CMakeFiles/simd_ops_test_op_paddw_140.dir/x86_halide_runtime.bc.o
[611/7823] Linking CXX executable Bitcode/simd_ops/simd_ops_test_op_paddw_140
[612/7823] Building CXX object Bitcode/simd_ops/CMakeFiles/simd_ops_test_op_paddw_44.dir/x86_tests/test_op_paddw_44.bc.o
[613/7823] Building CXX object Bitcode/simd_ops/CMakeFiles/simd_ops_test_op_paddw_44.dir/x86_scalar_tests/scalar_test_op_paddw_44.bc.o
[614/7823] Building CXX object Bitcode/simd_ops/CMakeFiles/simd_ops_test_op_paddw_44.dir/x86_halide_runtime.bc.o
[615/7823] Linking CXX executable Bitcode/simd_ops/simd_ops_test_op_paddw_44
[616/7823] Building CXX object Bitcode/simd_ops/CMakeFiles/simd_ops_test_op_paddw_92.dir/x86_tests/test_op_paddw_92.bc.o
[617/7823] Building CXX object Bitcode/simd_ops/CMakeFiles/simd_ops_test_op_paddw_92.dir/x86_scalar_tests/scalar_test_op_paddw_92.bc.o
[618/7823] Building CXX object Bitcode/simd_ops/CMakeFiles/simd_ops_test_op_paddw_92.dir/x86_halide_runtime.bc.o
[619/7823] Linking CXX executable Bitcode/simd_ops/simd_ops_test_op_paddw_92
[620/7823] Building CXX object Bitcode/simd_ops/CMakeFiles/simd_ops_test_op_pavgb_125.dir/x86_tests/test_op_pavgb_125.bc.o
[621/7823] Building CXX object Bitcode/simd_ops/CMakeFiles/simd_ops_test_op_pavgb_125.dir/x86_scalar_tests/scalar_test_op_pavgb_125.bc.o
[622/7823] Building CXX object Bitcode/simd_ops/CMakeFiles/simd_ops_test_op_pavgb_125.dir/x86_halide_runtime.bc.o
[623/7823] Linking CXX executable Bitcode/simd_ops/simd_ops_test_op_pavgb_125
[624/7823] Building CXX object Bitcode/simd_ops/CMakeFiles/simd_ops_test_op_pavgb_126.dir/x86_tests/test_op_pavgb_126.bc.o
[625/7823] Building CXX object Bitcode/simd_ops/CMakeFiles/simd_ops_test_op_pavgb_126.dir/x86_scalar_tests/scalar_test_op_pavgb_126.bc.o
[626/7823] Building CXX object Bitcode/simd_ops/CMakeFiles/simd_ops_test_op_pavgb_126.dir/x86_halide_runtime.bc.o
[627/7823] Linking CXX executable Bitcode/simd_ops/simd_ops_test_op_pavgb_126
[628/7823] Building CXX object Bitcode/simd_ops/CMakeFiles/simd_ops_test_op_pavgb_173.dir/x86_tests/test_op_pavgb_173.bc.o
[629/7823] Building CXX object Bitcode/simd_ops/CMakeFiles/simd_ops_test_op_pavgb_173.dir/x86_scalar_tests/scalar_test_op_pavgb_173.bc.o
[630/7823] Building CXX object Bitcode/simd_ops/CMakeFiles/simd_ops_test_op_pavgb_173.dir/x86_halide_runtime.bc.o
[631/7823] Linking CXX executable Bitcode/simd_ops/simd_ops_test_op_pavgb_173
[632/7823] Building CXX object Bitcode/simd_ops/CMakeFiles/simd_ops_test_op_pavgb_174.dir/x86_tests/test_op_pavgb_174.bc.o
[633/7823] Building CXX object Bitcode/simd_ops/CMakeFiles/simd_ops_test_op_pavgb_174.dir/x86_scalar_tests/scalar_test_op_pavgb_174.bc.o
[634/7823] Building CXX object Bitcode/simd_ops/CMakeFiles/simd_ops_test_op_pavgb_174.dir/x86_halide_runtime.bc.o
[635/7823] Linking CXX executable Bitcode/simd_ops/simd_ops_test_op_pavgb_174
[636/7823] Building CXX object Bitcode/simd_ops/CMakeFiles/simd_ops_test_op_pavgb_29.dir/x86_tests/test_op_pavgb_29.bc.o
[637/7823] Building CXX object Bitcode/simd_ops/CMakeFiles/simd_ops_test_op_pavgb_29.dir/x86_scalar_tests/scalar_test_op_pavgb_29.bc.o
[638/7823] Building CXX object Bitcode/simd_ops/CMakeFiles/simd_ops_test_op_pavgb_29.dir/x86_halide_runtime.bc.o
[639/7823] Linking CXX executable Bitcode/simd_ops/simd_ops_test_op_pavgb_29
[640/7823] Building CXX object Bitcode/simd_ops/CMakeFiles/simd_ops_test_op_pavgb_30.dir/x86_tests/test_op_pavgb_30.bc.o
[641/7823] Building CXX object Bitcode/simd_ops/CMakeFiles/simd_ops_test_op_pavgb_30.dir/x86_scalar_tests/scalar_test_op_pavgb_30.bc.o
[642/7823] Building CXX object Bitcode/simd_ops/CMakeFiles/simd_ops_test_op_pavgb_30.dir/x86_halide_runtime.bc.o
[643/7823] Linking CXX executable Bitcode/simd_ops/simd_ops_test_op_pavgb_30
[644/7823] Building CXX object Bitcode/simd_ops/CMakeFiles/simd_ops_test_op_pavgb_77.dir/x86_tests/test_op_pavgb_77.bc.o
[645/7823] Building CXX object Bitcode/simd_ops/CMakeFiles/simd_ops_test_op_pavgb_77.dir/x86_scalar_tests/scalar_test_op_pavgb_77.bc.o
[646/7823] Building CXX object Bitcode/simd_ops/CMakeFiles/simd_ops_test_op_pavgb_77.dir/x86_halide_runtime.bc.o
[647/7823] Linking CXX executable Bitcode/simd_ops/simd_ops_test_op_pavgb_77
[648/7823] Building CXX object Bitcode/simd_ops/CMakeFiles/simd_ops_test_op_pavgb_78.dir/x86_tests/test_op_pavgb_78.bc.o
[649/7823] Building CXX object Bitcode/simd_ops/CMakeFiles/simd_ops_test_op_pavgb_78.dir/x86_scalar_tests/scalar_test_op_pavgb_78.bc.o
[650/7823] Building CXX object Bitcode/simd_ops/CMakeFiles/simd_ops_test_op_pavgb_78.dir/x86_halide_runtime.bc.o
[651/7823] Linking CXX executable Bitcode/simd_ops/simd_ops_test_op_pavgb_78
[652/7823] Building CXX object Bitcode/simd_ops/CMakeFiles/simd_ops_test_op_pavgw_127.dir/x86_tests/test_op_pavgw_127.bc.o
[653/7823] Building CXX object Bitcode/simd_ops/CMakeFiles/simd_ops_test_op_pavgw_127.dir/x86_scalar_tests/scalar_test_op_pavgw_127.bc.o
[654/7823] Building CXX object Bitcode/simd_ops/CMakeFiles/simd_ops_test_op_pavgw_127.dir/x86_halide_runtime.bc.o
[655/7823] Linking CXX executable Bitcode/simd_ops/simd_ops_test_op_pavgw_127
[656/7823] Building CXX object Bitcode/simd_ops/CMakeFiles/simd_ops_test_op_pavgw_128.dir/x86_tests/test_op_pavgw_128.bc.o
[657/7823] Building CXX object Bitcode/simd_ops/CMakeFiles/simd_ops_test_op_pavgw_128.dir/x86_scalar_tests/scalar_test_op_pavgw_128.bc.o
[658/7823] Building CXX object Bitcode/simd_ops/CMakeFiles/simd_ops_test_op_pavgw_128.dir/x86_halide_runtime.bc.o
[659/7823] Linking CXX executable Bitcode/simd_ops/simd_ops_test_op_pavgw_128
[660/7823] Building CXX object Bitcode/simd_ops/CMakeFiles/simd_ops_test_op_pavgw_175.dir/x86_tests/test_op_pavgw_175.bc.o
[661/7823] Building CXX object Bitcode/simd_ops/CMakeFiles/simd_ops_test_op_pavgw_175.dir/x86_scalar_tests/scalar_test_op_pavgw_175.bc.o
[662/7823] Building CXX object Bitcode/simd_ops/CMakeFiles/simd_ops_test_op_pavgw_175.dir/x86_halide_runtime.bc.o
[663/7823] Linking CXX executable Bitcode/simd_ops/simd_ops_test_op_pavgw_175
[664/7823] Building CXX object Bitcode/simd_ops/CMakeFiles/simd_ops_test_op_pavgw_176.dir/x86_tests/test_op_pavgw_176.bc.o
[665/7823] Building CXX object Bitcode/simd_ops/CMakeFiles/simd_ops_test_op_pavgw_176.dir/x86_scalar_tests/scalar_test_op_pavgw_176.bc.o
[666/7823] Building CXX object Bitcode/simd_ops/CMakeFiles/simd_ops_test_op_pavgw_176.dir/x86_halide_runtime.bc.o
[667/7823] Linking CXX executable Bitcode/simd_ops/simd_ops_test_op_pavgw_176
[668/7823] Building CXX object Bitcode/simd_ops/CMakeFiles/simd_ops_test_op_pavgw_31.dir/x86_tests/test_op_pavgw_31.bc.o
[669/7823] Building CXX object Bitcode/simd_ops/CMakeFiles/simd_ops_test_op_pavgw_31.dir/x86_scalar_tests/scalar_test_op_pavgw_31.bc.o
[670/7823] Building CXX object Bitcode/simd_ops/CMakeFiles/simd_ops_test_op_pavgw_31.dir/x86_halide_runtime.bc.o
[671/7823] Linking CXX executable Bitcode/simd_ops/simd_ops_test_op_pavgw_31
[672/7823] Building CXX object Bitcode/simd_ops/CMakeFiles/simd_ops_test_op_pavgw_32.dir/x86_tests/test_op_pavgw_32.bc.o
[673/7823] Building CXX object Bitcode/simd_ops/CMakeFiles/simd_ops_test_op_pavgw_32.dir/x86_scalar_tests/scalar_test_op_pavgw_32.bc.o
[674/7823] Building CXX object Bitcode/simd_ops/CMakeFiles/simd_ops_test_op_pavgw_32.dir/x86_halide_runtime.bc.o
[675/7823] Linking CXX executable Bitcode/simd_ops/simd_ops_test_op_pavgw_32
[676/7823] Building CXX object Bitcode/simd_ops/CMakeFiles/simd_ops_test_op_pavgw_79.dir/x86_tests/test_op_pavgw_79.bc.o
[677/7823] Building CXX object Bitcode/simd_ops/CMakeFiles/simd_ops_test_op_pavgw_79.dir/x86_scalar_tests/scalar_test_op_pavgw_79.bc.o
[678/7823] Building CXX object Bitcode/simd_ops/CMakeFiles/simd_ops_test_op_pavgw_79.dir/x86_halide_runtime.bc.o
[679/7823] Linking CXX executable Bitcode/simd_ops/simd_ops_test_op_pavgw_79
[680/7823] Building CXX object Bitcode/simd_ops/CMakeFiles/simd_ops_test_op_pavgw_80.dir/x86_tests/test_op_pavgw_80.bc.o
[681/7823] Building CXX object Bitcode/simd_ops/CMakeFiles/simd_ops_test_op_pavgw_80.dir/x86_scalar_tests/scalar_test_op_pavgw_80.bc.o
[682/7823] Building C object MultiSource/Benchmarks/mediabench/adpcm/rawdaudio/CMakeFiles/rawdaudio.dir/rawdaudio.c.o
[683/7823] Building C object MultiSource/Benchmarks/mediabench/adpcm/rawdaudio/CMakeFiles/rawdaudio.dir/adpcm.c.o
[684/7823] Building CXX object Bitcode/simd_ops/CMakeFiles/simd_ops_test_op_pavgw_80.dir/x86_halide_runtime.bc.o
[685/7823] Linking C executable MultiSource/Benchmarks/mediabench/adpcm/rawdaudio/rawdaudio
[686/7823] Linking CXX executable Bitcode/simd_ops/simd_ops_test_op_pavgw_80
[687/7823] Building CXX object Bitcode/simd_ops/CMakeFiles/simd_ops_test_op_psubb_43.dir/x86_tests/test_op_psubb_43.bc.o
[688/7823] Building CXX object Bitcode/simd_ops/CMakeFiles/simd_ops_test_op_psubb_43.dir/x86_scalar_tests/scalar_test_op_psubb_43.bc.o
[689/7823] Building CXX object Bitcode/simd_ops/CMakeFiles/simd_ops_test_op_pblendvb_255.dir/x86_scalar_tests/scalar_test_op_pblendvb_255.bc.o
[690/7823] Linking CXX executable Bitcode/simd_ops/simd_ops_test_op_pblendvb_255
[691/7823] Building CXX object Bitcode/simd_ops/CMakeFiles/simd_ops_test_op_psubb_43.dir/x86_halide_runtime.bc.o
[692/7823] Linking CXX executable Bitcode/simd_ops/simd_ops_test_op_psubb_43
[693/7823] Building CXX object Bitcode/simd_ops/CMakeFiles/simd_ops_test_op_pblendvb_256.dir/x86_tests/test_op_pblendvb_256.bc.o
[694/7823] Building CXX object Bitcode/simd_ops/CMakeFiles/simd_ops_test_op_pblendvb_256.dir/x86_scalar_tests/scalar_test_op_pblendvb_256.bc.o
[695/7823] Building CXX object Bitcode/simd_ops/CMakeFiles/simd_ops_test_op_pblendvb_256.dir/x86_halide_runtime.bc.o
[696/7823] Linking CXX executable Bitcode/simd_ops/simd_ops_test_op_pblendvb_256
[697/7823] Building CXX object Bitcode/simd_ops/CMakeFiles/simd_ops_test_op_pblendvb_257.dir/x86_tests/test_op_pblendvb_257.bc.o
[698/7823] Building CXX object Bitcode/simd_ops/CMakeFiles/simd_ops_test_op_pblendvb_257.dir/x86_scalar_tests/scalar_test_op_pblendvb_257.bc.o
[699/7823] Building CXX object Bitcode/simd_ops/CMakeFiles/simd_ops_test_op_pblendvb_257.dir/x86_halide_runtime.bc.o
[700/7823] Linking CXX executable Bitcode/simd_ops/simd_ops_test_op_pblendvb_257
[701/7823] Building CXX object Bitcode/simd_ops/CMakeFiles/simd_ops_test_op_pblendvb_278.dir/x86_tests/test_op_pblendvb_278.bc.o
[702/7823] Building CXX object Bitcode/simd_ops/CMakeFiles/simd_ops_test_op_pblendvb_278.dir/x86_scalar_tests/scalar_test_op_pblendvb_278.bc.o
[703/7823] Building CXX object Bitcode/simd_ops/CMakeFiles/simd_ops_test_op_pblendvb_278.dir/x86_halide_runtime.bc.o
[704/7823] Linking CXX executable Bitcode/simd_ops/simd_ops_test_op_pblendvb_278
[705/7823] Building CXX object Bitcode/simd_ops/CMakeFiles/simd_ops_test_op_psubd_96.dir/x86_halide_runtime.bc.o
[706/7823] Building CXX object Bitcode/simd_ops/CMakeFiles/simd_ops_test_op_pblendvb_279.dir/x86_tests/test_op_pblendvb_279.bc.o
[707/7823] Building CXX object Bitcode/simd_ops/CMakeFiles/simd_ops_test_op_pblendvb_279.dir/x86_scalar_tests/scalar_test_op_pblendvb_279.bc.o
[708/7823] Building CXX object Bitcode/simd_ops/CMakeFiles/simd_ops_test_op_pblendvb_279.dir/x86_halide_runtime.bc.o
[709/7823] Linking CXX executable Bitcode/simd_ops/simd_ops_test_op_pblendvb_279
[710/7823] Building CXX object Bitcode/simd_ops/CMakeFiles/simd_ops_test_op_psubq_200.dir/x86_tests/test_op_psubq_200.bc.o
[711/7823] Building CXX object Bitcode/simd_ops/CMakeFiles/simd_ops_test_op_pblendvb_280.dir/x86_tests/test_op_pblendvb_280.bc.o
[712/7823] Building CXX object Bitcode/simd_ops/CMakeFiles/simd_ops_test_op_pblendvb_280.dir/x86_scalar_tests/scalar_test_op_pblendvb_280.bc.o
[713/7823] Building CXX object Bitcode/simd_ops/CMakeFiles/simd_ops_test_op_pblendvb_280.dir/x86_halide_runtime.bc.o
[714/7823] Linking CXX executable Bitcode/simd_ops/simd_ops_test_op_pblendvb_280
[715/7823] Building CXX object Bitcode/simd_ops/CMakeFiles/simd_ops_test_op_psubq_215.dir/x86_tests/test_op_psubq_215.bc.o
[716/7823] Building CXX object Bitcode/simd_ops/CMakeFiles/simd_ops_test_op_pblendvb_301.dir/x86_tests/test_op_pblendvb_301.bc.o
[717/7823] Building CXX object Bitcode/simd_ops/CMakeFiles/simd_ops_test_op_pblendvb_301.dir/x86_scalar_tests/scalar_test_op_pblendvb_301.bc.o
[718/7823] Linking CXX executable Bitcode/simd_ops/simd_ops_test_op_pblendvb_301
[719/7823] Building CXX object Bitcode/simd_ops/CMakeFiles/simd_ops_test_op_psubq_215.dir/x86_halide_runtime.bc.o
[720/7823] Building CXX object Bitcode/simd_ops/CMakeFiles/simd_ops_test_op_pblendvb_302.dir/x86_tests/test_op_pblendvb_302.bc.o
[721/7823] Building CXX object Bitcode/simd_ops/CMakeFiles/simd_ops_test_op_pblendvb_302.dir/x86_scalar_tests/scalar_test_op_pblendvb_302.bc.o
[722/7823] Building CXX object Bitcode/simd_ops/CMakeFiles/simd_ops_test_op_pblendvb_302.dir/x86_halide_runtime.bc.o
[723/7823] Linking CXX executable Bitcode/simd_ops/simd_ops_test_op_pblendvb_302
[724/7823] Building CXX object Bitcode/simd_ops/CMakeFiles/simd_ops_test_op_pblendvb_303.dir/x86_halide_runtime.bc.o
[725/7823] Building CXX object Bitcode/simd_ops/CMakeFiles/simd_ops_test_op_pblendvb_303.dir/x86_tests/test_op_pblendvb_303.bc.o
[726/7823] Building CXX object Bitcode/simd_ops/CMakeFiles/simd_ops_test_op_pblendvb_303.dir/x86_scalar_tests/scalar_test_op_pblendvb_303.bc.o
[727/7823] Linking CXX executable Bitcode/simd_ops/simd_ops_test_op_pblendvb_303
[728/7823] Building CXX object Bitcode/simd_ops/CMakeFiles/simd_ops_test_op_pcmpeqb_111.dir/x86_tests/test_op_pcmpeqb_111.bc.o
[729/7823] Building CXX object Bitcode/simd_ops/CMakeFiles/simd_ops_test_op_pcmpeqb_111.dir/x86_scalar_tests/scalar_test_op_pcmpeqb_111.bc.o
[730/7823] Building CXX object Bitcode/simd_ops/CMakeFiles/simd_ops_test_op_pcmpeqb_111.dir/x86_halide_runtime.bc.o
[731/7823] Linking CXX executable Bitcode/simd_ops/simd_ops_test_op_pcmpeqb_111
[732/7823] Building CXX object Bitcode/simd_ops/CMakeFiles/simd_ops_test_op_pcmpeqb_15.dir/x86_tests/test_op_pcmpeqb_15.bc.o
[733/7823] Building CXX object Bitcode/simd_ops/CMakeFiles/simd_ops_test_op_pcmpeqb_15.dir/x86_halide_runtime.bc.o
[734/7823] Building CXX object Bitcode/simd_ops/CMakeFiles/simd_ops_test_op_pcmpeqb_15.dir/x86_scalar_tests/scalar_test_op_pcmpeqb_15.bc.o
[735/7823] Linking CXX executable Bitcode/simd_ops/simd_ops_test_op_pcmpeqb_15
[736/7823] Building CXX object Bitcode/simd_ops/CMakeFiles/simd_ops_test_op_pcmpeqb_159.dir/x86_tests/test_op_pcmpeqb_159.bc.o
[737/7823] Building CXX object Bitcode/simd_ops/CMakeFiles/simd_ops_test_op_pcmpeqb_159.dir/x86_scalar_tests/scalar_test_op_pcmpeqb_159.bc.o
[738/7823] Building CXX object Bitcode/simd_ops/CMakeFiles/simd_ops_test_op_pcmpeqb_159.dir/x86_halide_runtime.bc.o
[739/7823] Linking CXX executable Bitcode/simd_ops/simd_ops_test_op_pcmpeqb_159
[740/7823] Building CXX object Bitcode/simd_ops/CMakeFiles/simd_ops_test_op_pcmpeqb_63.dir/x86_tests/test_op_pcmpeqb_63.bc.o
[741/7823] Building CXX object Bitcode/simd_ops/CMakeFiles/simd_ops_test_op_pcmpeqb_63.dir/x86_scalar_tests/scalar_test_op_pcmpeqb_63.bc.o
[742/7823] Building CXX object Bitcode/simd_ops/CMakeFiles/simd_ops_test_op_pcmpeqb_63.dir/x86_halide_runtime.bc.o
[743/7823] Linking CXX executable Bitcode/simd_ops/simd_ops_test_op_pcmpeqb_63
[744/7823] Building CXX object Bitcode/simd_ops/CMakeFiles/simd_ops_test_op_pcmpeqd_115.dir/x86_tests/test_op_pcmpeqd_115.bc.o
[745/7823] Building CXX object Bitcode/simd_ops/CMakeFiles/simd_ops_test_op_pcmpeqd_115.dir/x86_scalar_tests/scalar_test_op_pcmpeqd_115.bc.o
[746/7823] Building CXX object Bitcode/simd_ops/CMakeFiles/simd_ops_test_op_pcmpeqd_115.dir/x86_halide_runtime.bc.o
[747/7823] Linking CXX executable Bitcode/simd_ops/simd_ops_test_op_pcmpeqd_115
[748/7823] Building CXX object Bitcode/simd_ops/CMakeFiles/simd_ops_test_op_pcmpeqd_163.dir/x86_tests/test_op_pcmpeqd_163.bc.o
[749/7823] Building CXX object Bitcode/simd_ops/CMakeFiles/simd_ops_test_op_pcmpeqd_163.dir/x86_scalar_tests/scalar_test_op_pcmpeqd_163.bc.o
[750/7823] Building CXX object Bitcode/simd_ops/CMakeFiles/simd_ops_test_op_pcmpeqd_163.dir/x86_halide_runtime.bc.o
[751/7823] Linking CXX executable Bitcode/simd_ops/simd_ops_test_op_pcmpeqd_163
[752/7823] Building CXX object Bitcode/simd_ops/CMakeFiles/simd_ops_test_op_pcmpeqd_19.dir/x86_tests/test_op_pcmpeqd_19.bc.o
[753/7823] Building CXX object Bitcode/simd_ops/CMakeFiles/simd_ops_test_op_pcmpeqd_19.dir/x86_scalar_tests/scalar_test_op_pcmpeqd_19.bc.o
[754/7823] Building CXX object Bitcode/simd_ops/CMakeFiles/simd_ops_test_op_pcmpeqd_19.dir/x86_halide_runtime.bc.o
[755/7823] Linking CXX executable Bitcode/simd_ops/simd_ops_test_op_pcmpeqd_19
[756/7823] Building CXX object Bitcode/simd_ops/CMakeFiles/simd_ops_test_op_pcmpeqd_67.dir/x86_tests/test_op_pcmpeqd_67.bc.o
[757/7823] Building CXX object Bitcode/simd_ops/CMakeFiles/simd_ops_test_op_pcmpeqd_67.dir/x86_scalar_tests/scalar_test_op_pcmpeqd_67.bc.o
[758/7823] Building CXX object Bitcode/simd_ops/CMakeFiles/simd_ops_test_op_pcmpeqd_67.dir/x86_halide_runtime.bc.o
[759/7823] Linking CXX executable Bitcode/simd_ops/simd_ops_test_op_pcmpeqd_67
[760/7823] Building CXX object Bitcode/simd_ops/CMakeFiles/simd_ops_test_op_pcmpeqq_272.dir/x86_tests/test_op_pcmpeqq_272.bc.o
[761/7823] Building CXX object Bitcode/simd_ops/CMakeFiles/simd_ops_test_op_pcmpeqq_272.dir/x86_scalar_tests/scalar_test_op_pcmpeqq_272.bc.o
[762/7823] Building CXX object Bitcode/simd_ops/CMakeFiles/simd_ops_test_op_pcmpeqq_272.dir/x86_halide_runtime.bc.o
[763/7823] Linking CXX executable Bitcode/simd_ops/simd_ops_test_op_pcmpeqq_272
[764/7823] Building CXX object Bitcode/simd_ops/CMakeFiles/simd_ops_test_op_pcmpeqq_295.dir/x86_halide_runtime.bc.o
[765/7823] Linking CXX executable Bitcode/simd_ops/simd_ops_test_op_pcmpeqq_295
[766/7823] Building CXX object Bitcode/simd_ops/CMakeFiles/simd_ops_test_op_vpcmpgtw_369.dir/x86_tests/test_op_vpcmpgtw_369.bc.o
[767/7823] Building CXX object Bitcode/simd_ops/CMakeFiles/simd_ops_test_op_vpcmpgtw_369.dir/x86_scalar_tests/scalar_test_op_vpcmpgtw_369.bc.o
[768/7823] Building CXX object Bitcode/simd_ops/CMakeFiles/simd_ops_test_op_vpcmpgtw_369.dir/x86_halide_runtime.bc.o
[769/7823] Linking CXX executable Bitcode/simd_ops/simd_ops_test_op_vpcmpgtw_369
[770/7823] Building CXX object Bitcode/simd_ops/CMakeFiles/simd_ops_test_op_vpmaddwd_250.dir/x86_tests/test_op_vpmaddwd_250.bc.o
[771/7823] Building CXX object Bitcode/simd_ops/CMakeFiles/simd_ops_test_op_vpmaddwd_250.dir/x86_scalar_tests/scalar_test_op_vpmaddwd_250.bc.o
[772/7823] Building CXX object Bitcode/simd_ops/CMakeFiles/simd_ops_test_op_vpmaddwd_250.dir/x86_halide_runtime.bc.o
[773/7823] Building CXX object Bitcode/simd_ops/CMakeFiles/simd_ops_test_op_pcmpeqq_318.dir/x86_tests/test_op_pcmpeqq_318.bc.o
[774/7823] Building CXX object Bitcode/simd_ops/CMakeFiles/simd_ops_test_op_pcmpeqq_318.dir/x86_scalar_tests/scalar_test_op_pcmpeqq_318.bc.o
[775/7823] Building CXX object Bitcode/simd_ops/CMakeFiles/simd_ops_test_op_pcmpeqq_318.dir/x86_halide_runtime.bc.o
[776/7823] Linking CXX executable Bitcode/simd_ops/simd_ops_test_op_pcmpeqq_318
[777/7823] Building CXX object Bitcode/simd_ops/CMakeFiles/simd_ops_test_op_pcmpeqw_113.dir/x86_tests/test_op_pcmpeqw_113.bc.o
[778/7823] Building CXX object Bitcode/simd_ops/CMakeFiles/simd_ops_test_op_pcmpeqw_113.dir/x86_scalar_tests/scalar_test_op_pcmpeqw_113.bc.o
[779/7823] Building CXX object Bitcode/simd_ops/CMakeFiles/simd_ops_test_op_pcmpeqw_113.dir/x86_halide_runtime.bc.o
[780/7823] Linking CXX executable Bitcode/simd_ops/simd_ops_test_op_pcmpeqw_113
[781/7823] Building CXX object Bitcode/simd_ops/CMakeFiles/simd_ops_test_op_pcmpeqw_161.dir/x86_tests/test_op_pcmpeqw_161.bc.o
[782/7823] Building CXX object Bitcode/simd_ops/CMakeFiles/simd_ops_test_op_pcmpeqw_161.dir/x86_scalar_tests/scalar_test_op_pcmpeqw_161.bc.o
[783/7823] Building CXX object Bitcode/simd_ops/CMakeFiles/simd_ops_test_op_pcmpeqw_161.dir/x86_halide_runtime.bc.o
[784/7823] Linking CXX executable Bitcode/simd_ops/simd_ops_test_op_pcmpeqw_161
[785/7823] Building CXX object Bitcode/simd_ops/CMakeFiles/simd_ops_test_op_pcmpeqw_17.dir/x86_tests/test_op_pcmpeqw_17.bc.o
[786/7823] Building CXX object Bitcode/simd_ops/CMakeFiles/simd_ops_test_op_pcmpeqw_17.dir/x86_halide_runtime.bc.o
[787/7823] Building CXX object Bitcode/simd_ops/CMakeFiles/simd_ops_test_op_pcmpeqw_17.dir/x86_scalar_tests/scalar_test_op_pcmpeqw_17.bc.o
[788/7823] Linking CXX executable Bitcode/simd_ops/simd_ops_test_op_pcmpeqw_17
[789/7823] Building CXX object Bitcode/simd_ops/CMakeFiles/simd_ops_test_op_pcmpeqw_65.dir/x86_tests/test_op_pcmpeqw_65.bc.o
[790/7823] Building CXX object Bitcode/simd_ops/CMakeFiles/simd_ops_test_op_pcmpeqw_65.dir/x86_scalar_tests/scalar_test_op_pcmpeqw_65.bc.o
[791/7823] Building CXX object Bitcode/simd_ops/CMakeFiles/simd_ops_test_op_pcmpeqw_65.dir/x86_halide_runtime.bc.o
[792/7823] Linking CXX executable Bitcode/simd_ops/simd_ops_test_op_pcmpeqw_65
[793/7823] Building CXX object Bitcode/simd_ops/CMakeFiles/simd_ops_test_op_pcmpgtb_112.dir/x86_tests/test_op_pcmpgtb_112.bc.o
[794/7823] Building CXX object Bitcode/simd_ops/CMakeFiles/simd_ops_test_op_pcmpgtb_112.dir/x86_scalar_tests/scalar_test_op_pcmpgtb_112.bc.o
[795/7823] Building CXX object Bitcode/simd_ops/CMakeFiles/simd_ops_test_op_pcmpgtb_112.dir/x86_halide_runtime.bc.o
[796/7823] Linking CXX executable Bitcode/simd_ops/simd_ops_test_op_pcmpgtb_112
[797/7823] Building CXX object Bitcode/simd_ops/CMakeFiles/simd_ops_test_op_pcmpgtb_16.dir/x86_tests/test_op_pcmpgtb_16.bc.o
[798/7823] Building CXX object Bitcode/simd_ops/CMakeFiles/simd_ops_test_op_pcmpgtb_16.dir/x86_scalar_tests/scalar_test_op_pcmpgtb_16.bc.o
[799/7823] Building CXX object Bitcode/simd_ops/CMakeFiles/simd_ops_test_op_pcmpgtb_16.dir/x86_halide_runtime.bc.o
[800/7823] Linking CXX executable Bitcode/simd_ops/simd_ops_test_op_pcmpgtb_16
[801/7823] Building CXX object Bitcode/simd_ops/CMakeFiles/simd_ops_test_op_pcmpgtb_160.dir/x86_tests/test_op_pcmpgtb_160.bc.o
[802/7823] Building CXX object Bitcode/simd_ops/CMakeFiles/simd_ops_test_op_pcmpgtb_160.dir/x86_scalar_tests/scalar_test_op_pcmpgtb_160.bc.o
[803/7823] Building CXX object Bitcode/simd_ops/CMakeFiles/simd_ops_test_op_pcmpgtb_160.dir/x86_halide_runtime.bc.o
[804/7823] Linking CXX executable Bitcode/simd_ops/simd_ops_test_op_pcmpgtb_160
[805/7823] Building CXX object Bitcode/simd_ops/CMakeFiles/simd_ops_test_op_pcmpgtb_64.dir/x86_tests/test_op_pcmpgtb_64.bc.o
[806/7823] Building CXX object Bitcode/simd_ops/CMakeFiles/simd_ops_test_op_pcmpgtb_64.dir/x86_scalar_tests/scalar_test_op_pcmpgtb_64.bc.o
[807/7823] Building CXX object Bitcode/simd_ops/CMakeFiles/simd_ops_test_op_pcmpgtb_64.dir/x86_halide_runtime.bc.o
[808/7823] Linking CXX executable Bitcode/simd_ops/simd_ops_test_op_pcmpgtb_64
[809/7823] Building CXX object Bitcode/simd_ops/CMakeFiles/simd_ops_test_op_pcmpgtd_116.dir/x86_tests/test_op_pcmpgtd_116.bc.o
[810/7823] Building CXX object Bitcode/simd_ops/CMakeFiles/simd_ops_test_op_pcmpgtd_116.dir/x86_scalar_tests/scalar_test_op_pcmpgtd_116.bc.o
[811/7823] Building CXX object Bitcode/simd_ops/CMakeFiles/simd_ops_test_op_pcmpgtd_116.dir/x86_halide_runtime.bc.o
[812/7823] Linking CXX executable Bitcode/simd_ops/simd_ops_test_op_pcmpgtd_116
[813/7823] Building CXX object Bitcode/simd_ops/CMakeFiles/simd_ops_test_op_pcmpgtd_164.dir/x86_tests/test_op_pcmpgtd_164.bc.o
[814/7823] Building CXX object Bitcode/simd_ops/CMakeFiles/simd_ops_test_op_pcmpgtd_164.dir/x86_scalar_tests/scalar_test_op_pcmpgtd_164.bc.o
[815/7823] Building CXX object Bitcode/simd_ops/CMakeFiles/simd_ops_test_op_pcmpgtd_164.dir/x86_halide_runtime.bc.o
[816/7823] Linking CXX executable Bitcode/simd_ops/simd_ops_test_op_pcmpgtd_164
[817/7823] Building CXX object Bitcode/simd_ops/CMakeFiles/simd_ops_test_op_pcmpgtd_20.dir/x86_tests/test_op_pcmpgtd_20.bc.o
[818/7823] Building CXX object Bitcode/simd_ops/CMakeFiles/simd_ops_test_op_pcmpgtd_20.dir/x86_scalar_tests/scalar_test_op_pcmpgtd_20.bc.o
[819/7823] Building CXX object Bitcode/simd_ops/CMakeFiles/simd_ops_test_op_pcmpgtd_20.dir/x86_halide_runtime.bc.o
[820/7823] Linking CXX executable Bitcode/simd_ops/simd_ops_test_op_pcmpgtd_20
[821/7823] Building CXX object Bitcode/simd_ops/CMakeFiles/simd_ops_test_op_pcmpgtd_68.dir/x86_tests/test_op_pcmpgtd_68.bc.o
[822/7823] Building CXX object Bitcode/simd_ops/CMakeFiles/simd_ops_test_op_pcmpgtd_68.dir/x86_scalar_tests/scalar_test_op_pcmpgtd_68.bc.o
[823/7823] Building CXX object Bitcode/simd_ops/CMakeFiles/simd_ops_test_op_pcmpgtd_68.dir/x86_halide_runtime.bc.o
[824/7823] Linking CXX executable Bitcode/simd_ops/simd_ops_test_op_pcmpgtd_68
[825/7823] Building CXX object Bitcode/simd_ops/CMakeFiles/simd_ops_test_op_pcmpgtq_320.dir/x86_tests/test_op_pcmpgtq_320.bc.o
[826/7823] Building CXX object Bitcode/simd_ops/CMakeFiles/simd_ops_test_op_pcmpgtq_320.dir/x86_scalar_tests/scalar_test_op_pcmpgtq_320.bc.o
[827/7823] Building CXX object Bitcode/simd_ops/CMakeFiles/simd_ops_test_op_pcmpgtq_320.dir/x86_halide_runtime.bc.o
[828/7823] Linking CXX executable Bitcode/simd_ops/simd_ops_test_op_pcmpgtq_320
[829/7823] Building CXX object Bitcode/simd_ops/CMakeFiles/simd_ops_test_op_pcmpgtw_114.dir/x86_tests/test_op_pcmpgtw_114.bc.o
[830/7823] Building CXX object Bitcode/simd_ops/CMakeFiles/simd_ops_test_op_pcmpgtw_114.dir/x86_scalar_tests/scalar_test_op_pcmpgtw_114.bc.o
[831/7823] Building CXX object Bitcode/simd_ops/CMakeFiles/simd_ops_test_op_pcmpgtw_114.dir/x86_halide_runtime.bc.o
[832/7823] Linking CXX executable Bitcode/simd_ops/simd_ops_test_op_pcmpgtw_114
[833/7823] Building CXX object Bitcode/simd_ops/CMakeFiles/simd_ops_test_op_pcmpgtw_162.dir/x86_tests/test_op_pcmpgtw_162.bc.o
[834/7823] Building CXX object Bitcode/simd_ops/CMakeFiles/simd_ops_test_op_pcmpgtw_162.dir/x86_scalar_tests/scalar_test_op_pcmpgtw_162.bc.o
[835/7823] Building CXX object Bitcode/simd_ops/CMakeFiles/simd_ops_test_op_pcmpgtw_162.dir/x86_halide_runtime.bc.o
[836/7823] Linking CXX executable Bitcode/simd_ops/simd_ops_test_op_pcmpgtw_162
[837/7823] Building CXX object Bitcode/simd_ops/CMakeFiles/simd_ops_test_op_pcmpgtw_18.dir/x86_tests/test_op_pcmpgtw_18.bc.o
[838/7823] Building CXX object Bitcode/simd_ops/CMakeFiles/simd_ops_test_op_pcmpgtw_18.dir/x86_scalar_tests/scalar_test_op_pcmpgtw_18.bc.o
[839/7823] Building CXX object Bitcode/simd_ops/CMakeFiles/simd_ops_test_op_pcmpgtw_18.dir/x86_halide_runtime.bc.o
[840/7823] Linking CXX executable Bitcode/simd_ops/simd_ops_test_op_pcmpgtw_18
[841/7823] Building CXX object Bitcode/simd_ops/CMakeFiles/simd_ops_test_op_pcmpgtw_66.dir/x86_tests/test_op_pcmpgtw_66.bc.o
[842/7823] Building CXX object Bitcode/simd_ops/CMakeFiles/simd_ops_test_op_pcmpgtw_66.dir/x86_scalar_tests/scalar_test_op_pcmpgtw_66.bc.o
[843/7823] Building CXX object Bitcode/simd_ops/CMakeFiles/simd_ops_test_op_pcmpgtw_66.dir/x86_halide_runtime.bc.o
[844/7823] Linking CXX executable Bitcode/simd_ops/simd_ops_test_op_pcmpgtw_66
[845/7823] Building CXX object Bitcode/simd_ops/CMakeFiles/simd_ops_test_op_pmaddwd_244.dir/x86_tests/test_op_pmaddwd_244.bc.o
[846/7823] Building CXX object Bitcode/simd_ops/CMakeFiles/simd_ops_test_op_pmaddwd_244.dir/x86_scalar_tests/scalar_test_op_pmaddwd_244.bc.o
[847/7823] Building CXX object Bitcode/simd_ops/CMakeFiles/simd_ops_test_op_pmaddwd_244.dir/x86_halide_runtime.bc.o
[848/7823] Linking CXX executable Bitcode/simd_ops/simd_ops_test_op_pmaddwd_244
[849/7823] Building CXX object Bitcode/simd_ops/CMakeFiles/simd_ops_test_op_pmaddwd_245.dir/x86_tests/test_op_pmaddwd_245.bc.o
[850/7823] Building CXX object Bitcode/simd_ops/CMakeFiles/simd_ops_test_op_pmaddwd_245.dir/x86_scalar_tests/scalar_test_op_pmaddwd_245.bc.o
[851/7823] Building CXX object Bitcode/simd_ops/CMakeFiles/simd_ops_test_op_pmaddwd_245.dir/x86_halide_runtime.bc.o
[852/7823] Linking CXX executable Bitcode/simd_ops/simd_ops_test_op_pmaddwd_245
[853/7823] Building CXX object Bitcode/simd_ops/CMakeFiles/simd_ops_test_op_pmaddwd_246.dir/x86_tests/test_op_pmaddwd_246.bc.o
[854/7823] Building CXX object Bitcode/simd_ops/CMakeFiles/simd_ops_test_op_pmaddwd_246.dir/x86_scalar_tests/scalar_test_op_pmaddwd_246.bc.o
[855/7823] Building CXX object Bitcode/simd_ops/CMakeFiles/simd_ops_test_op_pmaddwd_246.dir/x86_halide_runtime.bc.o
[856/7823] Linking CXX executable Bitcode/simd_ops/simd_ops_test_op_pmaddwd_246
[857/7823] Building CXX object Bitcode/simd_ops/CMakeFiles/simd_ops_test_op_pmaddwd_247.dir/x86_tests/test_op_pmaddwd_247.bc.o
[858/7823] Building CXX object Bitcode/simd_ops/CMakeFiles/simd_ops_test_op_pmaddwd_247.dir/x86_scalar_tests/scalar_test_op_pmaddwd_247.bc.o
[859/7823] Building CXX object Bitcode/simd_ops/CMakeFiles/simd_ops_test_op_pmaddwd_247.dir/x86_halide_runtime.bc.o
[860/7823] Linking CXX executable Bitcode/simd_ops/simd_ops_test_op_pmaddwd_247
[861/7823] Building CXX object Bitcode/simd_ops/CMakeFiles/simd_ops_test_op_pmaddwd_248.dir/x86_tests/test_op_pmaddwd_248.bc.o
[862/7823] Building CXX object Bitcode/simd_ops/CMakeFiles/simd_ops_test_op_pmaddwd_248.dir/x86_scalar_tests/scalar_test_op_pmaddwd_248.bc.o
[863/7823] Building CXX object Bitcode/simd_ops/CMakeFiles/simd_ops_test_op_pmaddwd_248.dir/x86_halide_runtime.bc.o
[864/7823] Linking CXX executable Bitcode/simd_ops/simd_ops_test_op_pmaddwd_248
[865/7823] Building CXX object Bitcode/simd_ops/CMakeFiles/simd_ops_test_op_pmaddwd_249.dir/x86_tests/test_op_pmaddwd_249.bc.o
[866/7823] Building CXX object Bitcode/simd_ops/CMakeFiles/simd_ops_test_op_pmaddwd_249.dir/x86_scalar_tests/scalar_test_op_pmaddwd_249.bc.o
[867/7823] Building CXX object Bitcode/simd_ops/CMakeFiles/simd_ops_test_op_pmaddwd_249.dir/x86_halide_runtime.bc.o
[868/7823] Linking CXX executable Bitcode/simd_ops/simd_ops_test_op_pmaddwd_249
[869/7823] Building CXX object Bitcode/simd_ops/CMakeFiles/simd_ops_test_op_pmaxsb_258.dir/x86_tests/test_op_pmaxsb_258.bc.o
[870/7823] Building CXX object Bitcode/simd_ops/CMakeFiles/simd_ops_test_op_pmaxsb_258.dir/x86_scalar_tests/scalar_test_op_pmaxsb_258.bc.o
[871/7823] Building CXX object Bitcode/simd_ops/CMakeFiles/simd_ops_test_op_pmaxsb_258.dir/x86_halide_runtime.bc.o
[872/7823] Linking CXX executable Bitcode/simd_ops/simd_ops_test_op_pmaxsb_258
[873/7823] Building CXX object Bitcode/simd_ops/CMakeFiles/simd_ops_test_op_pmaxsb_281.dir/x86_tests/test_op_pmaxsb_281.bc.o
[874/7823] Building CXX object Bitcode/simd_ops/CMakeFiles/simd_ops_test_op_pmaxsb_281.dir/x86_scalar_tests/scalar_test_op_pmaxsb_281.bc.o
[875/7823] Building CXX object Bitcode/simd_ops/CMakeFiles/simd_ops_test_op_pmaxsb_281.dir/x86_halide_runtime.bc.o
[876/7823] Linking CXX executable Bitcode/simd_ops/simd_ops_test_op_pmaxsb_281
[877/7823] Building CXX object Bitcode/simd_ops/CMakeFiles/simd_ops_test_op_pmaxsb_304.dir/x86_tests/test_op_pmaxsb_304.bc.o
[878/7823] Building CXX object Bitcode/simd_ops/CMakeFiles/simd_ops_test_op_pmaxsb_304.dir/x86_scalar_tests/scalar_test_op_pmaxsb_304.bc.o
[879/7823] Building CXX object Bitcode/simd_ops/CMakeFiles/simd_ops_test_op_pmaxsb_304.dir/x86_halide_runtime.bc.o
[880/7823] Linking CXX executable Bitcode/simd_ops/simd_ops_test_op_pmaxsb_304
[881/7823] Building CXX object Bitcode/simd_ops/CMakeFiles/simd_ops_test_op_pmaxsd_264.dir/x86_tests/test_op_pmaxsd_264.bc.o
[882/7823] Building CXX object Bitcode/simd_ops/CMakeFiles/simd_ops_test_op_pmaxsd_264.dir/x86_scalar_tests/scalar_test_op_pmaxsd_264.bc.o
[883/7823] Building CXX object Bitcode/simd_ops/CMakeFiles/simd_ops_test_op_pmaxsd_264.dir/x86_halide_runtime.bc.o
[884/7823] Linking CXX executable Bitcode/simd_ops/simd_ops_test_op_pmaxsd_264
[885/7823] Building CXX object Bitcode/simd_ops/CMakeFiles/simd_ops_test_op_pmaxsd_287.dir/x86_tests/test_op_pmaxsd_287.bc.o
[886/7823] Building CXX object Bitcode/simd_ops/CMakeFiles/simd_ops_test_op_pmaxsd_287.dir/x86_scalar_tests/scalar_test_op_pmaxsd_287.bc.o
[887/7823] Building CXX object Bitcode/simd_ops/CMakeFiles/simd_ops_test_op_pmaxsd_287.dir/x86_halide_runtime.bc.o
[888/7823] Linking CXX executable Bitcode/simd_ops/simd_ops_test_op_pmaxsd_287
[889/7823] Building CXX object Bitcode/simd_ops/CMakeFiles/simd_ops_test_op_pmaxsd_310.dir/x86_tests/test_op_pmaxsd_310.bc.o
[890/7823] Building CXX object Bitcode/simd_ops/CMakeFiles/simd_ops_test_op_pmaxsd_310.dir/x86_scalar_tests/scalar_test_op_pmaxsd_310.bc.o
[891/7823] Building CXX object Bitcode/simd_ops/CMakeFiles/simd_ops_test_op_pmaxsd_310.dir/x86_halide_runtime.bc.o
[892/7823] Linking CXX executable Bitcode/simd_ops/simd_ops_test_op_pmaxsd_310
[893/7823] Building CXX object Bitcode/simd_ops/CMakeFiles/simd_ops_test_op_pmaxsw_129.dir/x86_tests/test_op_pmaxsw_129.bc.o
[894/7823] Building CXX object Bitcode/simd_ops/CMakeFiles/simd_ops_test_op_pmaxsw_129.dir/x86_scalar_tests/scalar_test_op_pmaxsw_129.bc.o
[895/7823] Building CXX object Bitcode/simd_ops/CMakeFiles/simd_ops_test_op_pmaxsw_129.dir/x86_halide_runtime.bc.o
[896/7823] Linking CXX executable Bitcode/simd_ops/simd_ops_test_op_pmaxsw_129
[897/7823] Building CXX object Bitcode/simd_ops/CMakeFiles/simd_ops_test_op_pmaxsw_177.dir/x86_tests/test_op_pmaxsw_177.bc.o
[898/7823] Building CXX object Bitcode/simd_ops/CMakeFiles/simd_ops_test_op_pmaxsw_177.dir/x86_scalar_tests/scalar_test_op_pmaxsw_177.bc.o
[899/7823] Building CXX object Bitcode/simd_ops/CMakeFiles/simd_ops_test_op_pmaxsw_177.dir/x86_halide_runtime.bc.o
[900/7823] Linking CXX executable Bitcode/simd_ops/simd_ops_test_op_pmaxsw_177
[901/7823] Building CXX object Bitcode/simd_ops/CMakeFiles/simd_ops_test_op_pmaxsw_33.dir/x86_tests/test_op_pmaxsw_33.bc.o
[902/7823] Building CXX object Bitcode/simd_ops/CMakeFiles/simd_ops_test_op_pmaxsw_33.dir/x86_scalar_tests/scalar_test_op_pmaxsw_33.bc.o
[903/7823] Building CXX object Bitcode/simd_ops/CMakeFiles/simd_ops_test_op_pmaxsw_33.dir/x86_halide_runtime.bc.o
[904/7823] Linking CXX executable Bitcode/simd_ops/simd_ops_test_op_pmaxsw_33
[905/7823] Building CXX object Bitcode/simd_ops/CMakeFiles/simd_ops_test_op_pmaxsw_81.dir/x86_tests/test_op_pmaxsw_81.bc.o
[906/7823] Building CXX object Bitcode/simd_ops/CMakeFiles/simd_ops_test_op_pmaxsw_81.dir/x86_scalar_tests/scalar_test_op_pmaxsw_81.bc.o
[907/7823] Building CXX object Bitcode/simd_ops/CMakeFiles/simd_ops_test_op_pmaxsw_81.dir/x86_halide_runtime.bc.o
[908/7823] Linking CXX executable Bitcode/simd_ops/simd_ops_test_op_pmaxsw_81
[909/7823] Building CXX object Bitcode/simd_ops/CMakeFiles/simd_ops_test_op_pmaxub_131.dir/x86_tests/test_op_pmaxub_131.bc.o
[910/7823] Building CXX object Bitcode/simd_ops/CMakeFiles/simd_ops_test_op_pmaxub_131.dir/x86_scalar_tests/scalar_test_op_pmaxub_131.bc.o
[911/7823] Building CXX object Bitcode/simd_ops/CMakeFiles/simd_ops_test_op_pmaxub_131.dir/x86_halide_runtime.bc.o
[912/7823] Linking CXX executable Bitcode/simd_ops/simd_ops_test_op_pmaxub_131
[913/7823] Building CXX object Bitcode/simd_ops/CMakeFiles/simd_ops_test_op_pmaxub_179.dir/x86_tests/test_op_pmaxub_179.bc.o
[914/7823] Building CXX object Bitcode/simd_ops/CMakeFiles/simd_ops_test_op_pmaxub_179.dir/x86_scalar_tests/scalar_test_op_pmaxub_179.bc.o
[915/7823] Building CXX object Bitcode/simd_ops/CMakeFiles/simd_ops_test_op_pmaxub_179.dir/x86_halide_runtime.bc.o
[916/7823] Linking CXX executable Bitcode/simd_ops/simd_ops_test_op_pmaxub_179
[917/7823] Building CXX object Bitcode/simd_ops/CMakeFiles/simd_ops_test_op_pmaxub_35.dir/x86_tests/test_op_pmaxub_35.bc.o
[918/7823] Building CXX object Bitcode/simd_ops/CMakeFiles/simd_ops_test_op_pmaxub_35.dir/x86_scalar_tests/scalar_test_op_pmaxub_35.bc.o
[919/7823] Building CXX object Bitcode/simd_ops/CMakeFiles/simd_ops_test_op_pmaxub_35.dir/x86_halide_runtime.bc.o
[920/7823] Linking CXX executable Bitcode/simd_ops/simd_ops_test_op_pmaxub_35
[921/7823] Building CXX object Bitcode/simd_ops/CMakeFiles/simd_ops_test_op_pmaxub_83.dir/x86_tests/test_op_pmaxub_83.bc.o
[922/7823] Building CXX object Bitcode/simd_ops/CMakeFiles/simd_ops_test_op_pmaxub_83.dir/x86_scalar_tests/scalar_test_op_pmaxub_83.bc.o
[923/7823] Building CXX object Bitcode/simd_ops/CMakeFiles/simd_ops_test_op_pmaxub_83.dir/x86_halide_runtime.bc.o
[924/7823] Linking CXX executable Bitcode/simd_ops/simd_ops_test_op_pmaxub_83
[925/7823] Building CXX object Bitcode/simd_ops/CMakeFiles/simd_ops_test_op_pmaxud_262.dir/x86_tests/test_op_pmaxud_262.bc.o
[926/7823] Building CXX object Bitcode/simd_ops/CMakeFiles/simd_ops_test_op_pmaxud_262.dir/x86_scalar_tests/scalar_test_op_pmaxud_262.bc.o
[927/7823] Building CXX object Bitcode/simd_ops/CMakeFiles/simd_ops_test_op_pmaxud_262.dir/x86_halide_runtime.bc.o
[928/7823] Linking CXX executable Bitcode/simd_ops/simd_ops_test_op_pmaxud_262
[929/7823] Building CXX object Bitcode/simd_ops/CMakeFiles/simd_ops_test_op_pmaxud_285.dir/x86_tests/test_op_pmaxud_285.bc.o
[930/7823] Building CXX object Bitcode/simd_ops/CMakeFiles/simd_ops_test_op_pmaxud_285.dir/x86_scalar_tests/scalar_test_op_pmaxud_285.bc.o
[931/7823] Building CXX object Bitcode/simd_ops/CMakeFiles/simd_ops_test_op_pmaxud_285.dir/x86_halide_runtime.bc.o
[932/7823] Linking CXX executable Bitcode/simd_ops/simd_ops_test_op_pmaxud_285
[933/7823] Building CXX object Bitcode/simd_ops/CMakeFiles/simd_ops_test_op_pmaxud_308.dir/x86_tests/test_op_pmaxud_308.bc.o
[934/7823] Building CXX object Bitcode/simd_ops/CMakeFiles/simd_ops_test_op_pmaxud_308.dir/x86_scalar_tests/scalar_test_op_pmaxud_308.bc.o
[935/7823] Building CXX object Bitcode/simd_ops/CMakeFiles/simd_ops_test_op_pmaxud_308.dir/x86_halide_runtime.bc.o
[936/7823] Linking CXX executable Bitcode/simd_ops/simd_ops_test_op_pmaxud_308
[937/7823] Building CXX object Bitcode/simd_ops/CMakeFiles/simd_ops_test_op_pmaxuw_260.dir/x86_tests/test_op_pmaxuw_260.bc.o
[938/7823] Building CXX object Bitcode/simd_ops/CMakeFiles/simd_ops_test_op_pmaxuw_260.dir/x86_scalar_tests/scalar_test_op_pmaxuw_260.bc.o
[939/7823] Building CXX object Bitcode/simd_ops/CMakeFiles/simd_ops_test_op_pmaxuw_260.dir/x86_halide_runtime.bc.o
[940/7823] Linking CXX executable Bitcode/simd_ops/simd_ops_test_op_pmaxuw_260
[941/7823] Building CXX object Bitcode/simd_ops/CMakeFiles/simd_ops_test_op_pmaxuw_283.dir/x86_tests/test_op_pmaxuw_283.bc.o
[942/7823] Building CXX object Bitcode/simd_ops/CMakeFiles/simd_ops_test_op_pmaxuw_283.dir/x86_scalar_tests/scalar_test_op_pmaxuw_283.bc.o
[943/7823] Building CXX object Bitcode/simd_ops/CMakeFiles/simd_ops_test_op_pmaxuw_283.dir/x86_halide_runtime.bc.o
[944/7823] Linking CXX executable Bitcode/simd_ops/simd_ops_test_op_pmaxuw_283
[945/7823] Building CXX object Bitcode/simd_ops/CMakeFiles/simd_ops_test_op_pmaxuw_306.dir/x86_tests/test_op_pmaxuw_306.bc.o
[946/7823] Building CXX object Bitcode/simd_ops/CMakeFiles/simd_ops_test_op_pmaxuw_306.dir/x86_scalar_tests/scalar_test_op_pmaxuw_306.bc.o
[947/7823] Building CXX object Bitcode/simd_ops/CMakeFiles/simd_ops_test_op_pmaxuw_306.dir/x86_halide_runtime.bc.o
[948/7823] Linking CXX executable Bitcode/simd_ops/simd_ops_test_op_pmaxuw_306
[949/7823] Building CXX object Bitcode/simd_ops/CMakeFiles/simd_ops_test_op_pminsb_259.dir/x86_tests/test_op_pminsb_259.bc.o
[950/7823] Building CXX object Bitcode/simd_ops/CMakeFiles/simd_ops_test_op_pminsb_259.dir/x86_scalar_tests/scalar_test_op_pminsb_259.bc.o
[951/7823] Building CXX object Bitcode/simd_ops/CMakeFiles/simd_ops_test_op_pminsb_259.dir/x86_halide_runtime.bc.o
[952/7823] Linking CXX executable Bitcode/simd_ops/simd_ops_test_op_pminsb_259
[953/7823] Building CXX object Bitcode/simd_ops/CMakeFiles/simd_ops_test_op_pminsb_282.dir/x86_tests/test_op_pminsb_282.bc.o
[954/7823] Building CXX object Bitcode/simd_ops/CMakeFiles/simd_ops_test_op_pminsb_282.dir/x86_scalar_tests/scalar_test_op_pminsb_282.bc.o
[955/7823] Building CXX object Bitcode/simd_ops/CMakeFiles/simd_ops_test_op_pminsb_282.dir/x86_halide_runtime.bc.o
[956/7823] Linking CXX executable Bitcode/simd_ops/simd_ops_test_op_pminsb_282
[957/7823] Building CXX object Bitcode/simd_ops/CMakeFiles/simd_ops_test_op_pminsb_305.dir/x86_tests/test_op_pminsb_305.bc.o
[958/7823] Building CXX object Bitcode/simd_ops/CMakeFiles/simd_ops_test_op_pminsb_305.dir/x86_scalar_tests/scalar_test_op_pminsb_305.bc.o
[959/7823] Building CXX object Bitcode/simd_ops/CMakeFiles/simd_ops_test_op_pminsb_305.dir/x86_halide_runtime.bc.o
[960/7823] Linking CXX executable Bitcode/simd_ops/simd_ops_test_op_pminsb_305
[961/7823] Building CXX object Bitcode/simd_ops/CMakeFiles/simd_ops_test_op_pminsd_265.dir/x86_tests/test_op_pminsd_265.bc.o
[962/7823] Building CXX object Bitcode/simd_ops/CMakeFiles/simd_ops_test_op_pminsd_265.dir/x86_scalar_tests/scalar_test_op_pminsd_265.bc.o
[963/7823] Building CXX object Bitcode/simd_ops/CMakeFiles/simd_ops_test_op_pminsd_265.dir/x86_halide_runtime.bc.o
[964/7823] Linking CXX executable Bitcode/simd_ops/simd_ops_test_op_pminsd_265
[965/7823] Building CXX object Bitcode/simd_ops/CMakeFiles/simd_ops_test_op_pminsd_288.dir/x86_tests/test_op_pminsd_288.bc.o
[966/7823] Building CXX object Bitcode/simd_ops/CMakeFiles/simd_ops_test_op_pminsd_288.dir/x86_scalar_tests/scalar_test_op_pminsd_288.bc.o
[967/7823] Building CXX object Bitcode/simd_ops/CMakeFiles/simd_ops_test_op_pminsd_288.dir/x86_halide_runtime.bc.o
[968/7823] Linking CXX executable Bitcode/simd_ops/simd_ops_test_op_pminsd_288
[969/7823] Building CXX object Bitcode/simd_ops/CMakeFiles/simd_ops_test_op_pminsd_311.dir/x86_tests/test_op_pminsd_311.bc.o
[970/7823] Building CXX object Bitcode/simd_ops/CMakeFiles/simd_ops_test_op_pminsd_311.dir/x86_scalar_tests/scalar_test_op_pminsd_311.bc.o
[971/7823] Building CXX object Bitcode/simd_ops/CMakeFiles/simd_ops_test_op_pminsd_311.dir/x86_halide_runtime.bc.o
[972/7823] Linking CXX executable Bitcode/simd_ops/simd_ops_test_op_pminsd_311
[973/7823] Building CXX object Bitcode/simd_ops/CMakeFiles/simd_ops_test_op_pminsw_130.dir/x86_tests/test_op_pminsw_130.bc.o
[974/7823] Building CXX object Bitcode/simd_ops/CMakeFiles/simd_ops_test_op_pminsw_130.dir/x86_scalar_tests/scalar_test_op_pminsw_130.bc.o
[975/7823] Building CXX object Bitcode/simd_ops/CMakeFiles/simd_ops_test_op_pminsw_130.dir/x86_halide_runtime.bc.o
[976/7823] Linking CXX executable Bitcode/simd_ops/simd_ops_test_op_pminsw_130
[977/7823] Building CXX object Bitcode/simd_ops/CMakeFiles/simd_ops_test_op_pminsw_178.dir/x86_tests/test_op_pminsw_178.bc.o
[978/7823] Building CXX object Bitcode/simd_ops/CMakeFiles/simd_ops_test_op_pminsw_178.dir/x86_scalar_tests/scalar_test_op_pminsw_178.bc.o
[979/7823] Building CXX object Bitcode/simd_ops/CMakeFiles/simd_ops_test_op_pminsw_178.dir/x86_halide_runtime.bc.o
[980/7823] Linking CXX executable Bitcode/simd_ops/simd_ops_test_op_pminsw_178
[981/7823] Building CXX object Bitcode/simd_ops/CMakeFiles/simd_ops_test_op_pminsw_34.dir/x86_tests/test_op_pminsw_34.bc.o
[982/7823] Building CXX object Bitcode/simd_ops/CMakeFiles/simd_ops_test_op_pminsw_34.dir/x86_scalar_tests/scalar_test_op_pminsw_34.bc.o
[983/7823] Building CXX object Bitcode/simd_ops/CMakeFiles/simd_ops_test_op_pminsw_34.dir/x86_halide_runtime.bc.o
[984/7823] Linking CXX executable Bitcode/simd_ops/simd_ops_test_op_pminsw_34
[985/7823] Building CXX object Bitcode/simd_ops/CMakeFiles/simd_ops_test_op_pminsw_82.dir/x86_tests/test_op_pminsw_82.bc.o
[986/7823] Building CXX object Bitcode/simd_ops/CMakeFiles/simd_ops_test_op_pminsw_82.dir/x86_scalar_tests/scalar_test_op_pminsw_82.bc.o
[987/7823] Building CXX object Bitcode/simd_ops/CMakeFiles/simd_ops_test_op_pminsw_82.dir/x86_halide_runtime.bc.o
[988/7823] Linking CXX executable Bitcode/simd_ops/simd_ops_test_op_pminsw_82
[989/7823] Building CXX object Bitcode/simd_ops/CMakeFiles/simd_ops_test_op_pminub_132.dir/x86_tests/test_op_pminub_132.bc.o
[990/7823] Building CXX object Bitcode/simd_ops/CMakeFiles/simd_ops_test_op_pminub_132.dir/x86_scalar_tests/scalar_test_op_pminub_132.bc.o
[991/7823] Building CXX object Bitcode/simd_ops/CMakeFiles/simd_ops_test_op_pminub_132.dir/x86_halide_runtime.bc.o
[992/7823] Linking CXX executable Bitcode/simd_ops/simd_ops_test_op_pminub_132
[993/7823] Building CXX object Bitcode/simd_ops/CMakeFiles/simd_ops_test_op_pminub_180.dir/x86_tests/test_op_pminub_180.bc.o
[994/7823] Building CXX object Bitcode/simd_ops/CMakeFiles/simd_ops_test_op_pminub_180.dir/x86_halide_runtime.bc.o
[995/7823] Building CXX object Bitcode/simd_ops/CMakeFiles/simd_ops_test_op_pminub_180.dir/x86_scalar_tests/scalar_test_op_pminub_180.bc.o
[996/7823] Linking CXX executable Bitcode/simd_ops/simd_ops_test_op_pminub_180
[997/7823] Building CXX object Bitcode/simd_ops/CMakeFiles/simd_ops_test_op_pminub_36.dir/x86_tests/test_op_pminub_36.bc.o
[998/7823] Building CXX object Bitcode/simd_ops/CMakeFiles/simd_ops_test_op_pminub_36.dir/x86_scalar_tests/scalar_test_op_pminub_36.bc.o
[999/7823] Building CXX object Bitcode/simd_ops/CMakeFiles/simd_ops_test_op_pminub_36.dir/x86_halide_runtime.bc.o
[1000/7823] Linking CXX executable Bitcode/simd_ops/simd_ops_test_op_pminub_36
[1001/7823] Building CXX object Bitcode/simd_ops/CMakeFiles/simd_ops_test_op_pminub_84.dir/x86_tests/test_op_pminub_84.bc.o
[1002/7823] Building CXX object Bitcode/simd_ops/CMakeFiles/simd_ops_test_op_pminub_84.dir/x86_halide_runtime.bc.o
[1003/7823] Building CXX object Bitcode/simd_ops/CMakeFiles/simd_ops_test_op_pminub_84.dir/x86_scalar_tests/scalar_test_op_pminub_84.bc.o
[1004/7823] Linking CXX executable Bitcode/simd_ops/simd_ops_test_op_pminub_84
[1005/7823] Building CXX object Bitcode/simd_ops/CMakeFiles/simd_ops_test_op_pminud_263.dir/x86_tests/test_op_pminud_263.bc.o
[1006/7823] Building CXX object Bitcode/simd_ops/CMakeFiles/simd_ops_test_op_pminud_263.dir/x86_scalar_tests/scalar_test_op_pminud_263.bc.o
[1007/7823] Building CXX object Bitcode/simd_ops/CMakeFiles/simd_ops_test_op_pminud_263.dir/x86_halide_runtime.bc.o
[1008/7823] Linking CXX executable Bitcode/simd_ops/simd_ops_test_op_pminud_263
[1009/7823] Building CXX object Bitcode/simd_ops/CMakeFiles/simd_ops_test_op_pminud_286.dir/x86_tests/test_op_pminud_286.bc.o
[1010/7823] Building CXX object Bitcode/simd_ops/CMakeFiles/simd_ops_test_op_pminud_286.dir/x86_halide_runtime.bc.o
[1011/7823] Building CXX object Bitcode/simd_ops/CMakeFiles/simd_ops_test_op_pminud_286.dir/x86_scalar_tests/scalar_test_op_pminud_286.bc.o
[1012/7823] Linking CXX executable Bitcode/simd_ops/simd_ops_test_op_pminud_286
[1013/7823] Building CXX object Bitcode/simd_ops/CMakeFiles/simd_ops_test_op_pminud_309.dir/x86_tests/test_op_pminud_309.bc.o
[1014/7823] Building CXX object Bitcode/simd_ops/CMakeFiles/simd_ops_test_op_pminud_309.dir/x86_scalar_tests/scalar_test_op_pminud_309.bc.o
[1015/7823] Building CXX object Bitcode/simd_ops/CMakeFiles/simd_ops_test_op_pminud_309.dir/x86_halide_runtime.bc.o
[1016/7823] Linking CXX executable Bitcode/simd_ops/simd_ops_test_op_pminud_309
[1017/7823] Building CXX object Bitcode/simd_ops/CMakeFiles/simd_ops_test_op_pminuw_261.dir/x86_tests/test_op_pminuw_261.bc.o
[1018/7823] Building CXX object Bitcode/simd_ops/CMakeFiles/simd_ops_test_op_pminuw_261.dir/x86_scalar_tests/scalar_test_op_pminuw_261.bc.o
[1019/7823] Building CXX object Bitcode/simd_ops/CMakeFiles/simd_ops_test_op_pminuw_261.dir/x86_halide_runtime.bc.o
[1020/7823] Linking CXX executable Bitcode/simd_ops/simd_ops_test_op_pminuw_261
[1021/7823] Building CXX object Bitcode/simd_ops/CMakeFiles/simd_ops_test_op_pminuw_284.dir/x86_tests/test_op_pminuw_284.bc.o
[1022/7823] Building CXX object Bitcode/simd_ops/CMakeFiles/simd_ops_test_op_pminuw_284.dir/x86_scalar_tests/scalar_test_op_pminuw_284.bc.o
[1023/7823] Building CXX object Bitcode/simd_ops/CMakeFiles/simd_ops_test_op_pminuw_284.dir/x86_halide_runtime.bc.o
[1024/7823] Linking CXX executable Bitcode/simd_ops/simd_ops_test_op_pminuw_284
[1025/7823] Building CXX object Bitcode/simd_ops/CMakeFiles/simd_ops_test_op_pminuw_307.dir/x86_tests/test_op_pminuw_307.bc.o
[1026/7823] Building CXX object Bitcode/simd_ops/CMakeFiles/simd_ops_test_op_pminuw_307.dir/x86_halide_runtime.bc.o
[1027/7823] Building CXX object Bitcode/simd_ops/CMakeFiles/simd_ops_test_op_pminuw_307.dir/x86_scalar_tests/scalar_test_op_pminuw_307.bc.o
[1028/7823] Linking CXX executable Bitcode/simd_ops/simd_ops_test_op_pminuw_307
[1029/7823] Building CXX object Bitcode/simd_ops/CMakeFiles/simd_ops_test_op_pmulhuw_110.dir/x86_tests/test_op_pmulhuw_110.bc.o
[1030/7823] Building CXX object Bitcode/simd_ops/CMakeFiles/simd_ops_test_op_pmulhuw_110.dir/x86_scalar_tests/scalar_test_op_pmulhuw_110.bc.o
[1031/7823] Building CXX object Bitcode/simd_ops/CMakeFiles/simd_ops_test_op_pmulhuw_110.dir/x86_halide_runtime.bc.o
[1032/7823] Linking CXX executable Bitcode/simd_ops/simd_ops_test_op_pmulhuw_110
[1033/7823] Building CXX object Bitcode/simd_ops/CMakeFiles/simd_ops_test_op_pmulhuw_133.dir/x86_tests/test_op_pmulhuw_133.bc.o
[1034/7823] Building CXX object Bitcode/simd_ops/CMakeFiles/simd_ops_test_op_pmulhuw_133.dir/x86_scalar_tests/scalar_test_op_pmulhuw_133.bc.o
[1035/7823] Building CXX object Bitcode/simd_ops/CMakeFiles/simd_ops_test_op_pmulhuw_133.dir/x86_halide_runtime.bc.o
[1036/7823] Linking CXX executable Bitcode/simd_ops/simd_ops_test_op_pmulhuw_133
[1037/7823] Building CXX object Bitcode/simd_ops/CMakeFiles/simd_ops_test_op_pmulhuw_134.dir/x86_tests/test_op_pmulhuw_134.bc.o
[1038/7823] Building CXX object Bitcode/simd_ops/CMakeFiles/simd_ops_test_op_pmulhuw_134.dir/x86_scalar_tests/scalar_test_op_pmulhuw_134.bc.o
[1039/7823] Building CXX object Bitcode/simd_ops/CMakeFiles/simd_ops_test_op_pmulhuw_134.dir/x86_halide_runtime.bc.o
[1040/7823] Linking CXX executable Bitcode/simd_ops/simd_ops_test_op_pmulhuw_134
[1041/7823] Building CXX object Bitcode/simd_ops/CMakeFiles/simd_ops_test_op_pmulhuw_135.dir/x86_tests/test_op_pmulhuw_135.bc.o
[1042/7823] Building CXX object Bitcode/simd_ops/CMakeFiles/simd_ops_test_op_pmulhuw_135.dir/x86_halide_runtime.bc.o
[1043/7823] Building CXX object Bitcode/simd_ops/CMakeFiles/simd_ops_test_op_pmulhuw_135.dir/x86_scalar_tests/scalar_test_op_pmulhuw_135.bc.o
[1044/7823] Linking CXX executable Bitcode/simd_ops/simd_ops_test_op_pmulhuw_135
[1045/7823] Building CXX object Bitcode/simd_ops/CMakeFiles/simd_ops_test_op_pmulhuw_14.dir/x86_tests/test_op_pmulhuw_14.bc.o
[1046/7823] Building CXX object Bitcode/simd_ops/CMakeFiles/simd_ops_test_op_pmulhuw_14.dir/x86_scalar_tests/scalar_test_op_pmulhuw_14.bc.o
[1047/7823] Building CXX object Bitcode/simd_ops/CMakeFiles/simd_ops_test_op_pmulhuw_14.dir/x86_halide_runtime.bc.o
[1048/7823] Linking CXX executable Bitcode/simd_ops/simd_ops_test_op_pmulhuw_14
[1049/7823] Building CXX object Bitcode/simd_ops/CMakeFiles/simd_ops_test_op_pmulhuw_158.dir/x86_tests/test_op_pmulhuw_158.bc.o
[1050/7823] Building CXX object Bitcode/simd_ops/CMakeFiles/simd_ops_test_op_pmulhuw_158.dir/x86_halide_runtime.bc.o
[1051/7823] Building CXX object Bitcode/simd_ops/CMakeFiles/simd_ops_test_op_pmulhuw_158.dir/x86_scalar_tests/scalar_test_op_pmulhuw_158.bc.o
[1052/7823] Linking CXX executable Bitcode/simd_ops/simd_ops_test_op_pmulhuw_158
[1053/7823] Building CXX object Bitcode/simd_ops/CMakeFiles/simd_ops_test_op_pmulhuw_181.dir/x86_tests/test_op_pmulhuw_181.bc.o
[1054/7823] Building CXX object Bitcode/simd_ops/CMakeFiles/simd_ops_test_op_pmulhuw_181.dir/x86_scalar_tests/scalar_test_op_pmulhuw_181.bc.o
[1055/7823] Building CXX object Bitcode/simd_ops/CMakeFiles/simd_ops_test_op_pmulhuw_181.dir/x86_halide_runtime.bc.o
[1056/7823] Linking CXX executable Bitcode/simd_ops/simd_ops_test_op_pmulhuw_181
[1057/7823] Building CXX object Bitcode/simd_ops/CMakeFiles/simd_ops_test_op_pmulhuw_182.dir/x86_tests/test_op_pmulhuw_182.bc.o
[1058/7823] Building CXX object Bitcode/simd_ops/CMakeFiles/simd_ops_test_op_pmulhuw_182.dir/x86_scalar_tests/scalar_test_op_pmulhuw_182.bc.o
[1059/7823] Building CXX object Bitcode/simd_ops/CMakeFiles/simd_ops_test_op_pmulhuw_182.dir/x86_halide_runtime.bc.o
[1060/7823] Linking CXX executable Bitcode/simd_ops/simd_ops_test_op_pmulhuw_182
[1061/7823] Building CXX object Bitcode/simd_ops/CMakeFiles/simd_ops_test_op_pmulhuw_183.dir/x86_tests/test_op_pmulhuw_183.bc.o
[1062/7823] Building CXX object Bitcode/simd_ops/CMakeFiles/simd_ops_test_op_pmulhuw_183.dir/x86_scalar_tests/scalar_test_op_pmulhuw_183.bc.o
[1063/7823] Building CXX object Bitcode/simd_ops/CMakeFiles/simd_ops_test_op_pmulhuw_183.dir/x86_halide_runtime.bc.o
[1064/7823] Linking CXX executable Bitcode/simd_ops/simd_ops_test_op_pmulhuw_183
[1065/7823] Building CXX object Bitcode/simd_ops/CMakeFiles/simd_ops_test_op_pmulhuw_37.dir/x86_tests/test_op_pmulhuw_37.bc.o
[1066/7823] Building CXX object Bitcode/simd_ops/CMakeFiles/simd_ops_test_op_pmulhuw_37.dir/x86_scalar_tests/scalar_test_op_pmulhuw_37.bc.o
[1067/7823] Building CXX object Bitcode/simd_ops/CMakeFiles/simd_ops_test_op_pmulhuw_37.dir/x86_halide_runtime.bc.o
[1068/7823] Linking CXX executable Bitcode/simd_ops/simd_ops_test_op_pmulhuw_37
[1069/7823] Building CXX object Bitcode/simd_ops/CMakeFiles/simd_ops_test_op_pmulhuw_38.dir/x86_tests/test_op_pmulhuw_38.bc.o
[1070/7823] Building CXX object Bitcode/simd_ops/CMakeFiles/simd_ops_test_op_pmulhuw_38.dir/x86_scalar_tests/scalar_test_op_pmulhuw_38.bc.o
[1071/7823] Building CXX object Bitcode/simd_ops/CMakeFiles/simd_ops_test_op_pmulhuw_38.dir/x86_halide_runtime.bc.o
[1072/7823] Linking CXX executable Bitcode/simd_ops/simd_ops_test_op_pmulhuw_38
[1073/7823] Building CXX object Bitcode/simd_ops/CMakeFiles/simd_ops_test_op_pmulhuw_39.dir/x86_tests/test_op_pmulhuw_39.bc.o
[1074/7823] Building CXX object Bitcode/simd_ops/CMakeFiles/simd_ops_test_op_pmulhuw_39.dir/x86_halide_runtime.bc.o
[1075/7823] Building CXX object Bitcode/simd_ops/CMakeFiles/simd_ops_test_op_pmulhuw_39.dir/x86_scalar_tests/scalar_test_op_pmulhuw_39.bc.o
[1076/7823] Linking CXX executable Bitcode/simd_ops/simd_ops_test_op_pmulhuw_39
[1077/7823] Building CXX object Bitcode/simd_ops/CMakeFiles/simd_ops_test_op_pmulhuw_62.dir/x86_tests/test_op_pmulhuw_62.bc.o
[1078/7823] Building CXX object Bitcode/simd_ops/CMakeFiles/simd_ops_test_op_pmulhuw_62.dir/x86_scalar_tests/scalar_test_op_pmulhuw_62.bc.o
[1079/7823] Building CXX object Bitcode/simd_ops/CMakeFiles/simd_ops_test_op_pmulhuw_62.dir/x86_halide_runtime.bc.o
[1080/7823] Linking CXX executable Bitcode/simd_ops/simd_ops_test_op_pmulhuw_62
[1081/7823] Building CXX object Bitcode/simd_ops/CMakeFiles/simd_ops_test_op_pmulhuw_85.dir/x86_tests/test_op_pmulhuw_85.bc.o
[1082/7823] Building CXX object Bitcode/simd_ops/CMakeFiles/simd_ops_test_op_pmulhuw_85.dir/x86_scalar_tests/scalar_test_op_pmulhuw_85.bc.o
[1083/7823] Building CXX object Bitcode/simd_ops/CMakeFiles/simd_ops_test_op_pmulhuw_85.dir/x86_halide_runtime.bc.o
[1084/7823] Linking CXX executable Bitcode/simd_ops/simd_ops_test_op_pmulhuw_85
[1085/7823] Building CXX object Bitcode/simd_ops/CMakeFiles/simd_ops_test_op_pmulhuw_86.dir/x86_tests/test_op_pmulhuw_86.bc.o
[1086/7823] Building CXX object Bitcode/simd_ops/CMakeFiles/simd_ops_test_op_pmulhuw_86.dir/x86_scalar_tests/scalar_test_op_pmulhuw_86.bc.o
[1087/7823] Building CXX object Bitcode/simd_ops/CMakeFiles/simd_ops_test_op_pmulhuw_86.dir/x86_halide_runtime.bc.o
[1088/7823] Linking CXX executable Bitcode/simd_ops/simd_ops_test_op_pmulhuw_86
[1089/7823] Building CXX object Bitcode/simd_ops/CMakeFiles/simd_ops_test_op_pmulhuw_87.dir/x86_tests/test_op_pmulhuw_87.bc.o
[1090/7823] Building CXX object Bitcode/simd_ops/CMakeFiles/simd_ops_test_op_pmulhuw_87.dir/x86_halide_runtime.bc.o
[1091/7823] Building CXX object Bitcode/simd_ops/CMakeFiles/simd_ops_test_op_pmulhuw_87.dir/x86_scalar_tests/scalar_test_op_pmulhuw_87.bc.o
[1092/7823] Linking CXX executable Bitcode/simd_ops/simd_ops_test_op_pmulhuw_87
[1093/7823] Building CXX object Bitcode/simd_ops/CMakeFiles/simd_ops_test_op_pmulhw_10.dir/x86_tests/test_op_pmulhw_10.bc.o
[1094/7823] Building CXX object Bitcode/simd_ops/CMakeFiles/simd_ops_test_op_pmulhw_10.dir/x86_scalar_tests/scalar_test_op_pmulhw_10.bc.o
[1095/7823] Building CXX object Bitcode/simd_ops/CMakeFiles/simd_ops_test_op_pmulhw_10.dir/x86_halide_runtime.bc.o
[1096/7823] Linking CXX executable Bitcode/simd_ops/simd_ops_test_op_pmulhw_10
[1097/7823] Building CXX object Bitcode/simd_ops/CMakeFiles/simd_ops_test_op_pmulhw_106.dir/x86_tests/test_op_pmulhw_106.bc.o
[1098/7823] Building CXX object Bitcode/simd_ops/CMakeFiles/simd_ops_test_op_pmulhw_106.dir/x86_halide_runtime.bc.o
[1099/7823] Building CXX object Bitcode/simd_ops/CMakeFiles/simd_ops_test_op_pmulhw_106.dir/x86_scalar_tests/scalar_test_op_pmulhw_106.bc.o
[1100/7823] Linking CXX executable Bitcode/simd_ops/simd_ops_test_op_pmulhw_106
[1101/7823] Building CXX object Bitcode/simd_ops/CMakeFiles/simd_ops_test_op_pmulhw_107.dir/x86_tests/test_op_pmulhw_107.bc.o
[1102/7823] Building CXX object Bitcode/simd_ops/CMakeFiles/simd_ops_test_op_pmulhw_107.dir/x86_scalar_tests/scalar_test_op_pmulhw_107.bc.o
[1103/7823] Building CXX object Bitcode/simd_ops/CMakeFiles/simd_ops_test_op_pmulhw_107.dir/x86_halide_runtime.bc.o
[1104/7823] Linking CXX executable Bitcode/simd_ops/simd_ops_test_op_pmulhw_107
[1105/7823] Building CXX object Bitcode/simd_ops/CMakeFiles/simd_ops_test_op_pmulhw_108.dir/x86_tests/test_op_pmulhw_108.bc.o
[1106/7823] Building CXX object Bitcode/simd_ops/CMakeFiles/simd_ops_test_op_pmulhw_108.dir/x86_scalar_tests/scalar_test_op_pmulhw_108.bc.o
[1107/7823] Building CXX object Bitcode/simd_ops/CMakeFiles/simd_ops_test_op_pmulhw_108.dir/x86_halide_runtime.bc.o
[1108/7823] Linking CXX executable Bitcode/simd_ops/simd_ops_test_op_pmulhw_108
[1109/7823] Building CXX object Bitcode/simd_ops/CMakeFiles/simd_ops_test_op_pmulhw_109.dir/x86_tests/test_op_pmulhw_109.bc.o
[1110/7823] Building CXX object Bitcode/simd_ops/CMakeFiles/simd_ops_test_op_pmulhw_109.dir/x86_scalar_tests/scalar_test_op_pmulhw_109.bc.o
[1111/7823] Building CXX object Bitcode/simd_ops/CMakeFiles/simd_ops_test_op_pmulhw_109.dir/x86_halide_runtime.bc.o
[1112/7823] Linking CXX executable Bitcode/simd_ops/simd_ops_test_op_pmulhw_109
[1113/7823] Building CXX object Bitcode/simd_ops/CMakeFiles/simd_ops_test_op_pmulhw_11.dir/x86_tests/test_op_pmulhw_11.bc.o
[1114/7823] Building CXX object Bitcode/simd_ops/CMakeFiles/simd_ops_test_op_pmulhw_11.dir/x86_halide_runtime.bc.o
[1115/7823] Building CXX object Bitcode/simd_ops/CMakeFiles/simd_ops_test_op_pmulhw_11.dir/x86_scalar_tests/scalar_test_op_pmulhw_11.bc.o
[1116/7823] Linking CXX executable Bitcode/simd_ops/simd_ops_test_op_pmulhw_11
[1117/7823] Building CXX object Bitcode/simd_ops/CMakeFiles/simd_ops_test_op_pmulhw_12.dir/x86_tests/test_op_pmulhw_12.bc.o
[1118/7823] Building CXX object Bitcode/simd_ops/CMakeFiles/simd_ops_test_op_pmulhw_12.dir/x86_scalar_tests/scalar_test_op_pmulhw_12.bc.o
[1119/7823] Building CXX object Bitcode/simd_ops/CMakeFiles/simd_ops_test_op_pmulhw_12.dir/x86_halide_runtime.bc.o
[1120/7823] Linking CXX executable Bitcode/simd_ops/simd_ops_test_op_pmulhw_12
[1121/7823] Building CXX object Bitcode/simd_ops/CMakeFiles/simd_ops_test_op_pmulhw_13.dir/x86_tests/test_op_pmulhw_13.bc.o
[1122/7823] Building CXX object Bitcode/simd_ops/CMakeFiles/simd_ops_test_op_pmulhw_13.dir/x86_scalar_tests/scalar_test_op_pmulhw_13.bc.o
[1123/7823] Building CXX object Bitcode/simd_ops/CMakeFiles/simd_ops_test_op_pmulhw_13.dir/x86_halide_runtime.bc.o
[1124/7823] Linking CXX executable Bitcode/simd_ops/simd_ops_test_op_pmulhw_13
[1125/7823] Building CXX object Bitcode/simd_ops/CMakeFiles/simd_ops_test_op_pmulhw_154.dir/x86_tests/test_op_pmulhw_154.bc.o
[1126/7823] Building CXX object Bitcode/simd_ops/CMakeFiles/simd_ops_test_op_pmulhw_154.dir/x86_scalar_tests/scalar_test_op_pmulhw_154.bc.o
[1127/7823] Building CXX object Bitcode/simd_ops/CMakeFiles/simd_ops_test_op_pmulhw_154.dir/x86_halide_runtime.bc.o
[1128/7823] Linking CXX executable Bitcode/simd_ops/simd_ops_test_op_pmulhw_154
[1129/7823] Building CXX object Bitcode/simd_ops/CMakeFiles/simd_ops_test_op_pmulhw_155.dir/x86_tests/test_op_pmulhw_155.bc.o
[1130/7823] Building CXX object Bitcode/simd_ops/CMakeFiles/simd_ops_test_op_pmulhw_155.dir/x86_scalar_tests/scalar_test_op_pmulhw_155.bc.o
[1131/7823] Building CXX object Bitcode/simd_ops/CMakeFiles/simd_ops_test_op_pmulhw_155.dir/x86_halide_runtime.bc.o
[1132/7823] Linking CXX executable Bitcode/simd_ops/simd_ops_test_op_pmulhw_155
[1133/7823] Building CXX object Bitcode/simd_ops/CMakeFiles/simd_ops_test_op_pmulhw_156.dir/x86_tests/test_op_pmulhw_156.bc.o
[1134/7823] Building CXX object Bitcode/simd_ops/CMakeFiles/simd_ops_test_op_pmulhw_156.dir/x86_scalar_tests/scalar_test_op_pmulhw_156.bc.o
[1135/7823] Building CXX object Bitcode/simd_ops/CMakeFiles/simd_ops_test_op_pmulhw_156.dir/x86_halide_runtime.bc.o
[1136/7823] Linking CXX executable Bitcode/simd_ops/simd_ops_test_op_pmulhw_156
[1137/7823] Building CXX object Bitcode/simd_ops/CMakeFiles/simd_ops_test_op_pmulhw_157.dir/x86_tests/test_op_pmulhw_157.bc.o
[1138/7823] Building CXX object Bitcode/simd_ops/CMakeFiles/simd_ops_test_op_pmulhw_157.dir/x86_scalar_tests/scalar_test_op_pmulhw_157.bc.o
[1139/7823] Building CXX object Bitcode/simd_ops/CMakeFiles/simd_ops_test_op_pmulhw_157.dir/x86_halide_runtime.bc.o
[1140/7823] Linking CXX executable Bitcode/simd_ops/simd_ops_test_op_pmulhw_157
[1141/7823] Building CXX object Bitcode/simd_ops/CMakeFiles/simd_ops_test_op_pmulhw_58.dir/x86_tests/test_op_pmulhw_58.bc.o
[1142/7823] Building CXX object Bitcode/simd_ops/CMakeFiles/simd_ops_test_op_pmulhw_58.dir/x86_scalar_tests/scalar_test_op_pmulhw_58.bc.o
[1143/7823] Building CXX object Bitcode/simd_ops/CMakeFiles/simd_ops_test_op_pmulhw_58.dir/x86_halide_runtime.bc.o
[1144/7823] Linking CXX executable Bitcode/simd_ops/simd_ops_test_op_pmulhw_58
[1145/7823] Building CXX object Bitcode/simd_ops/CMakeFiles/simd_ops_test_op_pmulhw_59.dir/x86_tests/test_op_pmulhw_59.bc.o
[1146/7823] Building CXX object Bitcode/simd_ops/CMakeFiles/simd_ops_test_op_pmulhw_59.dir/x86_scalar_tests/scalar_test_op_pmulhw_59.bc.o
[1147/7823] Building CXX object Bitcode/simd_ops/CMakeFiles/simd_ops_test_op_pmulhw_59.dir/x86_halide_runtime.bc.o
[1148/7823] Linking CXX executable Bitcode/simd_ops/simd_ops_test_op_pmulhw_59
[1149/7823] Building CXX object Bitcode/simd_ops/CMakeFiles/simd_ops_test_op_pmulhw_60.dir/x86_tests/test_op_pmulhw_60.bc.o
[1150/7823] Building CXX object Bitcode/simd_ops/CMakeFiles/simd_ops_test_op_pmulhw_60.dir/x86_scalar_tests/scalar_test_op_pmulhw_60.bc.o
[1151/7823] Building CXX object Bitcode/simd_ops/CMakeFiles/simd_ops_test_op_pmulhw_60.dir/x86_halide_runtime.bc.o
[1152/7823] Linking CXX executable Bitcode/simd_ops/simd_ops_test_op_pmulhw_60
[1153/7823] Building CXX object Bitcode/simd_ops/CMakeFiles/simd_ops_test_op_pmulhw_61.dir/x86_tests/test_op_pmulhw_61.bc.o
[1154/7823] Building CXX object Bitcode/simd_ops/CMakeFiles/simd_ops_test_op_pmulhw_61.dir/x86_scalar_tests/scalar_test_op_pmulhw_61.bc.o
[1155/7823] Building CXX object Bitcode/simd_ops/CMakeFiles/simd_ops_test_op_pmulhw_61.dir/x86_halide_runtime.bc.o
[1156/7823] Linking CXX executable Bitcode/simd_ops/simd_ops_test_op_pmulhw_61
[1157/7823] Building CXX object Bitcode/simd_ops/CMakeFiles/simd_ops_test_op_pmulld_252.dir/x86_tests/test_op_pmulld_252.bc.o
[1158/7823] Building CXX object Bitcode/simd_ops/CMakeFiles/simd_ops_test_op_pmulld_252.dir/x86_scalar_tests/scalar_test_op_pmulld_252.bc.o
[1159/7823] Building CXX object Bitcode/simd_ops/CMakeFiles/simd_ops_test_op_pmulld_252.dir/x86_halide_runtime.bc.o
[1160/7823] Linking CXX executable Bitcode/simd_ops/simd_ops_test_op_pmulld_252
[1161/7823] Building CXX object Bitcode/simd_ops/CMakeFiles/simd_ops_test_op_pmulld_275.dir/x86_tests/test_op_pmulld_275.bc.o
[1162/7823] Building CXX object Bitcode/simd_ops/CMakeFiles/simd_ops_test_op_pmulld_275.dir/x86_scalar_tests/scalar_test_op_pmulld_275.bc.o
[1163/7823] Building CXX object Bitcode/simd_ops/CMakeFiles/simd_ops_test_op_pmulld_275.dir/x86_halide_runtime.bc.o
[1164/7823] Linking CXX executable Bitcode/simd_ops/simd_ops_test_op_pmulld_275
[1165/7823] Building CXX object Bitcode/simd_ops/CMakeFiles/simd_ops_test_op_pmulld_298.dir/x86_tests/test_op_pmulld_298.bc.o
[1166/7823] Building CXX object Bitcode/simd_ops/CMakeFiles/simd_ops_test_op_pmulld_298.dir/x86_scalar_tests/scalar_test_op_pmulld_298.bc.o
[1167/7823] Building CXX object Bitcode/simd_ops/CMakeFiles/simd_ops_test_op_pmulld_298.dir/x86_halide_runtime.bc.o
[1168/7823] Linking CXX executable Bitcode/simd_ops/simd_ops_test_op_pmulld_298
[1169/7823] Building CXX object Bitcode/simd_ops/CMakeFiles/simd_ops_test_op_pmullw_142.dir/x86_tests/test_op_pmullw_142.bc.o
[1170/7823] Building CXX object Bitcode/simd_ops/CMakeFiles/simd_ops_test_op_pmullw_142.dir/x86_scalar_tests/scalar_test_op_pmullw_142.bc.o
[1171/7823] Building CXX object Bitcode/simd_ops/CMakeFiles/simd_ops_test_op_pmullw_142.dir/x86_halide_runtime.bc.o
[1172/7823] Linking CXX executable Bitcode/simd_ops/simd_ops_test_op_pmullw_142
[1173/7823] Building CXX object Bitcode/simd_ops/CMakeFiles/simd_ops_test_op_pmullw_46.dir/x86_tests/test_op_pmullw_46.bc.o
[1174/7823] Building CXX object Bitcode/simd_ops/CMakeFiles/simd_ops_test_op_pmullw_46.dir/x86_scalar_tests/scalar_test_op_pmullw_46.bc.o
[1175/7823] Building CXX object Bitcode/simd_ops/CMakeFiles/simd_ops_test_op_pmullw_46.dir/x86_halide_runtime.bc.o
[1176/7823] Linking CXX executable Bitcode/simd_ops/simd_ops_test_op_pmullw_46
[1177/7823] Building CXX object Bitcode/simd_ops/CMakeFiles/simd_ops_test_op_pmullw_94.dir/x86_tests/test_op_pmullw_94.bc.o
[1178/7823] Building CXX object Bitcode/simd_ops/CMakeFiles/simd_ops_test_op_pmullw_94.dir/x86_scalar_tests/scalar_test_op_pmullw_94.bc.o
[1179/7823] Building CXX object Bitcode/simd_ops/CMakeFiles/simd_ops_test_op_pmullw_94.dir/x86_halide_runtime.bc.o
[1180/7823] Linking CXX executable Bitcode/simd_ops/simd_ops_test_op_pmullw_94
[1181/7823] Building CXX object Bitcode/simd_ops/CMakeFiles/simd_ops_test_op_pmuludq_201.dir/x86_tests/test_op_pmuludq_201.bc.o
[1182/7823] Building CXX object Bitcode/simd_ops/CMakeFiles/simd_ops_test_op_pmuludq_201.dir/x86_scalar_tests/scalar_test_op_pmuludq_201.bc.o
[1183/7823] Building CXX object Bitcode/simd_ops/CMakeFiles/simd_ops_test_op_pmuludq_201.dir/x86_halide_runtime.bc.o
[1184/7823] Linking CXX executable Bitcode/simd_ops/simd_ops_test_op_pmuludq_201
[1185/7823] Building CXX object Bitcode/simd_ops/CMakeFiles/simd_ops_test_op_pmuludq_216.dir/x86_tests/test_op_pmuludq_216.bc.o
[1186/7823] Building CXX object Bitcode/simd_ops/CMakeFiles/simd_ops_test_op_pmuludq_216.dir/x86_scalar_tests/scalar_test_op_pmuludq_216.bc.o
[1187/7823] Building CXX object Bitcode/simd_ops/CMakeFiles/simd_ops_test_op_pmuludq_216.dir/x86_halide_runtime.bc.o
[1188/7823] Linking CXX executable Bitcode/simd_ops/simd_ops_test_op_pmuludq_216
[1189/7823] Building CXX object Bitcode/simd_ops/CMakeFiles/simd_ops_test_op_pmuludq_231.dir/x86_tests/test_op_pmuludq_231.bc.o
[1190/7823] Building CXX object Bitcode/simd_ops/CMakeFiles/simd_ops_test_op_pmuludq_231.dir/x86_scalar_tests/scalar_test_op_pmuludq_231.bc.o
[1191/7823] Building CXX object Bitcode/simd_ops/CMakeFiles/simd_ops_test_op_pmuludq_231.dir/x86_halide_runtime.bc.o
[1192/7823] Linking CXX executable Bitcode/simd_ops/simd_ops_test_op_pmuludq_231
[1193/7823] Building CXX object Bitcode/simd_ops/CMakeFiles/simd_ops_test_op_pmuludq_251.dir/x86_tests/test_op_pmuludq_251.bc.o
[1194/7823] Building CXX object Bitcode/simd_ops/CMakeFiles/simd_ops_test_op_pmuludq_251.dir/x86_scalar_tests/scalar_test_op_pmuludq_251.bc.o
[1195/7823] Building CXX object Bitcode/simd_ops/CMakeFiles/simd_ops_test_op_pmuludq_251.dir/x86_halide_runtime.bc.o
[1196/7823] Linking CXX executable Bitcode/simd_ops/simd_ops_test_op_pmuludq_251
[1197/7823] Building CXX object Bitcode/simd_ops/CMakeFiles/simd_ops_test_op_pmuludq_274.dir/x86_tests/test_op_pmuludq_274.bc.o
[1198/7823] Building CXX object Bitcode/simd_ops/CMakeFiles/simd_ops_test_op_pmuludq_274.dir/x86_scalar_tests/scalar_test_op_pmuludq_274.bc.o
[1199/7823] Building CXX object Bitcode/simd_ops/CMakeFiles/simd_ops_test_op_pmuludq_274.dir/x86_halide_runtime.bc.o
[1200/7823] Linking CXX executable Bitcode/simd_ops/simd_ops_test_op_pmuludq_274
[1201/7823] Building CXX object Bitcode/simd_ops/CMakeFiles/simd_ops_test_op_pmuludq_297.dir/x86_tests/test_op_pmuludq_297.bc.o
[1202/7823] Building CXX object Bitcode/simd_ops/CMakeFiles/simd_ops_test_op_pmuludq_297.dir/x86_scalar_tests/scalar_test_op_pmuludq_297.bc.o
[1203/7823] Building CXX object Bitcode/simd_ops/CMakeFiles/simd_ops_test_op_pmuludq_297.dir/x86_halide_runtime.bc.o
[1204/7823] Linking CXX executable Bitcode/simd_ops/simd_ops_test_op_pmuludq_297
[1205/7823] Building CXX object Bitcode/simd_ops/CMakeFiles/simd_ops_test_op_psubb_139.dir/x86_tests/test_op_psubb_139.bc.o
[1206/7823] Building CXX object Bitcode/simd_ops/CMakeFiles/simd_ops_test_op_psubb_139.dir/x86_scalar_tests/scalar_test_op_psubb_139.bc.o
[1207/7823] Building C object SingleSource/Regression/C/gcc-c-torture/execute/CMakeFiles/GCC-C-execute-20010329-1.dir/20010329-1.c.o
[1208/7823] Linking C executable SingleSource/Regression/C/gcc-c-torture/execute/GCC-C-execute-20010329-1
[1209/7823] Building C object SingleSource/Regression/C/gcc-c-torture/execute/CMakeFiles/GCC-C-execute-20010403-1.dir/20010403-1.c.o
[1210/7823] Linking C executable SingleSource/Regression/C/gcc-c-torture/execute/GCC-C-execute-20010403-1
[1211/7823] Building C object SingleSource/Regression/C/gcc-c-torture/execute/CMakeFiles/GCC-C-execute-20010409-1.dir/20010409-1.c.o
[1212/7823] Linking C executable SingleSource/Regression/C/gcc-c-torture/execute/GCC-C-execute-20010409-1
[1213/7823] Building C object SingleSource/Regression/C/gcc-c-torture/execute/CMakeFiles/GCC-C-execute-20010422-1.dir/20010422-1.c.o
[1214/7823] Linking C executable SingleSource/Regression/C/gcc-c-torture/execute/GCC-C-execute-20010422-1
[1215/7823] Building C object SingleSource/Regression/C/gcc-c-torture/execute/CMakeFiles/GCC-C-execute-20010518-1.dir/20010518-1.c.o
[1216/7823] Building CXX object Bitcode/simd_ops/CMakeFiles/simd_ops_test_op_psubb_139.dir/x86_halide_runtime.bc.o
[1217/7823] Linking C executable SingleSource/Regression/C/gcc-c-torture/execute/GCC-C-execute-20010518-1
[1218/7823] Building C object SingleSource/Regression/C/gcc-c-torture/execute/CMakeFiles/GCC-C-execute-20010518-2.dir/20010518-2.c.o
[1219/7823] Linking CXX executable Bitcode/simd_ops/simd_ops_test_op_psubb_139
[1220/7823] Linking C executable SingleSource/Regression/C/gcc-c-torture/execute/GCC-C-execute-20010518-2
[1221/7823] Building C object SingleSource/Regression/C/gcc-c-torture/execute/CMakeFiles/GCC-C-execute-20010520-1.dir/20010520-1.c.o
[1222/7823] Linking C executable SingleSource/Regression/C/gcc-c-torture/execute/GCC-C-execute-20010520-1
[1223/7823] Building CXX object Bitcode/simd_ops/CMakeFiles/simd_ops_test_op_psubb_91.dir/x86_tests/test_op_psubb_91.bc.o
[1224/7823] Building CXX object Bitcode/simd_ops/CMakeFiles/simd_ops_test_op_psubb_91.dir/x86_scalar_tests/scalar_test_op_psubb_91.bc.o
[1225/7823] Building CXX object Bitcode/simd_ops/CMakeFiles/simd_ops_test_op_psubb_91.dir/x86_halide_runtime.bc.o
[1226/7823] Linking CXX executable Bitcode/simd_ops/simd_ops_test_op_psubb_91
[1227/7823] Building CXX object Bitcode/simd_ops/CMakeFiles/simd_ops_test_op_psubd_144.dir/x86_tests/test_op_psubd_144.bc.o
[1228/7823] Building CXX object Bitcode/simd_ops/CMakeFiles/simd_ops_test_op_psubd_144.dir/x86_halide_runtime.bc.o
[1229/7823] Building CXX object Bitcode/simd_ops/CMakeFiles/simd_ops_test_op_psubd_144.dir/x86_scalar_tests/scalar_test_op_psubd_144.bc.o
[1230/7823] Linking CXX executable Bitcode/simd_ops/simd_ops_test_op_psubd_144
[1231/7823] Building CXX object Bitcode/simd_ops/CMakeFiles/simd_ops_test_op_psubd_48.dir/x86_tests/test_op_psubd_48.bc.o
[1232/7823] Building CXX object Bitcode/simd_ops/CMakeFiles/simd_ops_test_op_psubd_48.dir/x86_scalar_tests/scalar_test_op_psubd_48.bc.o
[1233/7823] Building CXX object Bitcode/simd_ops/CMakeFiles/simd_ops_test_op_psubd_96.dir/x86_tests/test_op_psubd_96.bc.o
[1234/7823] Building CXX object Bitcode/simd_ops/CMakeFiles/simd_ops_test_op_psubd_96.dir/x86_scalar_tests/scalar_test_op_psubd_96.bc.o
[1235/7823] Linking CXX executable Bitcode/simd_ops/simd_ops_test_op_psubd_96
[1236/7823] Building CXX object Bitcode/simd_ops/CMakeFiles/simd_ops_test_op_psubd_48.dir/x86_halide_runtime.bc.o
[1237/7823] Linking CXX executable Bitcode/simd_ops/simd_ops_test_op_psubd_48
[1238/7823] Building CXX object Bitcode/simd_ops/CMakeFiles/simd_ops_test_op_psubq_200.dir/x86_scalar_tests/scalar_test_op_psubq_200.bc.o
[1239/7823] Building CXX object Bitcode/simd_ops/CMakeFiles/simd_ops_test_op_psubq_215.dir/x86_scalar_tests/scalar_test_op_psubq_215.bc.o
[1240/7823] Linking CXX executable Bitcode/simd_ops/simd_ops_test_op_psubq_215
[1241/7823] Building CXX object Bitcode/simd_ops/CMakeFiles/simd_ops_test_op_psubq_200.dir/x86_halide_runtime.bc.o
[1242/7823] Linking CXX executable Bitcode/simd_ops/simd_ops_test_op_psubq_200
[1243/7823] Building CXX object Bitcode/simd_ops/CMakeFiles/simd_ops_test_op_psubq_230.dir/x86_tests/test_op_psubq_230.bc.o
[1244/7823] Building CXX object Bitcode/simd_ops/CMakeFiles/simd_ops_test_op_psubq_230.dir/x86_scalar_tests/scalar_test_op_psubq_230.bc.o
[1245/7823] Building CXX object Bitcode/simd_ops/CMakeFiles/simd_ops_test_op_psubq_230.dir/x86_halide_runtime.bc.o
[1246/7823] Linking CXX executable Bitcode/simd_ops/simd_ops_test_op_psubq_230
[1247/7823] Building CXX object Bitcode/simd_ops/CMakeFiles/simd_ops_test_op_psubsb_147.dir/x86_tests/test_op_psubsb_147.bc.o
[1248/7823] Building CXX object Bitcode/simd_ops/CMakeFiles/simd_ops_test_op_psubsb_147.dir/x86_scalar_tests/scalar_test_op_psubsb_147.bc.o
[1249/7823] Building CXX object Bitcode/simd_ops/CMakeFiles/simd_ops_test_op_psubsb_147.dir/x86_halide_runtime.bc.o
[1250/7823] Linking CXX executable Bitcode/simd_ops/simd_ops_test_op_psubsb_147
[1251/7823] Building CXX object Bitcode/simd_ops/CMakeFiles/simd_ops_test_op_psubsb_3.dir/x86_tests/test_op_psubsb_3.bc.o
[1252/7823] Building CXX object Bitcode/simd_ops/CMakeFiles/simd_ops_test_op_psubsb_3.dir/x86_scalar_tests/scalar_test_op_psubsb_3.bc.o
[1253/7823] Building CXX object Bitcode/simd_ops/CMakeFiles/simd_ops_test_op_psubsb_3.dir/x86_halide_runtime.bc.o
[1254/7823] Linking CXX executable Bitcode/simd_ops/simd_ops_test_op_psubsb_3
[1255/7823] Building CXX object Bitcode/simd_ops/CMakeFiles/simd_ops_test_op_psubsb_51.dir/x86_tests/test_op_psubsb_51.bc.o
[1256/7823] Building CXX object Bitcode/simd_ops/CMakeFiles/simd_ops_test_op_psubsb_51.dir/x86_scalar_tests/scalar_test_op_psubsb_51.bc.o
[1257/7823] Building CXX object Bitcode/simd_ops/CMakeFiles/simd_ops_test_op_psubsb_51.dir/x86_halide_runtime.bc.o
[1258/7823] Linking CXX executable Bitcode/simd_ops/simd_ops_test_op_psubsb_51
[1259/7823] Building CXX object Bitcode/simd_ops/CMakeFiles/simd_ops_test_op_psubsb_99.dir/x86_tests/test_op_psubsb_99.bc.o
[1260/7823] Building CXX object Bitcode/simd_ops/CMakeFiles/simd_ops_test_op_psubsb_99.dir/x86_scalar_tests/scalar_test_op_psubsb_99.bc.o
[1261/7823] Building CXX object Bitcode/simd_ops/CMakeFiles/simd_ops_test_op_psubsb_99.dir/x86_halide_runtime.bc.o
[1262/7823] Linking CXX executable Bitcode/simd_ops/simd_ops_test_op_psubsb_99
[1263/7823] Building CXX object Bitcode/simd_ops/CMakeFiles/simd_ops_test_op_psubsw_103.dir/x86_tests/test_op_psubsw_103.bc.o
[1264/7823] Building CXX object Bitcode/simd_ops/CMakeFiles/simd_ops_test_op_psubsw_103.dir/x86_scalar_tests/scalar_test_op_psubsw_103.bc.o
[1265/7823] Building CXX object Bitcode/simd_ops/CMakeFiles/simd_ops_test_op_psubsw_103.dir/x86_halide_runtime.bc.o
[1266/7823] Linking CXX executable Bitcode/simd_ops/simd_ops_test_op_psubsw_103
[1267/7823] Building CXX object Bitcode/simd_ops/CMakeFiles/simd_ops_test_op_psubsw_151.dir/x86_tests/test_op_psubsw_151.bc.o
[1268/7823] Building CXX object Bitcode/simd_ops/CMakeFiles/simd_ops_test_op_psubsw_151.dir/x86_scalar_tests/scalar_test_op_psubsw_151.bc.o
[1269/7823] Building CXX object Bitcode/simd_ops/CMakeFiles/simd_ops_test_op_psubsw_151.dir/x86_halide_runtime.bc.o
[1270/7823] Linking CXX executable Bitcode/simd_ops/simd_ops_test_op_psubsw_151
[1271/7823] Building CXX object Bitcode/simd_ops/CMakeFiles/simd_ops_test_op_psubsw_55.dir/x86_tests/test_op_psubsw_55.bc.o
[1272/7823] Building CXX object Bitcode/simd_ops/CMakeFiles/simd_ops_test_op_psubsw_55.dir/x86_scalar_tests/scalar_test_op_psubsw_55.bc.o
[1273/7823] Building CXX object Bitcode/simd_ops/CMakeFiles/simd_ops_test_op_psubsw_55.dir/x86_halide_runtime.bc.o
[1274/7823] Linking CXX executable Bitcode/simd_ops/simd_ops_test_op_psubsw_55
[1275/7823] Building CXX object Bitcode/simd_ops/CMakeFiles/simd_ops_test_op_psubsw_7.dir/x86_tests/test_op_psubsw_7.bc.o
[1276/7823] Building CXX object Bitcode/simd_ops/CMakeFiles/simd_ops_test_op_psubsw_7.dir/x86_scalar_tests/scalar_test_op_psubsw_7.bc.o
[1277/7823] Building CXX object Bitcode/simd_ops/CMakeFiles/simd_ops_test_op_psubsw_7.dir/x86_halide_runtime.bc.o
[1278/7823] Linking CXX executable Bitcode/simd_ops/simd_ops_test_op_psubsw_7
[1279/7823] Building CXX object Bitcode/simd_ops/CMakeFiles/simd_ops_test_op_psubusb_101.dir/x86_tests/test_op_psubusb_101.bc.o
[1280/7823] Building CXX object Bitcode/simd_ops/CMakeFiles/simd_ops_test_op_psubusb_101.dir/x86_scalar_tests/scalar_test_op_psubusb_101.bc.o
[1281/7823] Building CXX object Bitcode/simd_ops/CMakeFiles/simd_ops_test_op_psubusb_101.dir/x86_halide_runtime.bc.o
[1282/7823] Linking CXX executable Bitcode/simd_ops/simd_ops_test_op_psubusb_101
[1283/7823] Building CXX object Bitcode/simd_ops/CMakeFiles/simd_ops_test_op_psubusb_149.dir/x86_tests/test_op_psubusb_149.bc.o
[1284/7823] Building CXX object Bitcode/simd_ops/CMakeFiles/simd_ops_test_op_psubusb_149.dir/x86_scalar_tests/scalar_test_op_psubusb_149.bc.o
[1285/7823] Building CXX object Bitcode/simd_ops/CMakeFiles/simd_ops_test_op_psubusb_149.dir/x86_halide_runtime.bc.o
[1286/7823] Linking CXX executable Bitcode/simd_ops/simd_ops_test_op_psubusb_149
[1287/7823] Building CXX object Bitcode/simd_ops/CMakeFiles/simd_ops_test_op_psubusb_5.dir/x86_tests/test_op_psubusb_5.bc.o
[1288/7823] Building CXX object Bitcode/simd_ops/CMakeFiles/simd_ops_test_op_psubusb_5.dir/x86_scalar_tests/scalar_test_op_psubusb_5.bc.o
[1289/7823] Building CXX object Bitcode/simd_ops/CMakeFiles/simd_ops_test_op_psubusb_5.dir/x86_halide_runtime.bc.o
[1290/7823] Linking CXX executable Bitcode/simd_ops/simd_ops_test_op_psubusb_5
[1291/7823] Building CXX object Bitcode/simd_ops/CMakeFiles/simd_ops_test_op_psubusb_53.dir/x86_tests/test_op_psubusb_53.bc.o
[1292/7823] Building CXX object Bitcode/simd_ops/CMakeFiles/simd_ops_test_op_psubusb_53.dir/x86_scalar_tests/scalar_test_op_psubusb_53.bc.o
[1293/7823] Building CXX object Bitcode/simd_ops/CMakeFiles/simd_ops_test_op_psubusb_53.dir/x86_halide_runtime.bc.o
[1294/7823] Linking CXX executable Bitcode/simd_ops/simd_ops_test_op_psubusb_53
[1295/7823] Building CXX object Bitcode/simd_ops/CMakeFiles/simd_ops_test_op_psubusw_105.dir/x86_tests/test_op_psubusw_105.bc.o
[1296/7823] Building CXX object Bitcode/simd_ops/CMakeFiles/simd_ops_test_op_psubusw_105.dir/x86_scalar_tests/scalar_test_op_psubusw_105.bc.o
[1297/7823] Building CXX object Bitcode/simd_ops/CMakeFiles/simd_ops_test_op_psubusw_105.dir/x86_halide_runtime.bc.o
[1298/7823] Linking CXX executable Bitcode/simd_ops/simd_ops_test_op_psubusw_105
[1299/7823] Building CXX object Bitcode/simd_ops/CMakeFiles/simd_ops_test_op_psubusw_153.dir/x86_tests/test_op_psubusw_153.bc.o
[1300/7823] Building CXX object Bitcode/simd_ops/CMakeFiles/simd_ops_test_op_psubusw_153.dir/x86_scalar_tests/scalar_test_op_psubusw_153.bc.o
[1301/7823] Building CXX object Bitcode/simd_ops/CMakeFiles/simd_ops_test_op_psubusw_153.dir/x86_halide_runtime.bc.o
[1302/7823] Linking CXX executable Bitcode/simd_ops/simd_ops_test_op_psubusw_153
[1303/7823] Building CXX object Bitcode/simd_ops/CMakeFiles/simd_ops_test_op_psubusw_57.dir/x86_tests/test_op_psubusw_57.bc.o
[1304/7823] Building CXX object Bitcode/simd_ops/CMakeFiles/simd_ops_test_op_psubusw_57.dir/x86_scalar_tests/scalar_test_op_psubusw_57.bc.o
[1305/7823] Building CXX object Bitcode/simd_ops/CMakeFiles/simd_ops_test_op_psubusw_57.dir/x86_halide_runtime.bc.o
[1306/7823] Linking CXX executable Bitcode/simd_ops/simd_ops_test_op_psubusw_57
[1307/7823] Building CXX object Bitcode/simd_ops/CMakeFiles/simd_ops_test_op_psubusw_9.dir/x86_tests/test_op_psubusw_9.bc.o
[1308/7823] Building CXX object Bitcode/simd_ops/CMakeFiles/simd_ops_test_op_psubusw_9.dir/x86_scalar_tests/scalar_test_op_psubusw_9.bc.o
[1309/7823] Building CXX object Bitcode/simd_ops/CMakeFiles/simd_ops_test_op_psubusw_9.dir/x86_halide_runtime.bc.o
[1310/7823] Linking CXX executable Bitcode/simd_ops/simd_ops_test_op_psubusw_9
[1311/7823] Building CXX object Bitcode/simd_ops/CMakeFiles/simd_ops_test_op_psubw_141.dir/x86_tests/test_op_psubw_141.bc.o
[1312/7823] Building CXX object Bitcode/simd_ops/CMakeFiles/simd_ops_test_op_psubw_141.dir/x86_scalar_tests/scalar_test_op_psubw_141.bc.o
[1313/7823] Building CXX object Bitcode/simd_ops/CMakeFiles/simd_ops_test_op_psubw_141.dir/x86_halide_runtime.bc.o
[1314/7823] Linking CXX executable Bitcode/simd_ops/simd_ops_test_op_psubw_141
[1315/7823] Building CXX object Bitcode/simd_ops/CMakeFiles/simd_ops_test_op_psubw_45.dir/x86_tests/test_op_psubw_45.bc.o
[1316/7823] Building CXX object Bitcode/simd_ops/CMakeFiles/simd_ops_test_op_psubw_45.dir/x86_scalar_tests/scalar_test_op_psubw_45.bc.o
[1317/7823] Building CXX object Bitcode/simd_ops/CMakeFiles/simd_ops_test_op_psubw_45.dir/x86_halide_runtime.bc.o
[1318/7823] Linking CXX executable Bitcode/simd_ops/simd_ops_test_op_psubw_45
[1319/7823] Building CXX object Bitcode/simd_ops/CMakeFiles/simd_ops_test_op_psubw_93.dir/x86_tests/test_op_psubw_93.bc.o
[1320/7823] Building CXX object Bitcode/simd_ops/CMakeFiles/simd_ops_test_op_psubw_93.dir/x86_scalar_tests/scalar_test_op_psubw_93.bc.o
[1321/7823] Building CXX object Bitcode/simd_ops/CMakeFiles/simd_ops_test_op_psubw_93.dir/x86_halide_runtime.bc.o
[1322/7823] Linking CXX executable Bitcode/simd_ops/simd_ops_test_op_psubw_93
[1323/7823] Building CXX object Bitcode/simd_ops/CMakeFiles/simd_ops_test_op_rcpps_120.dir/x86_tests/test_op_rcpps_120.bc.o
[1324/7823] Building CXX object Bitcode/simd_ops/CMakeFiles/simd_ops_test_op_rcpps_120.dir/x86_scalar_tests/scalar_test_op_rcpps_120.bc.o
[1325/7823] Building CXX object Bitcode/simd_ops/CMakeFiles/simd_ops_test_op_rcpps_120.dir/x86_halide_runtime.bc.o
[1326/7823] Linking CXX executable Bitcode/simd_ops/simd_ops_test_op_rcpps_120
[1327/7823] Building CXX object Bitcode/simd_ops/CMakeFiles/simd_ops_test_op_rcpps_168.dir/x86_tests/test_op_rcpps_168.bc.o
[1328/7823] Building CXX object Bitcode/simd_ops/CMakeFiles/simd_ops_test_op_rcpps_168.dir/x86_scalar_tests/scalar_test_op_rcpps_168.bc.o
[1329/7823] Building CXX object Bitcode/simd_ops/CMakeFiles/simd_ops_test_op_rcpps_168.dir/x86_halide_runtime.bc.o
[1330/7823] Linking CXX executable Bitcode/simd_ops/simd_ops_test_op_rcpps_168
[1331/7823] Building CXX object Bitcode/simd_ops/CMakeFiles/simd_ops_test_op_rcpps_24.dir/x86_tests/test_op_rcpps_24.bc.o
[1332/7823] Building CXX object Bitcode/simd_ops/CMakeFiles/simd_ops_test_op_rcpps_24.dir/x86_scalar_tests/scalar_test_op_rcpps_24.bc.o
[1333/7823] Building CXX object Bitcode/simd_ops/CMakeFiles/simd_ops_test_op_rcpps_24.dir/x86_halide_runtime.bc.o
[1334/7823] Linking CXX executable Bitcode/simd_ops/simd_ops_test_op_rcpps_24
[1335/7823] Building CXX object Bitcode/simd_ops/CMakeFiles/simd_ops_test_op_rcpps_72.dir/x86_tests/test_op_rcpps_72.bc.o
[1336/7823] Building CXX object Bitcode/simd_ops/CMakeFiles/simd_ops_test_op_rcpps_72.dir/x86_scalar_tests/scalar_test_op_rcpps_72.bc.o
[1337/7823] Building CXX object Bitcode/simd_ops/CMakeFiles/simd_ops_test_op_rcpps_72.dir/x86_halide_runtime.bc.o
[1338/7823] Linking CXX executable Bitcode/simd_ops/simd_ops_test_op_rcpps_72
[1339/7823] Building CXX object Bitcode/simd_ops/CMakeFiles/simd_ops_test_op_rsqrtps_122.dir/x86_tests/test_op_rsqrtps_122.bc.o
[1340/7823] Building CXX object Bitcode/simd_ops/CMakeFiles/simd_ops_test_op_rsqrtps_122.dir/x86_scalar_tests/scalar_test_op_rsqrtps_122.bc.o
[1341/7823] Building CXX object Bitcode/simd_ops/CMakeFiles/simd_ops_test_op_rsqrtps_122.dir/x86_halide_runtime.bc.o
[1342/7823] Linking CXX executable Bitcode/simd_ops/simd_ops_test_op_rsqrtps_122
[1343/7823] Building CXX object Bitcode/simd_ops/CMakeFiles/simd_ops_test_op_rsqrtps_170.dir/x86_tests/test_op_rsqrtps_170.bc.o
[1344/7823] Building CXX object Bitcode/simd_ops/CMakeFiles/simd_ops_test_op_rsqrtps_170.dir/x86_scalar_tests/scalar_test_op_rsqrtps_170.bc.o
[1345/7823] Building CXX object Bitcode/simd_ops/CMakeFiles/simd_ops_test_op_rsqrtps_170.dir/x86_halide_runtime.bc.o
[1346/7823] Linking CXX executable Bitcode/simd_ops/simd_ops_test_op_rsqrtps_170
[1347/7823] Building CXX object Bitcode/simd_ops/CMakeFiles/simd_ops_test_op_rsqrtps_26.dir/x86_tests/test_op_rsqrtps_26.bc.o
[1348/7823] Building CXX object Bitcode/simd_ops/CMakeFiles/simd_ops_test_op_rsqrtps_26.dir/x86_scalar_tests/scalar_test_op_rsqrtps_26.bc.o
[1349/7823] Building CXX object Bitcode/simd_ops/CMakeFiles/simd_ops_test_op_rsqrtps_26.dir/x86_halide_runtime.bc.o
[1350/7823] Linking CXX executable Bitcode/simd_ops/simd_ops_test_op_rsqrtps_26
[1351/7823] Building CXX object Bitcode/simd_ops/CMakeFiles/simd_ops_test_op_rsqrtps_74.dir/x86_tests/test_op_rsqrtps_74.bc.o
[1352/7823] Building CXX object Bitcode/simd_ops/CMakeFiles/simd_ops_test_op_rsqrtps_74.dir/x86_scalar_tests/scalar_test_op_rsqrtps_74.bc.o
[1353/7823] Building CXX object Bitcode/simd_ops/CMakeFiles/simd_ops_test_op_rsqrtps_74.dir/x86_halide_runtime.bc.o
[1354/7823] Linking CXX executable Bitcode/simd_ops/simd_ops_test_op_rsqrtps_74
[1355/7823] Building CXX object Bitcode/simd_ops/CMakeFiles/simd_ops_test_op_shufps_189.dir/x86_tests/test_op_shufps_189.bc.o
[1356/7823] Building CXX object Bitcode/simd_ops/CMakeFiles/simd_ops_test_op_shufps_189.dir/x86_scalar_tests/scalar_test_op_shufps_189.bc.o
[1357/7823] Building CXX object Bitcode/simd_ops/CMakeFiles/simd_ops_test_op_shufps_189.dir/x86_halide_runtime.bc.o
[1358/7823] Linking CXX executable Bitcode/simd_ops/simd_ops_test_op_shufps_189
[1359/7823] Building CXX object Bitcode/simd_ops/CMakeFiles/simd_ops_test_op_sqrtpd_194.dir/x86_tests/test_op_sqrtpd_194.bc.o
[1360/7823] Building CXX object Bitcode/simd_ops/CMakeFiles/simd_ops_test_op_sqrtpd_194.dir/x86_scalar_tests/scalar_test_op_sqrtpd_194.bc.o
[1361/7823] Building CXX object Bitcode/simd_ops/CMakeFiles/simd_ops_test_op_sqrtpd_194.dir/x86_halide_runtime.bc.o
[1362/7823] Linking CXX executable Bitcode/simd_ops/simd_ops_test_op_sqrtpd_194
[1363/7823] Building CXX object Bitcode/simd_ops/CMakeFiles/simd_ops_test_op_sqrtpd_209.dir/x86_tests/test_op_sqrtpd_209.bc.o
[1364/7823] Building CXX object Bitcode/simd_ops/CMakeFiles/simd_ops_test_op_sqrtpd_209.dir/x86_scalar_tests/scalar_test_op_sqrtpd_209.bc.o
[1365/7823] Building CXX object Bitcode/simd_ops/CMakeFiles/simd_ops_test_op_sqrtpd_209.dir/x86_halide_runtime.bc.o
[1366/7823] Linking CXX executable Bitcode/simd_ops/simd_ops_test_op_sqrtpd_209
[1367/7823] Building CXX object Bitcode/simd_ops/CMakeFiles/simd_ops_test_op_sqrtpd_224.dir/x86_tests/test_op_sqrtpd_224.bc.o
[1368/7823] Building CXX object Bitcode/simd_ops/CMakeFiles/simd_ops_test_op_sqrtpd_224.dir/x86_scalar_tests/scalar_test_op_sqrtpd_224.bc.o
[1369/7823] Building CXX object Bitcode/simd_ops/CMakeFiles/simd_ops_test_op_sqrtpd_224.dir/x86_halide_runtime.bc.o
[1370/7823] Linking CXX executable Bitcode/simd_ops/simd_ops_test_op_sqrtpd_224
[1371/7823] Building CXX object Bitcode/simd_ops/CMakeFiles/simd_ops_test_op_sqrtps_121.dir/x86_tests/test_op_sqrtps_121.bc.o
[1372/7823] Building CXX object Bitcode/simd_ops/CMakeFiles/simd_ops_test_op_sqrtps_121.dir/x86_scalar_tests/scalar_test_op_sqrtps_121.bc.o
[1373/7823] Building CXX object Bitcode/simd_ops/CMakeFiles/simd_ops_test_op_sqrtps_121.dir/x86_halide_runtime.bc.o
[1374/7823] Linking CXX executable Bitcode/simd_ops/simd_ops_test_op_sqrtps_121
[1375/7823] Building CXX object Bitcode/simd_ops/CMakeFiles/simd_ops_test_op_sqrtps_169.dir/x86_tests/test_op_sqrtps_169.bc.o
[1376/7823] Building CXX object Bitcode/simd_ops/CMakeFiles/simd_ops_test_op_sqrtps_169.dir/x86_scalar_tests/scalar_test_op_sqrtps_169.bc.o
[1377/7823] Building CXX object Bitcode/simd_ops/CMakeFiles/simd_ops_test_op_sqrtps_169.dir/x86_halide_runtime.bc.o
[1378/7823] Linking CXX executable Bitcode/simd_ops/simd_ops_test_op_sqrtps_169
[1379/7823] Building CXX object Bitcode/simd_ops/CMakeFiles/simd_ops_test_op_sqrtps_25.dir/x86_tests/test_op_sqrtps_25.bc.o
[1380/7823] Building CXX object Bitcode/simd_ops/CMakeFiles/simd_ops_test_op_sqrtps_25.dir/x86_scalar_tests/scalar_test_op_sqrtps_25.bc.o
[1381/7823] Building CXX object Bitcode/simd_ops/CMakeFiles/simd_ops_test_op_sqrtps_25.dir/x86_halide_runtime.bc.o
[1382/7823] Linking CXX executable Bitcode/simd_ops/simd_ops_test_op_sqrtps_25
[1383/7823] Building CXX object Bitcode/simd_ops/CMakeFiles/simd_ops_test_op_sqrtps_73.dir/x86_tests/test_op_sqrtps_73.bc.o
[1384/7823] Building CXX object Bitcode/simd_ops/CMakeFiles/simd_ops_test_op_sqrtps_73.dir/x86_scalar_tests/scalar_test_op_sqrtps_73.bc.o
[1385/7823] Building CXX object Bitcode/simd_ops/CMakeFiles/simd_ops_test_op_sqrtps_73.dir/x86_halide_runtime.bc.o
[1386/7823] Linking CXX executable Bitcode/simd_ops/simd_ops_test_op_sqrtps_73
[1387/7823] Building CXX object Bitcode/simd_ops/CMakeFiles/simd_ops_test_op_subpd_191.dir/x86_tests/test_op_subpd_191.bc.o
[1388/7823] Building CXX object Bitcode/simd_ops/CMakeFiles/simd_ops_test_op_subpd_191.dir/x86_scalar_tests/scalar_test_op_subpd_191.bc.o
[1389/7823] Building CXX object Bitcode/simd_ops/CMakeFiles/simd_ops_test_op_subpd_191.dir/x86_halide_runtime.bc.o
[1390/7823] Linking CXX executable Bitcode/simd_ops/simd_ops_test_op_subpd_191
[1391/7823] Building CXX object Bitcode/simd_ops/CMakeFiles/simd_ops_test_op_subpd_206.dir/x86_tests/test_op_subpd_206.bc.o
[1392/7823] Building CXX object Bitcode/simd_ops/CMakeFiles/simd_ops_test_op_subpd_206.dir/x86_scalar_tests/scalar_test_op_subpd_206.bc.o
[1393/7823] Building CXX object Bitcode/simd_ops/CMakeFiles/simd_ops_test_op_subpd_206.dir/x86_halide_runtime.bc.o
[1394/7823] Linking CXX executable Bitcode/simd_ops/simd_ops_test_op_subpd_206
[1395/7823] Building CXX object Bitcode/simd_ops/CMakeFiles/simd_ops_test_op_subpd_221.dir/x86_tests/test_op_subpd_221.bc.o
[1396/7823] Building CXX object Bitcode/simd_ops/CMakeFiles/simd_ops_test_op_subpd_221.dir/x86_scalar_tests/scalar_test_op_subpd_221.bc.o
[1397/7823] Building CXX object Bitcode/simd_ops/CMakeFiles/simd_ops_test_op_subpd_221.dir/x86_halide_runtime.bc.o
[1398/7823] Linking CXX executable Bitcode/simd_ops/simd_ops_test_op_subpd_221
[1399/7823] Building CXX object Bitcode/simd_ops/CMakeFiles/simd_ops_test_op_subps_118.dir/x86_tests/test_op_subps_118.bc.o
[1400/7823] Building CXX object Bitcode/simd_ops/CMakeFiles/simd_ops_test_op_subps_118.dir/x86_scalar_tests/scalar_test_op_subps_118.bc.o
[1401/7823] Building CXX object Bitcode/simd_ops/CMakeFiles/simd_ops_test_op_subps_118.dir/x86_halide_runtime.bc.o
[1402/7823] Linking CXX executable Bitcode/simd_ops/simd_ops_test_op_subps_118
[1403/7823] Building CXX object Bitcode/simd_ops/CMakeFiles/simd_ops_test_op_subps_166.dir/x86_tests/test_op_subps_166.bc.o
[1404/7823] Building CXX object Bitcode/simd_ops/CMakeFiles/simd_ops_test_op_subps_166.dir/x86_scalar_tests/scalar_test_op_subps_166.bc.o
[1405/7823] Building CXX object Bitcode/simd_ops/CMakeFiles/simd_ops_test_op_subps_166.dir/x86_halide_runtime.bc.o
[1406/7823] Linking CXX executable Bitcode/simd_ops/simd_ops_test_op_subps_166
[1407/7823] Building CXX object Bitcode/simd_ops/CMakeFiles/simd_ops_test_op_subps_22.dir/x86_tests/test_op_subps_22.bc.o
[1408/7823] Building CXX object Bitcode/simd_ops/CMakeFiles/simd_ops_test_op_subps_22.dir/x86_scalar_tests/scalar_test_op_subps_22.bc.o
[1409/7823] Building CXX object Bitcode/simd_ops/CMakeFiles/simd_ops_test_op_subps_22.dir/x86_halide_runtime.bc.o
[1410/7823] Linking CXX executable Bitcode/simd_ops/simd_ops_test_op_subps_22
[1411/7823] Building CXX object Bitcode/simd_ops/CMakeFiles/simd_ops_test_op_subps_70.dir/x86_tests/test_op_subps_70.bc.o
[1412/7823] Building CXX object Bitcode/simd_ops/CMakeFiles/simd_ops_test_op_subps_70.dir/x86_scalar_tests/scalar_test_op_subps_70.bc.o
[1413/7823] Building CXX object Bitcode/simd_ops/CMakeFiles/simd_ops_test_op_subps_70.dir/x86_halide_runtime.bc.o
[1414/7823] Linking CXX executable Bitcode/simd_ops/simd_ops_test_op_subps_70
[1415/7823] Building CXX object Bitcode/simd_ops/CMakeFiles/simd_ops_test_op_vaddpd_326.dir/x86_tests/test_op_vaddpd_326.bc.o
[1416/7823] Building CXX object Bitcode/simd_ops/CMakeFiles/simd_ops_test_op_vaddpd_326.dir/x86_scalar_tests/scalar_test_op_vaddpd_326.bc.o
[1417/7823] Building CXX object Bitcode/simd_ops/CMakeFiles/simd_ops_test_op_vaddpd_326.dir/x86_halide_runtime.bc.o
[1418/7823] Linking CXX executable Bitcode/simd_ops/simd_ops_test_op_vaddpd_326
[1419/7823] Building CXX object Bitcode/simd_ops/CMakeFiles/simd_ops_test_op_vaddps_325.dir/x86_tests/test_op_vaddps_325.bc.o
[1420/7823] Building CXX object Bitcode/simd_ops/CMakeFiles/simd_ops_test_op_vaddps_325.dir/x86_scalar_tests/scalar_test_op_vaddps_325.bc.o
[1421/7823] Building CXX object Bitcode/simd_ops/CMakeFiles/simd_ops_test_op_vaddps_325.dir/x86_halide_runtime.bc.o
[1422/7823] Linking CXX executable Bitcode/simd_ops/simd_ops_test_op_vaddps_325
[1423/7823] Building CXX object Bitcode/simd_ops/CMakeFiles/simd_ops_test_op_vblendvpd_342.dir/x86_tests/test_op_vblendvpd_342.bc.o
[1424/7823] Building CXX object Bitcode/simd_ops/CMakeFiles/simd_ops_test_op_vblendvpd_342.dir/x86_scalar_tests/scalar_test_op_vblendvpd_342.bc.o
[1425/7823] Building CXX object Bitcode/simd_ops/CMakeFiles/simd_ops_test_op_vblendvpd_342.dir/x86_halide_runtime.bc.o
[1426/7823] Linking CXX executable Bitcode/simd_ops/simd_ops_test_op_vblendvpd_342
[1427/7823] Building CXX object Bitcode/simd_ops/CMakeFiles/simd_ops_test_op_vblendvps_341.dir/x86_tests/test_op_vblendvps_341.bc.o
[1428/7823] Building CXX object Bitcode/simd_ops/CMakeFiles/simd_ops_test_op_vblendvps_341.dir/x86_scalar_tests/scalar_test_op_vblendvps_341.bc.o
[1429/7823] Building CXX object Bitcode/simd_ops/CMakeFiles/simd_ops_test_op_vblendvps_341.dir/x86_halide_runtime.bc.o
[1430/7823] Linking CXX executable Bitcode/simd_ops/simd_ops_test_op_vblendvps_341
[1431/7823] Building CXX object Bitcode/simd_ops/CMakeFiles/simd_ops_test_op_vcmpeqpd_337.dir/x86_tests/test_op_vcmpeqpd_337.bc.o
[1432/7823] Building CXX object Bitcode/simd_ops/CMakeFiles/simd_ops_test_op_vcmpeqpd_337.dir/x86_scalar_tests/scalar_test_op_vcmpeqpd_337.bc.o
[1433/7823] Building CXX object Bitcode/simd_ops/CMakeFiles/simd_ops_test_op_vcmpeqpd_337.dir/x86_halide_runtime.bc.o
[1434/7823] Linking CXX executable Bitcode/simd_ops/simd_ops_test_op_vcmpeqpd_337
[1435/7823] Building CXX object Bitcode/simd_ops/CMakeFiles/simd_ops_test_op_vcmpeqps_339.dir/x86_tests/test_op_vcmpeqps_339.bc.o
[1436/7823] Building CXX object Bitcode/simd_ops/CMakeFiles/simd_ops_test_op_vcmpeqps_339.dir/x86_scalar_tests/scalar_test_op_vcmpeqps_339.bc.o
[1437/7823] Building CXX object Bitcode/simd_ops/CMakeFiles/simd_ops_test_op_vcmpeqps_339.dir/x86_halide_runtime.bc.o
[1438/7823] Linking CXX executable Bitcode/simd_ops/simd_ops_test_op_vcmpeqps_339
[1439/7823] Building CXX object Bitcode/simd_ops/CMakeFiles/simd_ops_test_op_vcmpltpd_338.dir/x86_tests/test_op_vcmpltpd_338.bc.o
[1440/7823] Building CXX object Bitcode/simd_ops/CMakeFiles/simd_ops_test_op_vcmpltpd_338.dir/x86_scalar_tests/scalar_test_op_vcmpltpd_338.bc.o
[1441/7823] Building CXX object Bitcode/simd_ops/CMakeFiles/simd_ops_test_op_vcmpltpd_338.dir/x86_halide_runtime.bc.o
[1442/7823] Linking CXX executable Bitcode/simd_ops/simd_ops_test_op_vcmpltpd_338
[1443/7823] Building CXX object Bitcode/simd_ops/CMakeFiles/simd_ops_test_op_vcmpltps_340.dir/x86_tests/test_op_vcmpltps_340.bc.o
[1444/7823] Building CXX object Bitcode/simd_ops/CMakeFiles/simd_ops_test_op_vcmpltps_340.dir/x86_scalar_tests/scalar_test_op_vcmpltps_340.bc.o
[1445/7823] Building CXX object Bitcode/simd_ops/CMakeFiles/simd_ops_test_op_vcmpltps_340.dir/x86_halide_runtime.bc.o
[1446/7823] Linking CXX executable Bitcode/simd_ops/simd_ops_test_op_vcmpltps_340
[1447/7823] Building CXX object Bitcode/simd_ops/CMakeFiles/simd_ops_test_op_vcvtdq2pd_346.dir/x86_tests/test_op_vcvtdq2pd_346.bc.o
[1448/7823] Building CXX object Bitcode/simd_ops/CMakeFiles/simd_ops_test_op_vcvtdq2pd_346.dir/x86_scalar_tests/scalar_test_op_vcvtdq2pd_346.bc.o
[1449/7823] Building CXX object Bitcode/simd_ops/CMakeFiles/simd_ops_test_op_vcvtdq2pd_346.dir/x86_halide_runtime.bc.o
[1450/7823] Linking CXX executable Bitcode/simd_ops/simd_ops_test_op_vcvtdq2pd_346
[1451/7823] Building CXX object Bitcode/simd_ops/CMakeFiles/simd_ops_test_op_vcvtdq2ps_344.dir/x86_tests/test_op_vcvtdq2ps_344.bc.o
[1452/7823] Building CXX object Bitcode/simd_ops/CMakeFiles/simd_ops_test_op_vcvtdq2ps_344.dir/x86_scalar_tests/scalar_test_op_vcvtdq2ps_344.bc.o
[1453/7823] Building CXX object Bitcode/simd_ops/CMakeFiles/simd_ops_test_op_vcvtdq2ps_344.dir/x86_halide_runtime.bc.o
[1454/7823] Linking CXX executable Bitcode/simd_ops/simd_ops_test_op_vcvtdq2ps_344
[1455/7823] Building CXX object Bitcode/simd_ops/CMakeFiles/simd_ops_test_op_vcvtpd2ps_348.dir/x86_tests/test_op_vcvtpd2ps_348.bc.o
[1456/7823] Building CXX object Bitcode/simd_ops/CMakeFiles/simd_ops_test_op_vcvtpd2ps_348.dir/x86_scalar_tests/scalar_test_op_vcvtpd2ps_348.bc.o
[1457/7823] Building CXX object Bitcode/simd_ops/CMakeFiles/simd_ops_test_op_vcvtpd2ps_348.dir/x86_halide_runtime.bc.o
[1458/7823] Linking CXX executable Bitcode/simd_ops/simd_ops_test_op_vcvtpd2ps_348
[1459/7823] Building CXX object Bitcode/simd_ops/CMakeFiles/simd_ops_test_op_vcvtps2pd_347.dir/x86_tests/test_op_vcvtps2pd_347.bc.o
[1460/7823] Building CXX object Bitcode/simd_ops/CMakeFiles/simd_ops_test_op_vcvtps2pd_347.dir/x86_scalar_tests/scalar_test_op_vcvtps2pd_347.bc.o
[1461/7823] Building CXX object Bitcode/simd_ops/CMakeFiles/simd_ops_test_op_vcvtps2pd_347.dir/x86_halide_runtime.bc.o
[1462/7823] Linking CXX executable Bitcode/simd_ops/simd_ops_test_op_vcvtps2pd_347
[1463/7823] Building CXX object Bitcode/simd_ops/CMakeFiles/simd_ops_test_op_vcvttpd2dq_345.dir/x86_tests/test_op_vcvttpd2dq_345.bc.o
[1464/7823] Building CXX object Bitcode/simd_ops/CMakeFiles/simd_ops_test_op_vcvttpd2dq_345.dir/x86_scalar_tests/scalar_test_op_vcvttpd2dq_345.bc.o
[1465/7823] Building CXX object Bitcode/simd_ops/CMakeFiles/simd_ops_test_op_vcvttpd2dq_345.dir/x86_halide_runtime.bc.o
[1466/7823] Linking CXX executable Bitcode/simd_ops/simd_ops_test_op_vcvttpd2dq_345
[1467/7823] Building CXX object Bitcode/simd_ops/CMakeFiles/simd_ops_test_op_vcvttps2dq_343.dir/x86_tests/test_op_vcvttps2dq_343.bc.o
[1468/7823] Building CXX object Bitcode/simd_ops/CMakeFiles/simd_ops_test_op_vcvttps2dq_343.dir/x86_scalar_tests/scalar_test_op_vcvttps2dq_343.bc.o
[1469/7823] Building CXX object Bitcode/simd_ops/CMakeFiles/simd_ops_test_op_vcvttps2dq_343.dir/x86_halide_runtime.bc.o
[1470/7823] Linking CXX executable Bitcode/simd_ops/simd_ops_test_op_vcvttps2dq_343
[1471/7823] Building CXX object Bitcode/simd_ops/CMakeFiles/simd_ops_test_op_vmaxpd_334.dir/x86_tests/test_op_vmaxpd_334.bc.o
[1472/7823] Building CXX object Bitcode/simd_ops/CMakeFiles/simd_ops_test_op_vmaxpd_334.dir/x86_scalar_tests/scalar_test_op_vmaxpd_334.bc.o
[1473/7823] Building CXX object Bitcode/simd_ops/CMakeFiles/simd_ops_test_op_vmaxpd_334.dir/x86_halide_runtime.bc.o
[1474/7823] Linking CXX executable Bitcode/simd_ops/simd_ops_test_op_vmaxpd_334
[1475/7823] Building CXX object Bitcode/simd_ops/CMakeFiles/simd_ops_test_op_vmaxps_333.dir/x86_tests/test_op_vmaxps_333.bc.o
[1476/7823] Building CXX object Bitcode/simd_ops/CMakeFiles/simd_ops_test_op_vmaxps_333.dir/x86_scalar_tests/scalar_test_op_vmaxps_333.bc.o
[1477/7823] Building CXX object Bitcode/simd_ops/CMakeFiles/simd_ops_test_op_vmaxps_333.dir/x86_halide_runtime.bc.o
[1478/7823] Linking CXX executable Bitcode/simd_ops/simd_ops_test_op_vmaxps_333
[1479/7823] Building CXX object Bitcode/simd_ops/CMakeFiles/simd_ops_test_op_vminpd_332.dir/x86_tests/test_op_vminpd_332.bc.o
[1480/7823] Building CXX object Bitcode/simd_ops/CMakeFiles/simd_ops_test_op_vminpd_332.dir/x86_scalar_tests/scalar_test_op_vminpd_332.bc.o
[1481/7823] Building CXX object Bitcode/simd_ops/CMakeFiles/simd_ops_test_op_vminpd_332.dir/x86_halide_runtime.bc.o
[1482/7823] Linking CXX executable Bitcode/simd_ops/simd_ops_test_op_vminpd_332
[1483/7823] Building CXX object Bitcode/simd_ops/CMakeFiles/simd_ops_test_op_vminps_331.dir/x86_tests/test_op_vminps_331.bc.o
[1484/7823] Building CXX object Bitcode/simd_ops/CMakeFiles/simd_ops_test_op_vminps_331.dir/x86_scalar_tests/scalar_test_op_vminps_331.bc.o
[1485/7823] Building CXX object Bitcode/simd_ops/CMakeFiles/simd_ops_test_op_vminps_331.dir/x86_halide_runtime.bc.o
[1486/7823] Linking CXX executable Bitcode/simd_ops/simd_ops_test_op_vminps_331
[1487/7823] Building CXX object Bitcode/simd_ops/CMakeFiles/simd_ops_test_op_vmulpd_328.dir/x86_tests/test_op_vmulpd_328.bc.o
[1488/7823] Building CXX object Bitcode/simd_ops/CMakeFiles/simd_ops_test_op_vmulpd_328.dir/x86_scalar_tests/scalar_test_op_vmulpd_328.bc.o
[1489/7823] Building CXX object Bitcode/simd_ops/CMakeFiles/simd_ops_test_op_vmulpd_328.dir/x86_halide_runtime.bc.o
[1490/7823] Linking CXX executable Bitcode/simd_ops/simd_ops_test_op_vmulpd_328
[1491/7823] Building CXX object Bitcode/simd_ops/CMakeFiles/simd_ops_test_op_vmulps_327.dir/x86_tests/test_op_vmulps_327.bc.o
[1492/7823] Building CXX object Bitcode/simd_ops/CMakeFiles/simd_ops_test_op_vmulps_327.dir/x86_scalar_tests/scalar_test_op_vmulps_327.bc.o
[1493/7823] Building CXX object Bitcode/simd_ops/CMakeFiles/simd_ops_test_op_vmulps_327.dir/x86_halide_runtime.bc.o
[1494/7823] Linking CXX executable Bitcode/simd_ops/simd_ops_test_op_vmulps_327
[1495/7823] Building CXX object Bitcode/simd_ops/CMakeFiles/simd_ops_test_op_vpabsb_386.dir/x86_tests/test_op_vpabsb_386.bc.o
[1496/7823] Building CXX object Bitcode/simd_ops/CMakeFiles/simd_ops_test_op_vpabsb_386.dir/x86_scalar_tests/scalar_test_op_vpabsb_386.bc.o
[1497/7823] Building CXX object Bitcode/simd_ops/CMakeFiles/simd_ops_test_op_vpabsb_386.dir/x86_halide_runtime.bc.o
[1498/7823] Linking CXX executable Bitcode/simd_ops/simd_ops_test_op_vpabsb_386
[1499/7823] Building CXX object Bitcode/simd_ops/CMakeFiles/simd_ops_test_op_vpabsd_388.dir/x86_tests/test_op_vpabsd_388.bc.o
[1500/7823] Building CXX object Bitcode/simd_ops/CMakeFiles/simd_ops_test_op_vpabsd_388.dir/x86_scalar_tests/scalar_test_op_vpabsd_388.bc.o
[1501/7823] Building CXX object Bitcode/simd_ops/CMakeFiles/simd_ops_test_op_vpabsd_388.dir/x86_halide_runtime.bc.o
[1502/7823] Linking CXX executable Bitcode/simd_ops/simd_ops_test_op_vpabsd_388
[1503/7823] Building CXX object Bitcode/simd_ops/CMakeFiles/simd_ops_test_op_vpabsw_387.dir/x86_tests/test_op_vpabsw_387.bc.o
[1504/7823] Building CXX object Bitcode/simd_ops/CMakeFiles/simd_ops_test_op_vpabsw_387.dir/x86_scalar_tests/scalar_test_op_vpabsw_387.bc.o
[1505/7823] Building CXX object Bitcode/simd_ops/CMakeFiles/simd_ops_test_op_vpabsw_387.dir/x86_halide_runtime.bc.o
[1506/7823] Linking CXX executable Bitcode/simd_ops/simd_ops_test_op_vpabsw_387
[1507/7823] Building CXX object Bitcode/simd_ops/CMakeFiles/simd_ops_test_op_vpackssdw_383.dir/x86_tests/test_op_vpackssdw_383.bc.o
[1508/7823] Building CXX object Bitcode/simd_ops/CMakeFiles/simd_ops_test_op_vpackssdw_383.dir/x86_scalar_tests/scalar_test_op_vpackssdw_383.bc.o
[1509/7823] Building CXX object Bitcode/simd_ops/CMakeFiles/simd_ops_test_op_vpackssdw_383.dir/x86_halide_runtime.bc.o
[1510/7823] Linking CXX executable Bitcode/simd_ops/simd_ops_test_op_vpackssdw_383
[1511/7823] Building CXX object Bitcode/simd_ops/CMakeFiles/simd_ops_test_op_vpacksswb_384.dir/x86_tests/test_op_vpacksswb_384.bc.o
[1512/7823] Building CXX object Bitcode/simd_ops/CMakeFiles/simd_ops_test_op_vpacksswb_384.dir/x86_scalar_tests/scalar_test_op_vpacksswb_384.bc.o
[1513/7823] Building CXX object Bitcode/simd_ops/CMakeFiles/simd_ops_test_op_vpacksswb_384.dir/x86_halide_runtime.bc.o
[1514/7823] Linking CXX executable Bitcode/simd_ops/simd_ops_test_op_vpacksswb_384
[1515/7823] Building CXX object Bitcode/simd_ops/CMakeFiles/simd_ops_test_op_vpackusdw_401.dir/x86_tests/test_op_vpackusdw_401.bc.o
[1516/7823] Building CXX object Bitcode/simd_ops/CMakeFiles/simd_ops_test_op_vpackusdw_401.dir/x86_scalar_tests/scalar_test_op_vpackusdw_401.bc.o
[1517/7823] Building CXX object Bitcode/simd_ops/CMakeFiles/simd_ops_test_op_vpackusdw_401.dir/x86_halide_runtime.bc.o
[1518/7823] Linking CXX executable Bitcode/simd_ops/simd_ops_test_op_vpackusdw_401
[1519/7823] Building CXX object Bitcode/simd_ops/CMakeFiles/simd_ops_test_op_vpackuswb_385.dir/x86_tests/test_op_vpackuswb_385.bc.o
[1520/7823] Building CXX object Bitcode/simd_ops/CMakeFiles/simd_ops_test_op_vpackuswb_385.dir/x86_scalar_tests/scalar_test_op_vpackuswb_385.bc.o
[1521/7823] Building CXX object Bitcode/simd_ops/CMakeFiles/simd_ops_test_op_vpackuswb_385.dir/x86_halide_runtime.bc.o
[1522/7823] Linking CXX executable Bitcode/simd_ops/simd_ops_test_op_vpackuswb_385
[1523/7823] Building CXX object Bitcode/simd_ops/CMakeFiles/simd_ops_test_op_vpaddb_349.dir/x86_tests/test_op_vpaddb_349.bc.o
[1524/7823] Building CXX object Bitcode/simd_ops/CMakeFiles/simd_ops_test_op_vpaddb_349.dir/x86_scalar_tests/scalar_test_op_vpaddb_349.bc.o
[1525/7823] Building CXX object Bitcode/simd_ops/CMakeFiles/simd_ops_test_op_vpaddb_349.dir/x86_halide_runtime.bc.o
[1526/7823] Linking CXX executable Bitcode/simd_ops/simd_ops_test_op_vpaddb_349
[1527/7823] Building CXX object Bitcode/simd_ops/CMakeFiles/simd_ops_test_op_vpaddd_361.dir/x86_tests/test_op_vpaddd_361.bc.o
[1528/7823] Building CXX object Bitcode/simd_ops/CMakeFiles/simd_ops_test_op_vpaddd_361.dir/x86_scalar_tests/scalar_test_op_vpaddd_361.bc.o
[1529/7823] Building CXX object Bitcode/simd_ops/CMakeFiles/simd_ops_test_op_vpaddd_361.dir/x86_halide_runtime.bc.o
[1530/7823] Linking CXX executable Bitcode/simd_ops/simd_ops_test_op_vpaddd_361
[1531/7823] Building CXX object Bitcode/simd_ops/CMakeFiles/simd_ops_test_op_vpaddq_380.dir/x86_tests/test_op_vpaddq_380.bc.o
[1532/7823] Building CXX object Bitcode/simd_ops/CMakeFiles/simd_ops_test_op_vpaddq_380.dir/x86_scalar_tests/scalar_test_op_vpaddq_380.bc.o
[1533/7823] Building CXX object Bitcode/simd_ops/CMakeFiles/simd_ops_test_op_vpaddq_380.dir/x86_halide_runtime.bc.o
[1534/7823] Linking CXX executable Bitcode/simd_ops/simd_ops_test_op_vpaddq_380
[1535/7823] Building CXX object Bitcode/simd_ops/CMakeFiles/simd_ops_test_op_vpaddsb_351.dir/x86_tests/test_op_vpaddsb_351.bc.o
[1536/7823] Building CXX object Bitcode/simd_ops/CMakeFiles/simd_ops_test_op_vpaddsb_351.dir/x86_scalar_tests/scalar_test_op_vpaddsb_351.bc.o
[1537/7823] Building CXX object Bitcode/simd_ops/CMakeFiles/simd_ops_test_op_vpaddsb_351.dir/x86_halide_runtime.bc.o
[1538/7823] Linking CXX executable Bitcode/simd_ops/simd_ops_test_op_vpaddsb_351
[1539/7823] Building CXX object Bitcode/simd_ops/CMakeFiles/simd_ops_test_op_vpaddsw_357.dir/x86_tests/test_op_vpaddsw_357.bc.o
[1540/7823] Building CXX object Bitcode/simd_ops/CMakeFiles/simd_ops_test_op_vpaddsw_357.dir/x86_scalar_tests/scalar_test_op_vpaddsw_357.bc.o
[1541/7823] Building CXX object Bitcode/simd_ops/CMakeFiles/simd_ops_test_op_vpaddsw_357.dir/x86_halide_runtime.bc.o
[1542/7823] Linking CXX executable Bitcode/simd_ops/simd_ops_test_op_vpaddsw_357
[1543/7823] Building CXX object Bitcode/simd_ops/CMakeFiles/simd_ops_test_op_vpaddusb_353.dir/x86_tests/test_op_vpaddusb_353.bc.o
[1544/7823] Building CXX object Bitcode/simd_ops/CMakeFiles/simd_ops_test_op_vpaddusb_353.dir/x86_scalar_tests/scalar_test_op_vpaddusb_353.bc.o
[1545/7823] Building CXX object Bitcode/simd_ops/CMakeFiles/simd_ops_test_op_vpaddusb_353.dir/x86_halide_runtime.bc.o
[1546/7823] Linking CXX executable Bitcode/simd_ops/simd_ops_test_op_vpaddusb_353
[1547/7823] Building CXX object Bitcode/simd_ops/CMakeFiles/simd_ops_test_op_vpaddusw_359.dir/x86_tests/test_op_vpaddusw_359.bc.o
[1548/7823] Building CXX object Bitcode/simd_ops/CMakeFiles/simd_ops_test_op_vpaddusw_359.dir/x86_scalar_tests/scalar_test_op_vpaddusw_359.bc.o
[1549/7823] Building CXX object Bitcode/simd_ops/CMakeFiles/simd_ops_test_op_vpaddusw_359.dir/x86_halide_runtime.bc.o
[1550/7823] Linking CXX executable Bitcode/simd_ops/simd_ops_test_op_vpaddusw_359
[1551/7823] Building CXX object Bitcode/simd_ops/CMakeFiles/simd_ops_test_op_vpaddw_355.dir/x86_tests/test_op_vpaddw_355.bc.o
[1552/7823] Building CXX object Bitcode/simd_ops/CMakeFiles/simd_ops_test_op_vpaddw_355.dir/x86_scalar_tests/scalar_test_op_vpaddw_355.bc.o
[1553/7823] Building CXX object Bitcode/simd_ops/CMakeFiles/simd_ops_test_op_vpaddw_355.dir/x86_halide_runtime.bc.o
[1554/7823] Linking CXX executable Bitcode/simd_ops/simd_ops_test_op_vpaddw_355
[1555/7823] Building CXX object Bitcode/simd_ops/CMakeFiles/simd_ops_test_op_vpavgb_372.dir/x86_tests/test_op_vpavgb_372.bc.o
[1556/7823] Building CXX object Bitcode/simd_ops/CMakeFiles/simd_ops_test_op_vpavgb_372.dir/x86_scalar_tests/scalar_test_op_vpavgb_372.bc.o
[1557/7823] Building CXX object Bitcode/simd_ops/CMakeFiles/simd_ops_test_op_vpavgb_372.dir/x86_halide_runtime.bc.o
[1558/7823] Linking CXX executable Bitcode/simd_ops/simd_ops_test_op_vpavgb_372
[1559/7823] Building CXX object Bitcode/simd_ops/CMakeFiles/simd_ops_test_op_vpavgw_373.dir/x86_tests/test_op_vpavgw_373.bc.o
[1560/7823] Building CXX object Bitcode/simd_ops/CMakeFiles/simd_ops_test_op_vpavgw_373.dir/x86_scalar_tests/scalar_test_op_vpavgw_373.bc.o
[1561/7823] Building CXX object Bitcode/simd_ops/CMakeFiles/simd_ops_test_op_vpavgw_373.dir/x86_halide_runtime.bc.o
[1562/7823] Linking CXX executable Bitcode/simd_ops/simd_ops_test_op_vpavgw_373
[1563/7823] Building CXX object Bitcode/simd_ops/CMakeFiles/simd_ops_test_op_vpblendvb_391.dir/x86_tests/test_op_vpblendvb_391.bc.o
[1564/7823] Building CXX object Bitcode/simd_ops/CMakeFiles/simd_ops_test_op_vpblendvb_391.dir/x86_scalar_tests/scalar_test_op_vpblendvb_391.bc.o
[1565/7823] Building CXX object Bitcode/simd_ops/CMakeFiles/simd_ops_test_op_vpblendvb_391.dir/x86_halide_runtime.bc.o
[1566/7823] Linking CXX executable Bitcode/simd_ops/simd_ops_test_op_vpblendvb_391
[1567/7823] Building CXX object Bitcode/simd_ops/CMakeFiles/simd_ops_test_op_vpcmpeqb_366.dir/x86_tests/test_op_vpcmpeqb_366.bc.o
[1568/7823] Building CXX object Bitcode/simd_ops/CMakeFiles/simd_ops_test_op_vpcmpeqb_366.dir/x86_scalar_tests/scalar_test_op_vpcmpeqb_366.bc.o
[1569/7823] Building CXX object Bitcode/simd_ops/CMakeFiles/simd_ops_test_op_vpcmpeqb_366.dir/x86_halide_runtime.bc.o
[1570/7823] Linking CXX executable Bitcode/simd_ops/simd_ops_test_op_vpcmpeqb_366
[1571/7823] Building CXX object Bitcode/simd_ops/CMakeFiles/simd_ops_test_op_vpcmpeqd_370.dir/x86_tests/test_op_vpcmpeqd_370.bc.o
[1572/7823] Building CXX object Bitcode/simd_ops/CMakeFiles/simd_ops_test_op_vpcmpeqd_370.dir/x86_scalar_tests/scalar_test_op_vpcmpeqd_370.bc.o
[1573/7823] Building CXX object Bitcode/simd_ops/CMakeFiles/simd_ops_test_op_vpcmpeqd_370.dir/x86_halide_runtime.bc.o
[1574/7823] Linking CXX executable Bitcode/simd_ops/simd_ops_test_op_vpcmpeqd_370
[1575/7823] Building CXX object Bitcode/simd_ops/CMakeFiles/simd_ops_test_op_vpcmpeqq_400.dir/x86_tests/test_op_vpcmpeqq_400.bc.o
[1576/7823] Building CXX object Bitcode/simd_ops/CMakeFiles/simd_ops_test_op_vpcmpeqq_400.dir/x86_scalar_tests/scalar_test_op_vpcmpeqq_400.bc.o
[1577/7823] Building CXX object Bitcode/simd_ops/CMakeFiles/simd_ops_test_op_vpcmpeqq_400.dir/x86_halide_runtime.bc.o
[1578/7823] Linking CXX executable Bitcode/simd_ops/simd_ops_test_op_vpcmpeqq_400
[1579/7823] Building CXX object Bitcode/simd_ops/CMakeFiles/simd_ops_test_op_vpcmpeqw_368.dir/x86_tests/test_op_vpcmpeqw_368.bc.o
[1580/7823] Building CXX object Bitcode/simd_ops/CMakeFiles/simd_ops_test_op_vpcmpeqw_368.dir/x86_scalar_tests/scalar_test_op_vpcmpeqw_368.bc.o
[1581/7823] Building CXX object Bitcode/simd_ops/CMakeFiles/simd_ops_test_op_vpcmpeqw_368.dir/x86_halide_runtime.bc.o
[1582/7823] Linking CXX executable Bitcode/simd_ops/simd_ops_test_op_vpcmpeqw_368
[1583/7823] Building CXX object Bitcode/simd_ops/CMakeFiles/simd_ops_test_op_vpcmpgtb_367.dir/x86_tests/test_op_vpcmpgtb_367.bc.o
[1584/7823] Building CXX object Bitcode/simd_ops/CMakeFiles/simd_ops_test_op_vpcmpgtb_367.dir/x86_scalar_tests/scalar_test_op_vpcmpgtb_367.bc.o
[1585/7823] Building CXX object Bitcode/simd_ops/CMakeFiles/simd_ops_test_op_vpcmpgtb_367.dir/x86_halide_runtime.bc.o
[1586/7823] Linking CXX executable Bitcode/simd_ops/simd_ops_test_op_vpcmpgtb_367
[1587/7823] Building CXX object Bitcode/simd_ops/CMakeFiles/simd_ops_test_op_vpcmpgtd_371.dir/x86_tests/test_op_vpcmpgtd_371.bc.o
[1588/7823] Building CXX object Bitcode/simd_ops/CMakeFiles/simd_ops_test_op_vpcmpgtd_371.dir/x86_scalar_tests/scalar_test_op_vpcmpgtd_371.bc.o
[1589/7823] Building CXX object Bitcode/simd_ops/CMakeFiles/simd_ops_test_op_vpcmpgtd_371.dir/x86_halide_runtime.bc.o
[1590/7823] Linking CXX executable Bitcode/simd_ops/simd_ops_test_op_vpcmpgtd_371
[1591/7823] Building CXX object Bitcode/simd_ops/CMakeFiles/simd_ops_test_op_vpcmpgtq_402.dir/x86_tests/test_op_vpcmpgtq_402.bc.o
[1592/7823] Building CXX object Bitcode/simd_ops/CMakeFiles/simd_ops_test_op_vpcmpgtq_402.dir/x86_scalar_tests/scalar_test_op_vpcmpgtq_402.bc.o
[1593/7823] Building CXX object Bitcode/simd_ops/CMakeFiles/simd_ops_test_op_vpcmpgtq_402.dir/x86_halide_runtime.bc.o
[1594/7823] Linking CXX executable Bitcode/simd_ops/simd_ops_test_op_vpcmpgtq_402
[1595/7823] Building C object MultiSource/Applications/siod/CMakeFiles/siod.dir/sliba.c.o
[1596/7823] Building C object MultiSource/Applications/siod/CMakeFiles/siod.dir/slib.c.o
[1597/7823] Building C object MultiSource/Applications/siod/CMakeFiles/siod.dir/trace.c.o
[1598/7823] Linking CXX executable Bitcode/simd_ops/simd_ops_test_op_vpmaddwd_250
[1599/7823] Building C object MultiSource/Applications/siod/CMakeFiles/siod.dir/slibu.c.o
[1600/7823] Building CXX object Bitcode/simd_ops/CMakeFiles/simd_ops_test_op_vpmaxsb_392.dir/x86_tests/test_op_vpmaxsb_392.bc.o
[1601/7823] Building CXX object Bitcode/simd_ops/CMakeFiles/simd_ops_test_op_vpmaxsb_392.dir/x86_scalar_tests/scalar_test_op_vpmaxsb_392.bc.o
[1602/7823] Building CXX object Bitcode/simd_ops/CMakeFiles/simd_ops_test_op_vpmaxsb_392.dir/x86_halide_runtime.bc.o
[1603/7823] Linking CXX executable Bitcode/simd_ops/simd_ops_test_op_vpmaxsb_392
[1604/7823] Building CXX object Bitcode/simd_ops/CMakeFiles/simd_ops_test_op_vpmaxsd_398.dir/x86_tests/test_op_vpmaxsd_398.bc.o
[1605/7823] Building CXX object Bitcode/simd_ops/CMakeFiles/simd_ops_test_op_vpmaxsd_398.dir/x86_halide_runtime.bc.o
[1606/7823] Building CXX object Bitcode/simd_ops/CMakeFiles/simd_ops_test_op_vpmaxsd_398.dir/x86_scalar_tests/scalar_test_op_vpmaxsd_398.bc.o
[1607/7823] Linking CXX executable Bitcode/simd_ops/simd_ops_test_op_vpmaxsd_398
[1608/7823] Building CXX object Bitcode/simd_ops/CMakeFiles/simd_ops_test_op_vpmaxsw_374.dir/x86_tests/test_op_vpmaxsw_374.bc.o
[1609/7823] Building CXX object Bitcode/simd_ops/CMakeFiles/simd_ops_test_op_vpmaxsw_374.dir/x86_scalar_tests/scalar_test_op_vpmaxsw_374.bc.o
[1610/7823] Building CXX object Bitcode/simd_ops/CMakeFiles/simd_ops_test_op_vpmaxsw_374.dir/x86_halide_runtime.bc.o
[1611/7823] Linking CXX executable Bitcode/simd_ops/simd_ops_test_op_vpmaxsw_374
[1612/7823] Building CXX object Bitcode/simd_ops/CMakeFiles/simd_ops_test_op_vpmaxub_376.dir/x86_tests/test_op_vpmaxub_376.bc.o
[1613/7823] Building CXX object Bitcode/simd_ops/CMakeFiles/simd_ops_test_op_vpmaxub_376.dir/x86_scalar_tests/scalar_test_op_vpmaxub_376.bc.o
[1614/7823] Building CXX object Bitcode/simd_ops/CMakeFiles/simd_ops_test_op_vpmaxub_376.dir/x86_halide_runtime.bc.o
[1615/7823] Linking CXX executable Bitcode/simd_ops/simd_ops_test_op_vpmaxub_376
[1616/7823] Building CXX object Bitcode/simd_ops/CMakeFiles/simd_ops_test_op_vpmaxud_396.dir/x86_tests/test_op_vpmaxud_396.bc.o
[1617/7823] Building CXX object Bitcode/simd_ops/CMakeFiles/simd_ops_test_op_vpmaxud_396.dir/x86_scalar_tests/scalar_test_op_vpmaxud_396.bc.o
[1618/7823] Building CXX object Bitcode/simd_ops/CMakeFiles/simd_ops_test_op_vpmaxud_396.dir/x86_halide_runtime.bc.o
[1619/7823] Linking CXX executable Bitcode/simd_ops/simd_ops_test_op_vpmaxud_396
[1620/7823] Building CXX object Bitcode/simd_ops/CMakeFiles/simd_ops_test_op_vpmaxuw_394.dir/x86_tests/test_op_vpmaxuw_394.bc.o
[1621/7823] Building CXX object Bitcode/simd_ops/CMakeFiles/simd_ops_test_op_vpmaxuw_394.dir/x86_halide_runtime.bc.o
[1622/7823] Building CXX object Bitcode/simd_ops/CMakeFiles/simd_ops_test_op_vpmaxuw_394.dir/x86_scalar_tests/scalar_test_op_vpmaxuw_394.bc.o
[1623/7823] Building C object MultiSource/Benchmarks/VersaBench/dbms/CMakeFiles/dbms.dir/volume.c.o
[1624/7823] Linking CXX executable Bitcode/simd_ops/simd_ops_test_op_vpmaxuw_394
[1625/7823] Building C object MultiSource/Benchmarks/VersaBench/ecbdes/CMakeFiles/ecbdes.dir/driver.c.o
[1626/7823] Building C object MultiSource/Benchmarks/VersaBench/ecbdes/CMakeFiles/ecbdes.dir/ecb_enc.c.o
[1627/7823] Building C object MultiSource/Benchmarks/VersaBench/ecbdes/CMakeFiles/ecbdes.dir/des_enc.c.o
[1628/7823] Building C object MultiSource/Benchmarks/VersaBench/ecbdes/CMakeFiles/ecbdes.dir/set_key.c.o
[1629/7823] Building C object MultiSource/Benchmarks/VersaBench/8b10b/CMakeFiles/8b10b.dir/calc.c.o
[1630/7823] Building C object MultiSource/Benchmarks/VersaBench/8b10b/CMakeFiles/8b10b.dir/main.c.o
[1631/7823] Linking C executable MultiSource/Benchmarks/VersaBench/ecbdes/ecbdes
[1632/7823] Building C object MultiSource/Benchmarks/VersaBench/8b10b/CMakeFiles/8b10b.dir/testbench.c.o
[1633/7823] Building C object MultiSource/Benchmarks/llubenchmark/CMakeFiles/llu.dir/llubenchmark.c.o
[1634/7823] Linking C executable MultiSource/Benchmarks/VersaBench/8b10b/8b10b
[1635/7823] Linking C executable MultiSource/Benchmarks/llubenchmark/llu
[1636/7823] Building CXX object Bitcode/simd_ops/CMakeFiles/simd_ops_test_op_vpminud_397.dir/x86_tests/test_op_vpminud_397.bc.o
[1637/7823] Building CXX object Bitcode/simd_ops/CMakeFiles/simd_ops_test_op_vpminud_397.dir/x86_scalar_tests/scalar_test_op_vpminud_397.bc.o
[1638/7823] Linking CXX executable Bitcode/simd_ops/simd_ops_test_op_vpminud_397
[1639/7823] Building CXX object Bitcode/simd_ops/CMakeFiles/simd_ops_test_op_vpminuw_395.dir/x86_tests/test_op_vpminuw_395.bc.o
[1640/7823] Building CXX object Bitcode/simd_ops/CMakeFiles/simd_ops_test_op_vpminuw_395.dir/x86_scalar_tests/scalar_test_op_vpminuw_395.bc.o
[1641/7823] Building CXX object Bitcode/simd_ops/CMakeFiles/simd_ops_test_op_vpminuw_395.dir/x86_halide_runtime.bc.o
[1642/7823] Linking CXX executable Bitcode/simd_ops/simd_ops_test_op_vpminuw_395
[1643/7823] Building CXX object Bitcode/simd_ops/CMakeFiles/simd_ops_test_op_vpmulhuw_378.dir/x86_tests/test_op_vpmulhuw_378.bc.o
[1644/7823] Building CXX object Bitcode/simd_ops/CMakeFiles/simd_ops_test_op_vpmulhuw_378.dir/x86_scalar_tests/scalar_test_op_vpmulhuw_378.bc.o
[1645/7823] Building CXX object Bitcode/simd_ops/CMakeFiles/simd_ops_test_op_vpmulhuw_378.dir/x86_halide_runtime.bc.o
[1646/7823] Linking CXX executable Bitcode/simd_ops/simd_ops_test_op_vpmulhuw_378
[1647/7823] Building CXX object Bitcode/simd_ops/CMakeFiles/simd_ops_test_op_vpmulhuw_379.dir/x86_tests/test_op_vpmulhuw_379.bc.o
[1648/7823] Building CXX object Bitcode/simd_ops/CMakeFiles/simd_ops_test_op_vpmulhuw_379.dir/x86_scalar_tests/scalar_test_op_vpmulhuw_379.bc.o
[1649/7823] Building CXX object Bitcode/simd_ops/CMakeFiles/simd_ops_test_op_vpmulhuw_379.dir/x86_halide_runtime.bc.o
[1650/7823] Linking CXX executable Bitcode/simd_ops/simd_ops_test_op_vpmulhuw_379
[1651/7823] Building CXX object Bitcode/simd_ops/CMakeFiles/simd_ops_test_op_vpmulhw_363.dir/x86_tests/test_op_vpmulhw_363.bc.o
[1652/7823] Building CXX object Bitcode/simd_ops/CMakeFiles/simd_ops_test_op_vpmulhw_363.dir/x86_scalar_tests/scalar_test_op_vpmulhw_363.bc.o
[1653/7823] Building CXX object Bitcode/simd_ops/CMakeFiles/simd_ops_test_op_vpmulhw_363.dir/x86_halide_runtime.bc.o
[1654/7823] Linking CXX executable Bitcode/simd_ops/simd_ops_test_op_vpmulhw_363
[1655/7823] Building CXX object Bitcode/simd_ops/CMakeFiles/simd_ops_test_op_vpmulhw_364.dir/x86_tests/test_op_vpmulhw_364.bc.o
[1656/7823] Building CXX object Bitcode/simd_ops/CMakeFiles/simd_ops_test_op_vpmulhw_364.dir/x86_scalar_tests/scalar_test_op_vpmulhw_364.bc.o
[1657/7823] Building CXX object Bitcode/simd_ops/CMakeFiles/simd_ops_test_op_vpmulhw_364.dir/x86_halide_runtime.bc.o
[1658/7823] Linking CXX executable Bitcode/simd_ops/simd_ops_test_op_vpmulhw_364
[1659/7823] Building CXX object Bitcode/simd_ops/CMakeFiles/simd_ops_test_op_vpmulld_390.dir/x86_tests/test_op_vpmulld_390.bc.o
[1660/7823] Building CXX object Bitcode/simd_ops/CMakeFiles/simd_ops_test_op_vpmulld_390.dir/x86_scalar_tests/scalar_test_op_vpmulld_390.bc.o
[1661/7823] Building CXX object Bitcode/simd_ops/CMakeFiles/simd_ops_test_op_vpmulld_390.dir/x86_halide_runtime.bc.o
[1662/7823] Linking CXX executable Bitcode/simd_ops/simd_ops_test_op_vpmulld_390
[1663/7823] Building CXX object Bitcode/simd_ops/CMakeFiles/simd_ops_test_op_vpmullw_365.dir/x86_tests/test_op_vpmullw_365.bc.o
[1664/7823] Building CXX object Bitcode/simd_ops/CMakeFiles/simd_ops_test_op_vpmullw_365.dir/x86_scalar_tests/scalar_test_op_vpmullw_365.bc.o
[1665/7823] Building CXX object Bitcode/simd_ops/CMakeFiles/simd_ops_test_op_vpmullw_365.dir/x86_halide_runtime.bc.o
[1666/7823] Linking CXX executable Bitcode/simd_ops/simd_ops_test_op_vpmullw_365
[1667/7823] Building CXX object Bitcode/simd_ops/CMakeFiles/simd_ops_test_op_vpmuludq_382.dir/x86_tests/test_op_vpmuludq_382.bc.o
[1668/7823] Building CXX object Bitcode/simd_ops/CMakeFiles/simd_ops_test_op_vpmuludq_382.dir/x86_scalar_tests/scalar_test_op_vpmuludq_382.bc.o
[1669/7823] Building CXX object Bitcode/simd_ops/CMakeFiles/simd_ops_test_op_vpmuludq_382.dir/x86_halide_runtime.bc.o
[1670/7823] Linking CXX executable Bitcode/simd_ops/simd_ops_test_op_vpmuludq_382
[1671/7823] Building CXX object Bitcode/simd_ops/CMakeFiles/simd_ops_test_op_vpmuludq_389.dir/x86_tests/test_op_vpmuludq_389.bc.o
[1672/7823] Building CXX object Bitcode/simd_ops/CMakeFiles/simd_ops_test_op_vpmuludq_389.dir/x86_scalar_tests/scalar_test_op_vpmuludq_389.bc.o
[1673/7823] Building CXX object Bitcode/simd_ops/CMakeFiles/simd_ops_test_op_vpmuludq_389.dir/x86_halide_runtime.bc.o
[1674/7823] Linking CXX executable Bitcode/simd_ops/simd_ops_test_op_vpmuludq_389
[1675/7823] Building CXX object Bitcode/simd_ops/CMakeFiles/simd_ops_test_op_vpsubb_350.dir/x86_tests/test_op_vpsubb_350.bc.o
[1676/7823] Building CXX object Bitcode/simd_ops/CMakeFiles/simd_ops_test_op_vpsubb_350.dir/x86_scalar_tests/scalar_test_op_vpsubb_350.bc.o
[1677/7823] Building CXX object Bitcode/simd_ops/CMakeFiles/simd_ops_test_op_vpsubb_350.dir/x86_halide_runtime.bc.o
[1678/7823] Linking CXX executable Bitcode/simd_ops/simd_ops_test_op_vpsubb_350
[1679/7823] Building CXX object Bitcode/simd_ops/CMakeFiles/simd_ops_test_op_vpsubd_362.dir/x86_tests/test_op_vpsubd_362.bc.o
[1680/7823] Building CXX object Bitcode/simd_ops/CMakeFiles/simd_ops_test_op_vpsubd_362.dir/x86_scalar_tests/scalar_test_op_vpsubd_362.bc.o
[1681/7823] Building CXX object Bitcode/simd_ops/CMakeFiles/simd_ops_test_op_vpsubd_362.dir/x86_halide_runtime.bc.o
[1682/7823] Linking CXX executable Bitcode/simd_ops/simd_ops_test_op_vpsubd_362
[1683/7823] Building CXX object Bitcode/simd_ops/CMakeFiles/simd_ops_test_op_vpsubq_381.dir/x86_tests/test_op_vpsubq_381.bc.o
[1684/7823] Building CXX object Bitcode/simd_ops/CMakeFiles/simd_ops_test_op_vpsubq_381.dir/x86_scalar_tests/scalar_test_op_vpsubq_381.bc.o
[1685/7823] Building CXX object Bitcode/simd_ops/CMakeFiles/simd_ops_test_op_vpsubq_381.dir/x86_halide_runtime.bc.o
[1686/7823] Linking CXX executable Bitcode/simd_ops/simd_ops_test_op_vpsubq_381
[1687/7823] Building CXX object Bitcode/simd_ops/CMakeFiles/simd_ops_test_op_vpsubsb_352.dir/x86_tests/test_op_vpsubsb_352.bc.o
[1688/7823] Building CXX object Bitcode/simd_ops/CMakeFiles/simd_ops_test_op_vpsubsb_352.dir/x86_scalar_tests/scalar_test_op_vpsubsb_352.bc.o
[1689/7823] Building CXX object Bitcode/simd_ops/CMakeFiles/simd_ops_test_op_vpsubsb_352.dir/x86_halide_runtime.bc.o
[1690/7823] Linking CXX executable Bitcode/simd_ops/simd_ops_test_op_vpsubsb_352
[1691/7823] Building CXX object Bitcode/simd_ops/CMakeFiles/simd_ops_test_op_vpsubsw_358.dir/x86_tests/test_op_vpsubsw_358.bc.o
[1692/7823] Building CXX object Bitcode/simd_ops/CMakeFiles/simd_ops_test_op_vpsubsw_358.dir/x86_scalar_tests/scalar_test_op_vpsubsw_358.bc.o
[1693/7823] Building CXX object Bitcode/simd_ops/CMakeFiles/simd_ops_test_op_vpsubsw_358.dir/x86_halide_runtime.bc.o
[1694/7823] Linking CXX executable Bitcode/simd_ops/simd_ops_test_op_vpsubsw_358
[1695/7823] Building CXX object Bitcode/simd_ops/CMakeFiles/simd_ops_test_op_vpsubusb_354.dir/x86_tests/test_op_vpsubusb_354.bc.o
[1696/7823] Building CXX object Bitcode/simd_ops/CMakeFiles/simd_ops_test_op_vpsubusb_354.dir/x86_scalar_tests/scalar_test_op_vpsubusb_354.bc.o
[1697/7823] Building CXX object Bitcode/simd_ops/CMakeFiles/simd_ops_test_op_vpsubusb_354.dir/x86_halide_runtime.bc.o
[1698/7823] Linking CXX executable Bitcode/simd_ops/simd_ops_test_op_vpsubusb_354
[1699/7823] Building CXX object Bitcode/simd_ops/CMakeFiles/simd_ops_test_op_vpsubusw_360.dir/x86_tests/test_op_vpsubusw_360.bc.o
[1700/7823] Building CXX object Bitcode/simd_ops/CMakeFiles/simd_ops_test_op_vpsubusw_360.dir/x86_scalar_tests/scalar_test_op_vpsubusw_360.bc.o
[1701/7823] Building CXX object Bitcode/simd_ops/CMakeFiles/simd_ops_test_op_vpsubusw_360.dir/x86_halide_runtime.bc.o
[1702/7823] Linking CXX executable Bitcode/simd_ops/simd_ops_test_op_vpsubusw_360
[1703/7823] Building CXX object Bitcode/simd_ops/CMakeFiles/simd_ops_test_op_vpsubw_356.dir/x86_tests/test_op_vpsubw_356.bc.o
[1704/7823] Building CXX object Bitcode/simd_ops/CMakeFiles/simd_ops_test_op_vpsubw_356.dir/x86_scalar_tests/scalar_test_op_vpsubw_356.bc.o
[1705/7823] Building CXX object Bitcode/simd_ops/CMakeFiles/simd_ops_test_op_vpsubw_356.dir/x86_halide_runtime.bc.o
[1706/7823] Linking CXX executable Bitcode/simd_ops/simd_ops_test_op_vpsubw_356
[1707/7823] Building CXX object Bitcode/simd_ops/CMakeFiles/simd_ops_test_op_vrcpps_324.dir/x86_tests/test_op_vrcpps_324.bc.o
[1708/7823] Building CXX object Bitcode/simd_ops/CMakeFiles/simd_ops_test_op_vrcpps_324.dir/x86_scalar_tests/scalar_test_op_vrcpps_324.bc.o
[1709/7823] Building CXX object Bitcode/simd_ops/CMakeFiles/simd_ops_test_op_vrcpps_324.dir/x86_halide_runtime.bc.o
[1710/7823] Linking CXX executable Bitcode/simd_ops/simd_ops_test_op_vrcpps_324
[1711/7823] Building CXX object Bitcode/simd_ops/CMakeFiles/simd_ops_test_op_vrsqrtps_323.dir/x86_tests/test_op_vrsqrtps_323.bc.o
[1712/7823] Building CXX object Bitcode/simd_ops/CMakeFiles/simd_ops_test_op_vrsqrtps_323.dir/x86_scalar_tests/scalar_test_op_vrsqrtps_323.bc.o
[1713/7823] Building CXX object Bitcode/simd_ops/CMakeFiles/simd_ops_test_op_vrsqrtps_323.dir/x86_halide_runtime.bc.o
[1714/7823] Linking CXX executable Bitcode/simd_ops/simd_ops_test_op_vrsqrtps_323
[1715/7823] Building CXX object Bitcode/simd_ops/CMakeFiles/simd_ops_test_op_vsqrtpd_322.dir/x86_tests/test_op_vsqrtpd_322.bc.o
[1716/7823] Building CXX object Bitcode/simd_ops/CMakeFiles/simd_ops_test_op_vsqrtpd_322.dir/x86_scalar_tests/scalar_test_op_vsqrtpd_322.bc.o
[1717/7823] Building CXX object Bitcode/simd_ops/CMakeFiles/simd_ops_test_op_vsqrtpd_322.dir/x86_halide_runtime.bc.o
[1718/7823] Linking CXX executable Bitcode/simd_ops/simd_ops_test_op_vsqrtpd_322
[1719/7823] Building CXX object Bitcode/simd_ops/CMakeFiles/simd_ops_test_op_vsqrtps_321.dir/x86_tests/test_op_vsqrtps_321.bc.o
[1720/7823] Building CXX object Bitcode/simd_ops/CMakeFiles/simd_ops_test_op_vsqrtps_321.dir/x86_scalar_tests/scalar_test_op_vsqrtps_321.bc.o
[1721/7823] Building CXX object Bitcode/simd_ops/CMakeFiles/simd_ops_test_op_vsqrtps_321.dir/x86_halide_runtime.bc.o
[1722/7823] Linking CXX executable Bitcode/simd_ops/simd_ops_test_op_vsqrtps_321
[1723/7823] Building CXX object Bitcode/simd_ops/CMakeFiles/simd_ops_test_op_vsubpd_330.dir/x86_tests/test_op_vsubpd_330.bc.o
[1724/7823] Building CXX object Bitcode/simd_ops/CMakeFiles/simd_ops_test_op_vsubpd_330.dir/x86_scalar_tests/scalar_test_op_vsubpd_330.bc.o
[1725/7823] Building CXX object Bitcode/simd_ops/CMakeFiles/simd_ops_test_op_vsubpd_330.dir/x86_halide_runtime.bc.o
[1726/7823] Linking CXX executable Bitcode/simd_ops/simd_ops_test_op_vsubpd_330
[1727/7823] Building CXX object Bitcode/simd_ops/CMakeFiles/simd_ops_test_op_vsubps_329.dir/x86_tests/test_op_vsubps_329.bc.o
[1728/7823] Building CXX object Bitcode/simd_ops/CMakeFiles/simd_ops_test_op_vsubps_329.dir/x86_scalar_tests/scalar_test_op_vsubps_329.bc.o
[1729/7823] Building CXX object Bitcode/simd_ops/CMakeFiles/simd_ops_test_op_vsubps_329.dir/x86_halide_runtime.bc.o
[1730/7823] Linking CXX executable Bitcode/simd_ops/simd_ops_test_op_vsubps_329
[1731/7823] Building CXX object Bitcode/simd_ops/CMakeFiles/simd_ops_test_op_xorps_188.dir/x86_tests/test_op_xorps_188.bc.o
[1732/7823] Building CXX object Bitcode/simd_ops/CMakeFiles/simd_ops_test_op_xorps_188.dir/x86_scalar_tests/scalar_test_op_xorps_188.bc.o
[1733/7823] Building CXX object Bitcode/simd_ops/CMakeFiles/simd_ops_test_op_xorps_188.dir/x86_halide_runtime.bc.o
[1734/7823] Linking CXX executable Bitcode/simd_ops/simd_ops_test_op_xorps_188
[1735/7823] Building CXX object MicroBenchmarks/Builtins/Int128/CMakeFiles/Builtins.dir/main.cpp.o
[1736/7823] Building CXX object MicroBenchmarks/libs/benchmark/src/CMakeFiles/benchmark.dir/benchmark_api_internal.cc.o
[1737/7823] Building CXX object MicroBenchmarks/libs/benchmark/src/CMakeFiles/benchmark.dir/benchmark_name.cc.o
[1738/7823] Building CXX object MicroBenchmarks/libs/benchmark/src/CMakeFiles/benchmark.dir/benchmark.cc.o
[1739/7823] Building CXX object MicroBenchmarks/libs/benchmark/src/CMakeFiles/benchmark.dir/benchmark_runner.cc.o
[1740/7823] Building CXX object MicroBenchmarks/libs/benchmark/src/CMakeFiles/benchmark.dir/check.cc.o
[1741/7823] Building CXX object MicroBenchmarks/libs/benchmark/src/CMakeFiles/benchmark.dir/colorprint.cc.o
[1742/7823] Building CXX object MicroBenchmarks/libs/benchmark/src/CMakeFiles/benchmark.dir/commandlineflags.cc.o
[1743/7823] Building CXX object MicroBenchmarks/libs/benchmark/src/CMakeFiles/benchmark.dir/benchmark_register.cc.o
[1744/7823] Building CXX object MicroBenchmarks/libs/benchmark/src/CMakeFiles/benchmark.dir/complexity.cc.o
[1745/7823] Building CXX object MicroBenchmarks/libs/benchmark/src/CMakeFiles/benchmark.dir/console_reporter.cc.o
[1746/7823] Building CXX object MicroBenchmarks/libs/benchmark/src/CMakeFiles/benchmark.dir/counter.cc.o
[1747/7823] Building CXX object MicroBenchmarks/libs/benchmark/src/CMakeFiles/benchmark.dir/csv_reporter.cc.o
[1748/7823] Building CXX object MicroBenchmarks/libs/benchmark/src/CMakeFiles/benchmark.dir/json_reporter.cc.o
[1749/7823] Building CXX object MicroBenchmarks/libs/benchmark/src/CMakeFiles/benchmark.dir/perf_counters.cc.o
[1750/7823] Building CXX object MicroBenchmarks/libs/benchmark/src/CMakeFiles/benchmark.dir/reporter.cc.o
[1751/7823] Building CXX object MicroBenchmarks/libs/benchmark/src/CMakeFiles/benchmark.dir/statistics.cc.o
[1752/7823] Building CXX object MicroBenchmarks/libs/benchmark/src/CMakeFiles/benchmark.dir/string_util.cc.o
[1753/7823] Building CXX object MicroBenchmarks/libs/benchmark/src/CMakeFiles/benchmark.dir/timers.cc.o
[1754/7823] Building CXX object MicroBenchmarks/libs/benchmark/src/CMakeFiles/benchmark_main.dir/benchmark_main.cc.o
[1755/7823] Building CXX object MicroBenchmarks/libs/benchmark/src/CMakeFiles/benchmark.dir/sysinfo.cc.o
[1756/7823] Linking CXX static library MicroBenchmarks/libs/benchmark/src/libbenchmark.a
[1757/7823] Linking CXX executable MicroBenchmarks/Builtins/Int128/Builtins
[1758/7823] Linking CXX static library MicroBenchmarks/libs/benchmark/src/libbenchmark_main.a
[1759/7823] Building CXX object MicroBenchmarks/libs/benchmark/test/CMakeFiles/benchmark_test.dir/benchmark_test.cc.o
[1760/7823] Linking CXX executable MicroBenchmarks/libs/benchmark/test/benchmark_test
[1761/7823] Building CXX object MicroBenchmarks/libs/benchmark/test/CMakeFiles/spec_arg_test.dir/spec_arg_test.cc.o
[1762/7823] Linking CXX executable MicroBenchmarks/libs/benchmark/test/spec_arg_test
[1763/7823] Building CXX object MicroBenchmarks/libs/benchmark/test/CMakeFiles/spec_arg_verbosity_test.dir/spec_arg_verbosity_test.cc.o
[1764/7823] Linking CXX executable MicroBenchmarks/libs/benchmark/test/spec_arg_verbosity_test
[1765/7823] Building CXX object MicroBenchmarks/libs/benchmark/test/CMakeFiles/benchmark_setup_teardown_test.dir/benchmark_setup_teardown_test.cc.o
[1766/7823] Linking CXX executable MicroBenchmarks/libs/benchmark/test/benchmark_setup_teardown_test
[1767/7823] Building CXX object MicroBenchmarks/libs/benchmark/test/CMakeFiles/filter_test.dir/filter_test.cc.o
[1768/7823] Linking CXX executable MicroBenchmarks/libs/benchmark/test/filter_test
[1769/7823] Building CXX object MicroBenchmarks/libs/benchmark/test/CMakeFiles/output_test_helper.dir/output_test_helper.cc.o
[1770/7823] Linking CXX static library MicroBenchmarks/libs/benchmark/test/liboutput_test_helper.a
[1771/7823] Building CXX object MicroBenchmarks/libs/benchmark/test/CMakeFiles/benchmark_min_time_flag_time_test.dir/benchmark_min_time_flag_time_test.cc.o
[1772/7823] Linking CXX executable MicroBenchmarks/libs/benchmark/test/benchmark_min_time_flag_time_test
[1773/7823] Building CXX object MicroBenchmarks/libs/benchmark/test/CMakeFiles/benchmark_min_time_flag_iters_test.dir/benchmark_min_time_flag_iters_test.cc.o
[1774/7823] Linking CXX executable MicroBenchmarks/libs/benchmark/test/benchmark_min_time_flag_iters_test
[1775/7823] Building CXX object MicroBenchmarks/libs/benchmark/test/CMakeFiles/options_test.dir/options_test.cc.o
[1776/7823] Linking CXX executable MicroBenchmarks/libs/benchmark/test/options_test
[1777/7823] Building CXX object MicroBenchmarks/libs/benchmark/test/CMakeFiles/basic_test.dir/basic_test.cc.o
[1778/7823] Linking CXX executable MicroBenchmarks/libs/benchmark/test/basic_test
[1779/7823] Building CXX object MicroBenchmarks/libs/benchmark/test/CMakeFiles/diagnostics_test.dir/diagnostics_test.cc.o
[1780/7823] Linking CXX executable MicroBenchmarks/libs/benchmark/test/diagnostics_test
[1781/7823] Building CXX object MicroBenchmarks/libs/benchmark/test/CMakeFiles/skip_with_error_test.dir/skip_with_error_test.cc.o
[1782/7823] Linking CXX executable MicroBenchmarks/libs/benchmark/test/skip_with_error_test
[1783/7823] Building CXX object MicroBenchmarks/libs/benchmark/test/CMakeFiles/donotoptimize_test.dir/donotoptimize_test.cc.o
[1784/7823] Linking CXX executable MicroBenchmarks/libs/benchmark/test/donotoptimize_test
[1785/7823] Building CXX object MicroBenchmarks/libs/benchmark/test/CMakeFiles/repetitions_test.dir/repetitions_test.cc.o
[1786/7823] Linking CXX executable MicroBenchmarks/libs/benchmark/test/repetitions_test
[1787/7823] Building CXX object MicroBenchmarks/libs/benchmark/test/CMakeFiles/fixture_test.dir/fixture_test.cc.o
[1788/7823] Linking CXX executable MicroBenchmarks/libs/benchmark/test/fixture_test
[1789/7823] Building CXX object MicroBenchmarks/libs/benchmark/test/CMakeFiles/register_benchmark_test.dir/register_benchmark_test.cc.o
[1790/7823] Building CXX object MicroBenchmarks/libs/benchmark/test/CMakeFiles/map_test.dir/map_test.cc.o
[1791/7823] Linking CXX executable MicroBenchmarks/libs/benchmark/test/register_benchmark_test
[1792/7823] Linking CXX executable MicroBenchmarks/libs/benchmark/test/map_test
[1793/7823] Building CXX object MicroBenchmarks/libs/benchmark/test/CMakeFiles/multiple_ranges_test.dir/multiple_ranges_test.cc.o
[1794/7823] Building CXX object MicroBenchmarks/libs/benchmark/test/CMakeFiles/args_product_test.dir/args_product_test.cc.o
[1795/7823] Linking CXX executable MicroBenchmarks/libs/benchmark/test/multiple_ranges_test
[1796/7823] Linking CXX executable MicroBenchmarks/libs/benchmark/test/args_product_test
[1797/7823] Building CXX object MicroBenchmarks/libs/benchmark/test/CMakeFiles/link_main_test.dir/link_main_test.cc.o
[1798/7823] Linking CXX executable MicroBenchmarks/libs/benchmark/test/link_main_test
[1799/7823] Building CXX object MicroBenchmarks/libs/benchmark/test/CMakeFiles/templated_fixture_test.dir/templated_fixture_test.cc.o
[1800/7823] Linking CXX executable MicroBenchmarks/libs/benchmark/test/templated_fixture_test
[1801/7823] Building CXX object MicroBenchmarks/libs/benchmark/test/CMakeFiles/user_counters_test.dir/user_counters_test.cc.o
[1802/7823] Linking CXX executable MicroBenchmarks/libs/benchmark/test/user_counters_test
[1803/7823] Building CXX object MicroBenchmarks/libs/benchmark/test/CMakeFiles/reporter_output_test.dir/reporter_output_test.cc.o
[1804/7823] Linking CXX executable MicroBenchmarks/libs/benchmark/test/reporter_output_test
[1805/7823] Building CXX object MicroBenchmarks/libs/benchmark/test/CMakeFiles/perf_counters_test.dir/perf_counters_test.cc.o
[1806/7823] Linking CXX executable MicroBenchmarks/libs/benchmark/test/perf_counters_test
[1807/7823] Building CXX object MicroBenchmarks/libs/benchmark/test/CMakeFiles/internal_threading_test.dir/internal_threading_test.cc.o
[1808/7823] Linking CXX executable MicroBenchmarks/libs/benchmark/test/internal_threading_test
[1809/7823] Building CXX object MicroBenchmarks/libs/benchmark/test/CMakeFiles/report_aggregates_only_test.dir/report_aggregates_only_test.cc.o
[1810/7823] Linking CXX executable MicroBenchmarks/libs/benchmark/test/report_aggregates_only_test
[1811/7823] Building CXX object MicroBenchmarks/libs/benchmark/test/CMakeFiles/display_aggregates_only_test.dir/display_aggregates_only_test.cc.o
[1812/7823] Linking CXX executable MicroBenchmarks/libs/benchmark/test/display_aggregates_only_test
[1813/7823] Building CXX object MicroBenchmarks/libs/benchmark/test/CMakeFiles/user_counters_thousands_test.dir/user_counters_thousands_test.cc.o
[1814/7823] Linking CXX executable MicroBenchmarks/libs/benchmark/test/user_counters_thousands_test
[1815/7823] Building CXX object MicroBenchmarks/libs/benchmark/test/CMakeFiles/memory_manager_test.dir/memory_manager_test.cc.o
[1816/7823] Linking CXX executable MicroBenchmarks/libs/benchmark/test/memory_manager_test
[1817/7823] Building CXX object MicroBenchmarks/libs/benchmark/test/CMakeFiles/user_counters_tabular_test.dir/user_counters_tabular_test.cc.o
[1818/7823] Linking CXX executable MicroBenchmarks/libs/benchmark/test/user_counters_tabular_test
[1819/7823] Building CXX object MicroBenchmarks/libs/benchmark/test/CMakeFiles/cxx03_test.dir/cxx03_test.cc.o
[1820/7823] Building CXX object MicroBenchmarks/libs/benchmark/test/CMakeFiles/profiler_manager_test.dir/profiler_manager_test.cc.o
[1821/7823] Linking CXX executable MicroBenchmarks/libs/benchmark/test/cxx03_test
[1822/7823] Linking CXX executable MicroBenchmarks/libs/benchmark/test/profiler_manager_test
[1823/7823] Building CXX object MicroBenchmarks/XRay/ReturnReference/CMakeFiles/retref-bench.dir/retref-bench.cc.o
[1824/7823] Linking CXX executable MicroBenchmarks/XRay/ReturnReference/retref-bench
FAILED: MicroBenchmarks/XRay/ReturnReference/retref-bench 
: && /data/benchmarks/llvm-test-suite/build/tools/timeit --summary MicroBenchmarks/XRay/ReturnReference/retref-bench.link.time /usr/bin/clang++-17 -fpass-plugin=/usr/local/lib/llvm-plugins/DispositionalPass.so -O1    -O2 -g -DNDEBUG  MicroBenchmarks/XRay/ReturnReference/CMakeFiles/retref-bench.dir/retref-bench.cc.o -o MicroBenchmarks/XRay/ReturnReference/retref-bench  -fxray-instrument  MicroBenchmarks/libs/benchmark/src/libbenchmark.a  -lrt && :
/usr/bin/ld: cannot find /usr/lib/llvm-17/lib/clang/17/lib/linux/libclang_rt.xray-x86_64.a: No such file or directory
/usr/bin/ld: cannot find /usr/lib/llvm-17/lib/clang/17/lib/linux/libclang_rt.xray-basic-x86_64.a: No such file or directory
/usr/bin/ld: cannot find /usr/lib/llvm-17/lib/clang/17/lib/linux/libclang_rt.xray-fdr-x86_64.a: No such file or directory
clang++-17: error: linker command failed with exit code 1 (use -v to see invocation)
[1825/7823] Building CXX object MicroBenchmarks/libs/benchmark/test/CMakeFiles/complexity_test.dir/complexity_test.cc.o
ninja: build stopped: subcommand failed.
